
*** Running vivado
    with args -log ultrasonic_distance_meter.vds -m64 -product Vivado -mode batch -messageDb vivado.pb -notrace -source ultrasonic_distance_meter.tcl



****** Vivado v2020.2 (64-bit)
  **** SW Build 3064766 on Wed Nov 18 09:12:45 MST 2020
  **** IP Build 3064653 on Wed Nov 18 14:17:31 MST 2020
    ** Copyright 1986-2020 Xilinx, Inc. All Rights Reserved.

source ultrasonic_distance_meter.tcl -notrace
Command: synth_design -top ultrasonic_distance_meter -part xc7a35tcpg236-1
Starting synth_design
Attempting to get a license for feature 'Synthesis' and/or device 'xc7a35t'
INFO: [Common 17-349] Got license for feature 'Synthesis' and/or device 'xc7a35t'
INFO: [Device 21-403] Loading part xc7a35tcpg236-1
INFO: [Synth 8-7079] Multithreading enabled for synth_design using a maximum of 2 processes.
INFO: [Synth 8-7078] Launching helper process for spawning children vivado processes
INFO: [Synth 8-7075] Helper process launched with PID 4400
---------------------------------------------------------------------------------
Starting RTL Elaboration : Time (s): cpu = 00:00:02 ; elapsed = 00:00:03 . Memory (MB): peak = 1105.023 ; gain = 0.000
---------------------------------------------------------------------------------
INFO: [Synth 8-6157] synthesizing module 'ultrasonic_distance_meter' [C:/Users/kccistc/Desktop/250325_Verilog_Project3/250325_Uart_Sensor/project_1/project_1.srcs/sources_1/new/top.v:1]
INFO: [Synth 8-6157] synthesizing module 'tick_generator' [C:/Users/kccistc/Desktop/250325_Verilog_Project3/250325_Uart_Sensor/project_1/project_1.srcs/sources_1/new/tick_generator.v:1]
INFO: [Synth 8-6155] done synthesizing module 'tick_generator' (1#1) [C:/Users/kccistc/Desktop/250325_Verilog_Project3/250325_Uart_Sensor/project_1/project_1.srcs/sources_1/new/tick_generator.v:1]
INFO: [Synth 8-6157] synthesizing module 'cu' [C:/Users/kccistc/Desktop/250325_Verilog_Project3/250325_Uart_Sensor/project_1/project_1.srcs/sources_1/new/cu.v:1]
	Parameter IDLE bound to: 2'b00 
	Parameter TRIGGER bound to: 2'b01 
	Parameter WAIT_ECHO bound to: 2'b10 
	Parameter COUNT_ECHO bound to: 2'b11 
INFO: [Synth 8-226] default block is never used [C:/Users/kccistc/Desktop/250325_Verilog_Project3/250325_Uart_Sensor/project_1/project_1.srcs/sources_1/new/cu.v:42]
INFO: [Synth 8-226] default block is never used [C:/Users/kccistc/Desktop/250325_Verilog_Project3/250325_Uart_Sensor/project_1/project_1.srcs/sources_1/new/cu.v:84]
INFO: [Synth 8-6155] done synthesizing module 'cu' (2#1) [C:/Users/kccistc/Desktop/250325_Verilog_Project3/250325_Uart_Sensor/project_1/project_1.srcs/sources_1/new/cu.v:1]
INFO: [Synth 8-6157] synthesizing module 'dp' [C:/Users/kccistc/Desktop/250325_Verilog_Project3/250325_Uart_Sensor/project_1/project_1.srcs/sources_1/new/dp.v:1]
INFO: [Synth 8-6155] done synthesizing module 'dp' (3#1) [C:/Users/kccistc/Desktop/250325_Verilog_Project3/250325_Uart_Sensor/project_1/project_1.srcs/sources_1/new/dp.v:1]
INFO: [Synth 8-6157] synthesizing module 'fnd_controller' [C:/Users/kccistc/Desktop/250325_Verilog_Project3/250325_Uart_Sensor/project_1/project_1.srcs/sources_1/new/fnd.v:1]
INFO: [Synth 8-6157] synthesizing module 'clk_divider' [C:/Users/kccistc/Desktop/250325_Verilog_Project3/250325_Uart_Sensor/project_1/project_1.srcs/sources_1/new/fnd.v:213]
	Parameter FCOUNT bound to: 100000 - type: integer 
INFO: [Synth 8-6155] done synthesizing module 'clk_divider' (4#1) [C:/Users/kccistc/Desktop/250325_Verilog_Project3/250325_Uart_Sensor/project_1/project_1.srcs/sources_1/new/fnd.v:213]
INFO: [Synth 8-6157] synthesizing module 'counter_8' [C:/Users/kccistc/Desktop/250325_Verilog_Project3/250325_Uart_Sensor/project_1/project_1.srcs/sources_1/new/fnd.v:246]
INFO: [Synth 8-6155] done synthesizing module 'counter_8' (5#1) [C:/Users/kccistc/Desktop/250325_Verilog_Project3/250325_Uart_Sensor/project_1/project_1.srcs/sources_1/new/fnd.v:246]
INFO: [Synth 8-6157] synthesizing module 'decoder_3x8' [C:/Users/kccistc/Desktop/250325_Verilog_Project3/250325_Uart_Sensor/project_1/project_1.srcs/sources_1/new/fnd.v:267]
INFO: [Synth 8-226] default block is never used [C:/Users/kccistc/Desktop/250325_Verilog_Project3/250325_Uart_Sensor/project_1/project_1.srcs/sources_1/new/fnd.v:273]
INFO: [Synth 8-6155] done synthesizing module 'decoder_3x8' (6#1) [C:/Users/kccistc/Desktop/250325_Verilog_Project3/250325_Uart_Sensor/project_1/project_1.srcs/sources_1/new/fnd.v:267]
INFO: [Synth 8-6157] synthesizing module 'digit_splitter' [C:/Users/kccistc/Desktop/250325_Verilog_Project3/250325_Uart_Sensor/project_1/project_1.srcs/sources_1/new/fnd.v:294]
	Parameter BIT_WIDTH bound to: 7 - type: integer 
INFO: [Synth 8-6155] done synthesizing module 'digit_splitter' (7#1) [C:/Users/kccistc/Desktop/250325_Verilog_Project3/250325_Uart_Sensor/project_1/project_1.srcs/sources_1/new/fnd.v:294]
INFO: [Synth 8-6157] synthesizing module 'digit_splitter__parameterized0' [C:/Users/kccistc/Desktop/250325_Verilog_Project3/250325_Uart_Sensor/project_1/project_1.srcs/sources_1/new/fnd.v:294]
	Parameter BIT_WIDTH bound to: 6 - type: integer 
INFO: [Synth 8-6155] done synthesizing module 'digit_splitter__parameterized0' (7#1) [C:/Users/kccistc/Desktop/250325_Verilog_Project3/250325_Uart_Sensor/project_1/project_1.srcs/sources_1/new/fnd.v:294]
INFO: [Synth 8-6157] synthesizing module 'digit_splitter__parameterized1' [C:/Users/kccistc/Desktop/250325_Verilog_Project3/250325_Uart_Sensor/project_1/project_1.srcs/sources_1/new/fnd.v:294]
	Parameter BIT_WIDTH bound to: 5 - type: integer 
INFO: [Synth 8-6155] done synthesizing module 'digit_splitter__parameterized1' (7#1) [C:/Users/kccistc/Desktop/250325_Verilog_Project3/250325_Uart_Sensor/project_1/project_1.srcs/sources_1/new/fnd.v:294]
INFO: [Synth 8-6157] synthesizing module 'bcdtoseg' [C:/Users/kccistc/Desktop/250325_Verilog_Project3/250325_Uart_Sensor/project_1/project_1.srcs/sources_1/new/fnd.v:367]
INFO: [Synth 8-226] default block is never used [C:/Users/kccistc/Desktop/250325_Verilog_Project3/250325_Uart_Sensor/project_1/project_1.srcs/sources_1/new/fnd.v:372]
INFO: [Synth 8-6155] done synthesizing module 'bcdtoseg' (8#1) [C:/Users/kccistc/Desktop/250325_Verilog_Project3/250325_Uart_Sensor/project_1/project_1.srcs/sources_1/new/fnd.v:367]
INFO: [Synth 8-6155] done synthesizing module 'fnd_controller' (9#1) [C:/Users/kccistc/Desktop/250325_Verilog_Project3/250325_Uart_Sensor/project_1/project_1.srcs/sources_1/new/fnd.v:1]
INFO: [Synth 8-6155] done synthesizing module 'ultrasonic_distance_meter' (10#1) [C:/Users/kccistc/Desktop/250325_Verilog_Project3/250325_Uart_Sensor/project_1/project_1.srcs/sources_1/new/top.v:1]
---------------------------------------------------------------------------------
Finished RTL Elaboration : Time (s): cpu = 00:00:02 ; elapsed = 00:00:03 . Memory (MB): peak = 1105.023 ; gain = 0.000
---------------------------------------------------------------------------------
---------------------------------------------------------------------------------
Start Handling Custom Attributes
---------------------------------------------------------------------------------
---------------------------------------------------------------------------------
Finished Handling Custom Attributes : Time (s): cpu = 00:00:02 ; elapsed = 00:00:04 . Memory (MB): peak = 1105.023 ; gain = 0.000
---------------------------------------------------------------------------------
---------------------------------------------------------------------------------
Finished RTL Optimization Phase 1 : Time (s): cpu = 00:00:02 ; elapsed = 00:00:04 . Memory (MB): peak = 1105.023 ; gain = 0.000
---------------------------------------------------------------------------------
Netlist sorting complete. Time (s): cpu = 00:00:00 ; elapsed = 00:00:00.005 . Memory (MB): peak = 1105.023 ; gain = 0.000
INFO: [Project 1-570] Preparing netlist for logic optimization

Processing XDC Constraints
Initializing timing engine
Parsing XDC File [D:/XDC/Basys-3-Master.xdc]
WARNING: [Vivado 12-584] No ports matched 'btn_clear'. [D:/XDC/Basys-3-Master.xdc:37]
CRITICAL WARNING: [Common 17-55] 'set_property' expects at least one object. [D:/XDC/Basys-3-Master.xdc:37]
Resolution: If [get_<value>] was used to populate the object, check to make sure this command returns at least one valid object.
WARNING: [Vivado 12-584] No ports matched 'btn_run'. [D:/XDC/Basys-3-Master.xdc:38]
CRITICAL WARNING: [Common 17-55] 'set_property' expects at least one object. [D:/XDC/Basys-3-Master.xdc:38]
Resolution: If [get_<value>] was used to populate the object, check to make sure this command returns at least one valid object.
WARNING: [Vivado 12-584] No ports matched 'btn_sec'. [D:/XDC/Basys-3-Master.xdc:39]
CRITICAL WARNING: [Common 17-55] 'set_property' expects at least one object. [D:/XDC/Basys-3-Master.xdc:39]
Resolution: If [get_<value>] was used to populate the object, check to make sure this command returns at least one valid object.
WARNING: [Vivado 12-584] No ports matched 'btn_min'. [D:/XDC/Basys-3-Master.xdc:40]
CRITICAL WARNING: [Common 17-55] 'set_property' expects at least one object. [D:/XDC/Basys-3-Master.xdc:40]
Resolution: If [get_<value>] was used to populate the object, check to make sure this command returns at least one valid object.
WARNING: [Vivado 12-584] No ports matched 'rx'. [D:/XDC/Basys-3-Master.xdc:43]
CRITICAL WARNING: [Common 17-55] 'set_property' expects at least one object. [D:/XDC/Basys-3-Master.xdc:43]
Resolution: If [get_<value>] was used to populate the object, check to make sure this command returns at least one valid object.
WARNING: [Vivado 12-584] No ports matched 'tx'. [D:/XDC/Basys-3-Master.xdc:44]
CRITICAL WARNING: [Common 17-55] 'set_property' expects at least one object. [D:/XDC/Basys-3-Master.xdc:44]
Resolution: If [get_<value>] was used to populate the object, check to make sure this command returns at least one valid object.
Finished Parsing XDC File [D:/XDC/Basys-3-Master.xdc]
INFO: [Project 1-236] Implementation specific constraints were found while reading constraint file [D:/XDC/Basys-3-Master.xdc]. These constraints will be ignored for synthesis but will be used in implementation. Impacted constraints are listed in the file [.Xil/ultrasonic_distance_meter_propImpl.xdc].
Resolution: To avoid this warning, move constraints listed in [.Xil/ultrasonic_distance_meter_propImpl.xdc] to another XDC file and exclude this new file from synthesis with the used_in_synthesis property (File Properties dialog in GUI) and re-run elaboration/synthesis.
Completed Processing XDC Constraints

Netlist sorting complete. Time (s): cpu = 00:00:00 ; elapsed = 00:00:00 . Memory (MB): peak = 1178.059 ; gain = 0.000
INFO: [Project 1-111] Unisim Transformation Summary:
No Unisim elements were transformed.

Constraint Validation Runtime : Time (s): cpu = 00:00:00 ; elapsed = 00:00:00.003 . Memory (MB): peak = 1178.059 ; gain = 0.000
---------------------------------------------------------------------------------
Finished Constraint Validation : Time (s): cpu = 00:00:05 ; elapsed = 00:00:08 . Memory (MB): peak = 1178.059 ; gain = 73.035
---------------------------------------------------------------------------------
---------------------------------------------------------------------------------
Start Loading Part and Timing Information
---------------------------------------------------------------------------------
Loading part: xc7a35tcpg236-1
---------------------------------------------------------------------------------
Finished Loading Part and Timing Information : Time (s): cpu = 00:00:05 ; elapsed = 00:00:08 . Memory (MB): peak = 1178.059 ; gain = 73.035
---------------------------------------------------------------------------------
---------------------------------------------------------------------------------
Start Applying 'set_property' XDC Constraints
---------------------------------------------------------------------------------
---------------------------------------------------------------------------------
Finished applying 'set_property' XDC Constraints : Time (s): cpu = 00:00:05 ; elapsed = 00:00:08 . Memory (MB): peak = 1178.059 ; gain = 73.035
---------------------------------------------------------------------------------
INFO: [Synth 8-802] inferred FSM for state register 'current_state_reg' in module 'cu'
---------------------------------------------------------------------------------------------------
                   State |                     New Encoding |                Previous Encoding 
---------------------------------------------------------------------------------------------------
                    IDLE |                             0001 |                               00
                 TRIGGER |                             0010 |                               01
               WAIT_ECHO |                             0100 |                               10
              COUNT_ECHO |                             1000 |                               11
---------------------------------------------------------------------------------------------------
INFO: [Synth 8-3354] encoded FSM with state register 'current_state_reg' using encoding 'one-hot' in module 'cu'
---------------------------------------------------------------------------------
Finished RTL Optimization Phase 2 : Time (s): cpu = 00:00:05 ; elapsed = 00:00:08 . Memory (MB): peak = 1178.059 ; gain = 73.035
---------------------------------------------------------------------------------
---------------------------------------------------------------------------------
Start RTL Component Statistics 
---------------------------------------------------------------------------------
Detailed RTL Component Info : 
+---Adders : 
	   2 Input   32 Bit       Adders := 2     
	   2 Input   25 Bit       Adders := 1     
	   2 Input   17 Bit       Adders := 1     
	   2 Input    3 Bit       Adders := 1     
+---Registers : 
	               32 Bit    Registers := 2     
	               25 Bit    Registers := 1     
	               17 Bit    Registers := 1     
	                7 Bit    Registers := 1     
	                4 Bit    Registers := 1     
	                3 Bit    Registers := 1     
	                1 Bit    Registers := 9     
+---Muxes : 
	   4 Input   32 Bit        Muxes := 1     
	   2 Input   32 Bit        Muxes := 2     
	   2 Input   17 Bit        Muxes := 1     
	   2 Input    7 Bit        Muxes := 1     
	   4 Input    4 Bit        Muxes := 5     
	   2 Input    4 Bit        Muxes := 4     
	   8 Input    4 Bit        Muxes := 1     
	   4 Input    1 Bit        Muxes := 4     
	   2 Input    1 Bit        Muxes := 3     
---------------------------------------------------------------------------------
Finished RTL Component Statistics 
---------------------------------------------------------------------------------
---------------------------------------------------------------------------------
Start Part Resource Summary
---------------------------------------------------------------------------------
Part Resources:
DSPs: 90 (col length:60)
BRAMs: 100 (col length: RAMB18 60 RAMB36 30)
---------------------------------------------------------------------------------
Finished Part Resource Summary
---------------------------------------------------------------------------------
---------------------------------------------------------------------------------
Start Cross Boundary and Area Optimization
---------------------------------------------------------------------------------
---------------------------------------------------------------------------------
Finished Cross Boundary and Area Optimization : Time (s): cpu = 00:00:07 ; elapsed = 00:00:12 . Memory (MB): peak = 1178.059 ; gain = 73.035
---------------------------------------------------------------------------------
---------------------------------------------------------------------------------
Start Applying XDC Timing Constraints
---------------------------------------------------------------------------------
---------------------------------------------------------------------------------
Finished Applying XDC Timing Constraints : Time (s): cpu = 00:00:09 ; elapsed = 00:00:16 . Memory (MB): peak = 1178.059 ; gain = 73.035
---------------------------------------------------------------------------------
---------------------------------------------------------------------------------
Start Timing Optimization
---------------------------------------------------------------------------------
---------------------------------------------------------------------------------
Finished Timing Optimization : Time (s): cpu = 00:00:10 ; elapsed = 00:00:17 . Memory (MB): peak = 1211.816 ; gain = 106.793
---------------------------------------------------------------------------------
---------------------------------------------------------------------------------
Start Technology Mapping
---------------------------------------------------------------------------------
---------------------------------------------------------------------------------
Finished Technology Mapping : Time (s): cpu = 00:00:10 ; elapsed = 00:00:17 . Memory (MB): peak = 1212.875 ; gain = 107.852
---------------------------------------------------------------------------------
---------------------------------------------------------------------------------
Start IO Insertion
---------------------------------------------------------------------------------
---------------------------------------------------------------------------------
Start Flattening Before IO Insertion
---------------------------------------------------------------------------------
---------------------------------------------------------------------------------
Finished Flattening Before IO Insertion
---------------------------------------------------------------------------------
---------------------------------------------------------------------------------
Start Final Netlist Cleanup
---------------------------------------------------------------------------------
---------------------------------------------------------------------------------
Finished Final Netlist Cleanup
---------------------------------------------------------------------------------
---------------------------------------------------------------------------------
Finished IO Insertion : Time (s): cpu = 00:00:11 ; elapsed = 00:00:20 . Memory (MB): peak = 1212.875 ; gain = 107.852
---------------------------------------------------------------------------------
---------------------------------------------------------------------------------
Start Renaming Generated Instances
---------------------------------------------------------------------------------
---------------------------------------------------------------------------------
Finished Renaming Generated Instances : Time (s): cpu = 00:00:11 ; elapsed = 00:00:20 . Memory (MB): peak = 1212.875 ; gain = 107.852
---------------------------------------------------------------------------------
---------------------------------------------------------------------------------
Start Rebuilding User Hierarchy
---------------------------------------------------------------------------------
---------------------------------------------------------------------------------
Finished Rebuilding User Hierarchy : Time (s): cpu = 00:00:11 ; elapsed = 00:00:20 . Memory (MB): peak = 1212.875 ; gain = 107.852
---------------------------------------------------------------------------------
---------------------------------------------------------------------------------
Start Renaming Generated Ports
---------------------------------------------------------------------------------
---------------------------------------------------------------------------------
Finished Renaming Generated Ports : Time (s): cpu = 00:00:11 ; elapsed = 00:00:20 . Memory (MB): peak = 1212.875 ; gain = 107.852
---------------------------------------------------------------------------------
---------------------------------------------------------------------------------
Start Handling Custom Attributes
---------------------------------------------------------------------------------
---------------------------------------------------------------------------------
Finished Handling Custom Attributes : Time (s): cpu = 00:00:11 ; elapsed = 00:00:20 . Memory (MB): peak = 1212.875 ; gain = 107.852
---------------------------------------------------------------------------------
---------------------------------------------------------------------------------
Start Renaming Generated Nets
---------------------------------------------------------------------------------
---------------------------------------------------------------------------------
Finished Renaming Generated Nets : Time (s): cpu = 00:00:11 ; elapsed = 00:00:20 . Memory (MB): peak = 1212.875 ; gain = 107.852
---------------------------------------------------------------------------------
---------------------------------------------------------------------------------
Start Writing Synthesis Report
---------------------------------------------------------------------------------

Report BlackBoxes: 
+-+--------------+----------+
| |BlackBox name |Instances |
+-+--------------+----------+
+-+--------------+----------+

Report Cell Usage: 
+------+-------+------+
|      |Cell   |Count |
+------+-------+------+
|1     |BUFG   |     1|
|2     |CARRY4 |   173|
|3     |LUT1   |    31|
|4     |LUT2   |   256|
|5     |LUT3   |   242|
|6     |LUT4   |    96|
|7     |LUT5   |   159|
|8     |LUT6   |   353|
|9     |FDCE   |   128|
|10    |FDPE   |     1|
|11    |IBUF   |     4|
|12    |OBUF   |    17|
+------+-------+------+
---------------------------------------------------------------------------------
Finished Writing Synthesis Report : Time (s): cpu = 00:00:11 ; elapsed = 00:00:20 . Memory (MB): peak = 1212.875 ; gain = 107.852
---------------------------------------------------------------------------------
Synthesis finished with 0 errors, 0 critical warnings and 0 warnings.
Synthesis Optimization Runtime : Time (s): cpu = 00:00:08 ; elapsed = 00:00:19 . Memory (MB): peak = 1212.875 ; gain = 34.816
Synthesis Optimization Complete : Time (s): cpu = 00:00:11 ; elapsed = 00:00:20 . Memory (MB): peak = 1212.875 ; gain = 107.852
INFO: [Project 1-571] Translating synthesized netlist
Netlist sorting complete. Time (s): cpu = 00:00:00 ; elapsed = 00:00:00.014 . Memory (MB): peak = 1224.719 ; gain = 0.000
INFO: [Netlist 29-17] Analyzing 173 Unisim elements for replacement
INFO: [Netlist 29-28] Unisim Transformation completed in 0 CPU seconds
INFO: [Project 1-570] Preparing netlist for logic optimization
INFO: [Opt 31-138] Pushed 0 inverter(s) to 0 load pin(s).
Netlist sorting complete. Time (s): cpu = 00:00:00 ; elapsed = 00:00:00 . Memory (MB): peak = 1224.719 ; gain = 0.000
INFO: [Project 1-111] Unisim Transformation Summary:
No Unisim elements were transformed.

INFO: [Common 17-83] Releasing license: Synthesis
45 Infos, 6 Warnings, 6 Critical Warnings and 0 Errors encountered.
synth_design completed successfully
synth_design: Time (s): cpu = 00:00:14 ; elapsed = 00:00:25 . Memory (MB): peak = 1224.719 ; gain = 119.695
INFO: [runtcl-6] Synthesis results are not added to the cache due to CRITICAL_WARNING
INFO: [Common 17-1381] The checkpoint 'C:/Users/kccistc/Desktop/250325_Verilog_Project3/250325_Uart_Sensor/project_1/project_1.runs/synth_1/ultrasonic_distance_meter.dcp' has been generated.
INFO: [runtcl-4] Executing : report_utilization -file ultrasonic_distance_meter_utilization_synth.rpt -pb ultrasonic_distance_meter_utilization_synth.pb
INFO: [Common 17-206] Exiting Vivado at Tue Mar 25 11:43:49 2025...
