Copyright 1986-2020 Xilinx, Inc. All Rights Reserved.
------------------------------------------------------------------------------------------------------
| Tool Version : Vivado v.2020.2 (win64) Build 3064766 Wed Nov 18 09:12:45 MST 2020
| Date         : Tue Mar 25 16:27:16 2025
| Host         : DESKTOP-7CFQ9ND running 64-bit major release  (build 9200)
| Command      : report_control_sets -verbose -file ultrasonic_distance_meter_control_sets_placed.rpt
| Design       : ultrasonic_distance_meter
| Device       : xc7a35t
------------------------------------------------------------------------------------------------------

Control Set Information

Table of Contents
-----------------
1. Summary
2. Histogram
3. Flip-Flop Distribution
4. Detailed Control Set Information

1. Summary
----------

+----------------------------------------------------------+-------+
|                          Status                          | Count |
+----------------------------------------------------------+-------+
| Total control sets                                       |     8 |
|    Minimum number of control sets                        |     8 |
|    Addition due to synthesis replication                 |     0 |
|    Addition due to physical synthesis replication        |     0 |
| Unused register locations in slices containing registers |    19 |
+----------------------------------------------------------+-------+
* Control sets can be merged at opt_design using control_set_merge or merge_equivalent_drivers
** Run report_qor_suggestions for automated merging and remapping suggestions


2. Histogram
------------

+--------------------+-------+
|       Fanout       | Count |
+--------------------+-------+
| Total control sets |     8 |
| >= 0 to < 4        |     1 |
| >= 4 to < 6        |     0 |
| >= 6 to < 8        |     1 |
| >= 8 to < 10       |     1 |
| >= 10 to < 12      |     0 |
| >= 12 to < 14      |     0 |
| >= 14 to < 16      |     0 |
| >= 16              |     5 |
+--------------------+-------+
* Control sets can be remapped at either synth_design or opt_design


3. Flip-Flop Distribution
-------------------------

+--------------+-----------------------+------------------------+-----------------+--------------+
| Clock Enable | Synchronous Set/Reset | Asynchronous Set/Reset | Total Registers | Total Slices |
+--------------+-----------------------+------------------------+-----------------+--------------+
| No           | No                    | No                     |               0 |            0 |
| No           | No                    | Yes                    |             141 |           43 |
| No           | Yes                   | No                     |               0 |            0 |
| Yes          | No                    | No                     |               0 |            0 |
| Yes          | No                    | Yes                    |             144 |           44 |
| Yes          | Yes                   | No                     |               0 |            0 |
+--------------+-----------------------+------------------------+-----------------+--------------+


4. Detailed Control Set Information
-----------------------------------

+---------------------------------------------+-----------------------------------+------------------+------------------+----------------+--------------+
|                 Clock Signal                |           Enable Signal           | Set/Reset Signal | Slice Load Count | Bel Load Count | Bels / Slice |
+---------------------------------------------+-----------------------------------+------------------+------------------+----------------+--------------+
|  U_fnd_controller/U_clk_divider/r_clk_reg_0 |                                   | reset_IBUF       |                1 |              2 |         2.00 |
|  clk_IBUF_BUFG                              | U_dp/msec[6]_i_1_n_0              | reset_IBUF       |                2 |              7 |         3.50 |
|  clk_IBUF_BUFG                              | U_cu/error_count[7]_i_1_n_0       | reset_IBUF       |                4 |              8 |         2.00 |
|  clk_IBUF_BUFG                              | U_cu/idle_counter[31]_i_1_n_0     | reset_IBUF       |                8 |             32 |         4.00 |
|  clk_IBUF_BUFG                              | U_dp/distance_counter[31]_i_1_n_0 | reset_IBUF       |                8 |             32 |         4.00 |
|  clk_IBUF_BUFG                              | U_dp/timeout_counter[31]_i_1_n_0  | reset_IBUF       |               13 |             32 |         2.46 |
|  clk_IBUF_BUFG                              | U_cu/counter[31]_i_1_n_0          | reset_IBUF       |                9 |             33 |         3.67 |
|  clk_IBUF_BUFG                              |                                   | reset_IBUF       |               42 |            139 |         3.31 |
+---------------------------------------------+-----------------------------------+------------------+------------------+----------------+--------------+


