#
# There is insufficient memory for the Java Runtime Environment to continue.
# Native memory allocation (malloc) failed to allocate 872336 bytes for Chunk::new
# Possible reasons:
#   The system is out of physical RAM or swap space
#   The process is running with CompressedOops enabled, and the Java Heap may be blocking the growth of the native heap
# Possible solutions:
#   Reduce memory load on the system
#   Increase physical memory or swap space
#   Check if swap backing store is full
#   Decrease Java heap size (-Xmx/-Xms)
#   Decrease number of Java threads
#   Decrease Java thread stack sizes (-Xss)
#   Set larger code cache with -XX:ReservedCodeCacheSize=
#   JVM is running with Zero Based Compressed Oops mode in which the Java heap is
#     placed in the first 32GB address space. The Java Heap base address is the
#     maximum limit for the native heap growth. Please use -XX:HeapBaseMinAddress
#     to set the Java Heap base and to place the Java Heap above 32GB virtual address.
# This output file may be truncated or incomplete.
#
#  Out of Memory Error (t:/workspace/open/src/hotspot/share/memory/arena.cpp:197), pid=14340, tid=4336
#
# JRE version: OpenJDK Runtime Environment (11.0.2+9) (build 11.0.2+9)
# Java VM: OpenJDK 64-Bit Server VM (11.0.2+9, mixed mode, tiered, compressed oops, g1 gc, windows-amd64)
# No core dump will be written. Minidumps are not enabled by default on client versions of Windows
#

---------------  S U M M A R Y ------------

Command Line: -Dsun.java2d.pmoffscreen=false -Dhttps.protocols=TLSv1,TLSv1.1,TLSv1.2 -Dsun.java2d.xrender=false -Dsun.java2d.d3d=false -Dsun.awt.nopixfmt=true -Dsun.java2d.dpiaware=true -Dsun.java2d.uiScale.enabled=false -Xverify:none -Dswing.aatext=true -XX:-UsePerfData -Djdk.map.althashing.threshold=512 -XX:StringTableSize=4072 --add-opens=java.base/java.nio=ALL-UNNAMED --add-opens=java.desktop/sun.swing=ALL-UNNAMED --add-opens=java.desktop/javax.swing=ALL-UNNAMED --add-opens=java.desktop/javax.swing.tree=ALL-UNNAMED --add-opens=java.desktop/javax.swing.plaf.basic=ALL-UNNAMED --add-opens=java.desktop/javax.swing.plaf.synth=ALL-UNNAMED --add-opens=java.desktop/com.sun.awt=ALL-UNNAMED -XX:NewSize=60m -XX:MaxNewSize=60m -Xms128m -Xmx3072m -Xss5m 

Host: 12th Gen Intel(R) Core(TM) i7-1260P, 16 cores, 15G,  Windows 10 , 64 bit Build 26100 (10.0.26100.3323)
Time: Mon Mar 31 09:08:25 2025 대한민국 표준시 elapsed time: 393 seconds (0d 0h 6m 33s)

---------------  T H R E A D  ---------------

Current thread (0x00000236578dc800):  JavaThread "C2 CompilerThread0" daemon [_thread_in_native, id=4336, stack(0x00000098ffd00000,0x00000098ffe00000)]


Current CompileTask:
C2: 393468 16801       4       java.awt.image.BufferedImage::<init> (913 bytes)

Stack: [0x00000098ffd00000,0x00000098ffe00000]
Native frames: (J=compiled Java code, j=interpreted, Vv=VM code, C=native code)
V  [jvm.dll+0x63489a]
V  [jvm.dll+0x771f9f]
V  [jvm.dll+0x773648]
V  [jvm.dll+0x773d03]
V  [jvm.dll+0x25eba8]
V  [jvm.dll+0xc2191]
V  [jvm.dll+0xc271c]
V  [jvm.dll+0x36cc02]
V  [jvm.dll+0x339b13]
V  [jvm.dll+0x338eea]
V  [jvm.dll+0x2189c5]
V  [jvm.dll+0x217b6a]
V  [jvm.dll+0x194370]
V  [jvm.dll+0x226b3f]
V  [jvm.dll+0x225148]
V  [jvm.dll+0x73774d]
V  [jvm.dll+0x633942]
C  [ucrtbase.dll+0x37b0]
C  [KERNEL32.DLL+0x2e8d7]
C  [ntdll.dll+0xbbf6c]


---------------  P R O C E S S  ---------------

Threads class SMR info:
_java_thread_list=0x0000023651b35370, length=34, elements={
0x000002361aafa800, 0x0000023657c4b800, 0x0000023657c4d000, 0x0000023657c4f800,
0x0000023657b32800, 0x00000236578dc800, 0x00000236578dd000, 0x0000023657788800,
0x0000023637908000, 0x000002363791f000, 0x0000023634503000, 0x0000023634504000,
0x00000236345e9800, 0x0000023634779000, 0x000002364d9a7800, 0x000002364d9aa000,
0x000002364d9a8000, 0x000002364d9aa800, 0x000002364d9ab800, 0x000002364d9ac800,
0x000002364ef4f800, 0x000002364ef4f000, 0x000002364ef50800, 0x000002364ef52000,
0x000002364ef53000, 0x000002364ef55800, 0x000002364ef57000, 0x000002364ef58000,
0x000002364ef56000, 0x000002364ef5b000, 0x000002364ef5a800, 0x000002364d9ad000,
0x0000023652131800, 0x0000023652132000
}

Java Threads: ( => current thread )
  0x000002361aafa800 JavaThread "main" [_thread_blocked, id=9840, stack(0x00000098fe200000,0x00000098fe300000)]
  0x0000023657c4b800 JavaThread "Reference Handler" daemon [_thread_blocked, id=7456, stack(0x00000098fe900000,0x00000098fee00000)]
  0x0000023657c4d000 JavaThread "Finalizer" daemon [_thread_blocked, id=14392, stack(0x00000098fee00000,0x00000098ff300000)]
  0x0000023657c4f800 JavaThread "Signal Dispatcher" daemon [_thread_blocked, id=12888, stack(0x00000098ff300000,0x00000098ff800000)]
  0x0000023657b32800 JavaThread "Attach Listener" daemon [_thread_blocked, id=17636, stack(0x00000098ff800000,0x00000098ffd00000)]
=>0x00000236578dc800 JavaThread "C2 CompilerThread0" daemon [_thread_in_native, id=4336, stack(0x00000098ffd00000,0x00000098ffe00000)]
  0x00000236578dd000 JavaThread "C1 CompilerThread0" daemon [_thread_blocked, id=17036, stack(0x00000098ffe00000,0x00000098fff00000)]
  0x0000023657788800 JavaThread "Sweeper thread" daemon [_thread_blocked, id=16224, stack(0x0000009880000000,0x0000009880500000)]
  0x0000023637908000 JavaThread "Common-Cleaner" daemon [_thread_blocked, id=22520, stack(0x0000009880600000,0x0000009880b00000)]
  0x000002363791f000 JavaThread "Service Thread" daemon [_thread_blocked, id=9932, stack(0x0000009880b00000,0x0000009881000000)]
  0x0000023634503000 JavaThread "Java2D Disposer" daemon [_thread_blocked, id=16980, stack(0x0000009881100000,0x0000009881600000)]
  0x0000023634504000 JavaThread "AWT-Shutdown" [_thread_blocked, id=20416, stack(0x0000009881600000,0x0000009881b00000)]
  0x00000236345e9800 JavaThread "AWT-Windows" daemon [_thread_in_native, id=3556, stack(0x0000009881b00000,0x0000009882000000)]
  0x0000023634779000 JavaThread "TimerQueue" daemon [_thread_blocked, id=18952, stack(0x0000009882200000,0x0000009882700000)]
  0x000002364d9a7800 JavaThread "AWT-EventQueue-0" [_thread_in_native, id=9004, stack(0x0000009883100000,0x0000009883600000)]
  0x000002364d9aa000 JavaThread "Thread-1" [_thread_in_native, id=21236, stack(0x00000098fcb00000,0x00000098fdf00000)]
  0x000002364d9a8000 JavaThread "Process Messages Thread" [_thread_blocked, id=19520, stack(0x0000009883b00000,0x0000009884000000)]
  0x000002364d9aa800 JavaThread "Batik CleanerThread" daemon [_thread_blocked, id=19836, stack(0x0000009883600000,0x0000009883b00000)]
  0x000002364d9ab800 JavaThread "Image Animator 3" daemon [_thread_blocked, id=1336, stack(0x0000009884d00000,0x0000009885200000)]
  0x000002364d9ac800 JavaThread "SyntheticaCleanerThread" daemon [_thread_blocked, id=13284, stack(0x0000009885200000,0x0000009885700000)]
  0x000002364ef4f800 JavaThread "Monitor HEventQueue Thread" [_thread_blocked, id=9056, stack(0x0000009885e00000,0x0000009886300000)]
  0x000002364ef4f000 JavaThread "SyntheticaAnimation 50" daemon [_thread_blocked, id=22320, stack(0x0000009886300000,0x0000009886800000)]
  0x000002364ef50800 JavaThread "SyntheticaAnimation 25" daemon [_thread_blocked, id=8268, stack(0x0000009886900000,0x0000009886e00000)]
  0x000002364ef52000 JavaThread "SyntheticaAnimation 70" daemon [_thread_blocked, id=13124, stack(0x0000009887300000,0x0000009887800000)]
  0x000002364ef53000 JavaThread "Refresh Filesets Swing Worker Thread" [_thread_blocked, id=13944, stack(0x0000009887800000,0x0000009887d00000)]
  0x000002364ef55800 JavaThread "hw_ila_monitor" [_thread_blocked, id=18108, stack(0x0000009885700000,0x0000009885c00000)]
  0x000002364ef57000 JavaThread "pool-1-thread-1" [_thread_blocked, id=10452, stack(0x0000009887e00000,0x0000009888300000)]
  0x000002364ef58000 JavaThread "pool-2-thread-1" [_thread_blocked, id=9508, stack(0x0000009888300000,0x0000009888800000)]
  0x000002364ef56000 JavaThread "pool-3-thread-1" [_thread_blocked, id=3400, stack(0x0000009888800000,0x0000009888d00000)]
  0x000002364ef5b000 JavaThread "Update Runs Swing Worker Thread" [_thread_blocked, id=9816, stack(0x0000009888d00000,0x0000009889200000)]
  0x000002364ef5a800 JavaThread "Image Animator 3" daemon [_thread_blocked, id=6356, stack(0x0000009889200000,0x0000009889700000)]
  0x000002364d9ad000 JavaThread "SyntheticaAnimation 50" daemon [_thread_blocked, id=20092, stack(0x0000009889700000,0x0000009889c00000)]
  0x0000023652131800 JavaThread "SyntheticaAnimation 50" daemon [_thread_blocked, id=1180, stack(0x0000009882700000,0x0000009882c00000)]
  0x0000023652132000 JavaThread "Image Fetcher 0" daemon [_thread_blocked, id=17016, stack(0x0000009886e00000,0x0000009887300000)]

Other Threads:
  0x0000023637476800 VMThread "VM Thread" [stack: 0x00000098fe800000,0x00000098fe900000] [id=2936]
  0x0000023637920000 WatcherThread [stack: 0x0000009881000000,0x0000009881100000] [id=19104]
  0x000002365754b000 GCTaskThread "GC Thread#0" [stack: 0x00000098fe300000,0x00000098fe400000] [id=21912]
  0x0000023632abc800 GCTaskThread "GC Thread#1" [stack: 0x0000009884000000,0x0000009884100000] [id=9848]
  0x0000023634caa800 GCTaskThread "GC Thread#2" [stack: 0x0000009884100000,0x0000009884200000] [id=10236]
  0x0000023634cab000 GCTaskThread "GC Thread#3" [stack: 0x0000009884200000,0x0000009884300000] [id=16216]
  0x0000023634cce000 GCTaskThread "GC Thread#4" [stack: 0x0000009884300000,0x0000009884400000] [id=3052]
  0x0000023634ccf000 GCTaskThread "GC Thread#5" [stack: 0x0000009884400000,0x0000009884500000] [id=14360]
  0x000002364d995000 GCTaskThread "GC Thread#6" [stack: 0x0000009884500000,0x0000009884600000] [id=17992]
  0x000002364d996000 GCTaskThread "GC Thread#7" [stack: 0x0000009884600000,0x0000009884700000] [id=1776]
  0x000002364dad4800 GCTaskThread "GC Thread#8" [stack: 0x0000009884700000,0x0000009884800000] [id=15408]
  0x00000236345c1000 GCTaskThread "GC Thread#9" [stack: 0x0000009884800000,0x0000009884900000] [id=18892]
  0x00000236345c2800 GCTaskThread "GC Thread#10" [stack: 0x0000009884900000,0x0000009884a00000] [id=22216]
  0x00000236345c3000 GCTaskThread "GC Thread#11" [stack: 0x0000009884a00000,0x0000009884b00000] [id=3300]
  0x00000236502ea000 GCTaskThread "GC Thread#12" [stack: 0x0000009882d00000,0x0000009882e00000] [id=9284]
  0x00000236574c1000 ConcurrentGCThread "G1 Main Marker" [stack: 0x00000098fe400000,0x00000098fe500000] [id=20348]
  0x000002363d40d800 ConcurrentGCThread "G1 Conc#0" [stack: 0x00000098fe500000,0x00000098fe600000] [id=14104]
  0x00000236578e9800 ConcurrentGCThread "G1 Conc#1" [stack: 0x0000009884b00000,0x0000009884c00000] [id=17376]
  0x00000236578ec000 ConcurrentGCThread "G1 Conc#2" [stack: 0x0000009884c00000,0x0000009884d00000] [id=16968]
  0x0000023657a49800 ConcurrentGCThread "G1 Refine#0" [stack: 0x00000098fe600000,0x00000098fe700000] [id=2168]
  0x000002363237f800 ConcurrentGCThread "G1 Refine#1" [stack: 0x0000009886800000,0x0000009886900000] [id=20744]
  0x0000023659b93800 ConcurrentGCThread "G1 Refine#2" [stack: 0x0000009882e00000,0x0000009882f00000] [id=12400]
  0x000002361b1ce000 ConcurrentGCThread "G1 Young RemSet Sampling" [stack: 0x00000098fe700000,0x00000098fe800000] [id=19176]

Threads with active compile tasks:
C2 CompilerThread016801       4       java.awt.image.BufferedImage::<init> (913 bytes)

VM state:not at safepoint (normal execution)

VM Mutex/Monitor currently owned by a thread: None

OutOfMemory and StackOverflow Exception counts:
OutOfMemoryError java_heap_errors=2
LinkageErrors=123

Heap address: 0x0000000740000000, size: 3072 MB, Compressed Oops mode: Zero based, Oop shift amount: 3
Narrow klass base: 0x0000000800000000, Narrow klass shift: 0
Compressed class space size: 1073741824 Address: 0x0000000800000000

Heap:
 garbage-first heap   total 157696K, used 121811K [0x0000000740000000, 0x0000000800000000)
  region size 1024K, 36 young (36864K), 4 survivors (4096K)
 Metaspace       used 85188K, capacity 87182K, committed 87376K, reserved 1124352K
  class space    used 11622K, capacity 12542K, committed 12544K, reserved 1048576K
Heap Regions: E=young(eden), S=young(survivor), O=old, HS=humongous(starts), HC=humongous(continues), CS=collection set, F=free, A=archive, TAMS=top-at-mark-start (previous, next)
|   0|0x0000000740000000, 0x0000000740100000, 0x0000000740100000|100%|HS|  |TAMS 0x0000000740100000, 0x0000000740000000| Complete 
|   1|0x0000000740100000, 0x0000000740200000, 0x0000000740200000|100%|HC|  |TAMS 0x0000000740200000, 0x0000000740100000| Complete 
|   2|0x0000000740200000, 0x0000000740300000, 0x0000000740300000|100%|HS|  |TAMS 0x0000000740300000, 0x0000000740200000| Complete 
|   3|0x0000000740300000, 0x00000007403fffe8, 0x0000000740400000| 99%| O|  |TAMS 0x00000007403fffe8, 0x0000000740300000| Untracked 
|   4|0x0000000740400000, 0x00000007404f5dd8, 0x0000000740500000| 96%| O|  |TAMS 0x00000007404f5dd8, 0x0000000740400000| Untracked 
|   5|0x0000000740500000, 0x00000007405fffc8, 0x0000000740600000| 99%| O|  |TAMS 0x00000007405fffc8, 0x0000000740500000| Untracked 
|   6|0x0000000740600000, 0x00000007406ffd58, 0x0000000740700000| 99%| O|  |TAMS 0x00000007406ffd58, 0x0000000740600000| Untracked 
|   7|0x0000000740700000, 0x00000007407fe930, 0x0000000740800000| 99%| O|  |TAMS 0x00000007407fe930, 0x0000000740700000| Untracked 
|   8|0x0000000740800000, 0x00000007408ffff8, 0x0000000740900000| 99%| O|  |TAMS 0x00000007408ffff8, 0x0000000740800000| Untracked 
|   9|0x0000000740900000, 0x0000000740a00000, 0x0000000740a00000|100%| O|  |TAMS 0x0000000740a00000, 0x0000000740900000| Untracked 
|  10|0x0000000740a00000, 0x0000000740affd20, 0x0000000740b00000| 99%| O|  |TAMS 0x0000000740affd20, 0x0000000740a00000| Untracked 
|  11|0x0000000740b00000, 0x0000000740c00000, 0x0000000740c00000|100%| O|  |TAMS 0x0000000740c00000, 0x0000000740b00000| Untracked 
|  12|0x0000000740c00000, 0x0000000740cffff8, 0x0000000740d00000| 99%| O|  |TAMS 0x0000000740cffff8, 0x0000000740c00000| Untracked 
|  13|0x0000000740d00000, 0x0000000740de8ac8, 0x0000000740e00000| 90%| O|  |TAMS 0x0000000740de8ac8, 0x0000000740d00000| Untracked 
|  14|0x0000000740e00000, 0x0000000740effff0, 0x0000000740f00000| 99%| O|  |TAMS 0x0000000740effff0, 0x0000000740e00000| Untracked 
|  15|0x0000000740f00000, 0x0000000740ff70c0, 0x0000000741000000| 96%| O|  |TAMS 0x0000000740ff70c0, 0x0000000740f00000| Untracked 
|  16|0x0000000741000000, 0x0000000741100000, 0x0000000741100000|100%| O|  |TAMS 0x0000000741100000, 0x0000000741000000| Untracked 
|  17|0x0000000741100000, 0x0000000741200000, 0x0000000741200000|100%| O|  |TAMS 0x0000000741200000, 0x0000000741100000| Untracked 
|  18|0x0000000741200000, 0x00000007412ef2d0, 0x0000000741300000| 93%| O|  |TAMS 0x00000007412ef2d0, 0x0000000741200000| Untracked 
|  19|0x0000000741300000, 0x00000007413ffff0, 0x0000000741400000| 99%| O|  |TAMS 0x00000007413ffff0, 0x0000000741300000| Untracked 
|  20|0x0000000741400000, 0x00000007414ff890, 0x0000000741500000| 99%| O|  |TAMS 0x00000007414ff890, 0x0000000741400000| Untracked 
|  21|0x0000000741500000, 0x0000000741600000, 0x0000000741600000|100%|HS|  |TAMS 0x0000000741600000, 0x0000000741500000| Complete 
|  22|0x0000000741600000, 0x00000007416ffff8, 0x0000000741700000| 99%| O|  |TAMS 0x00000007416ffff8, 0x0000000741600000| Untracked 
|  23|0x0000000741700000, 0x00000007417fffe8, 0x0000000741800000| 99%| O|  |TAMS 0x00000007417fffe8, 0x0000000741700000| Untracked 
|  24|0x0000000741800000, 0x00000007418ffff0, 0x0000000741900000| 99%| O|  |TAMS 0x00000007418ffff0, 0x0000000741800000| Untracked 
|  25|0x0000000741900000, 0x0000000741a00000, 0x0000000741a00000|100%| O|  |TAMS 0x0000000741a00000, 0x0000000741900000| Untracked 
|  26|0x0000000741a00000, 0x0000000741afff40, 0x0000000741b00000| 99%| O|  |TAMS 0x0000000741afff40, 0x0000000741a00000| Untracked 
|  27|0x0000000741b00000, 0x0000000741bffff8, 0x0000000741c00000| 99%| O|  |TAMS 0x0000000741bffff8, 0x0000000741b00000| Untracked 
|  28|0x0000000741c00000, 0x0000000741cffe08, 0x0000000741d00000| 99%| O|  |TAMS 0x0000000741cffe08, 0x0000000741c00000| Untracked 
|  29|0x0000000741d00000, 0x0000000741e00000, 0x0000000741e00000|100%| O|  |TAMS 0x0000000741e00000, 0x0000000741d00000| Untracked 
|  30|0x0000000741e00000, 0x0000000741effff0, 0x0000000741f00000| 99%| O|  |TAMS 0x0000000741effff0, 0x0000000741e00000| Untracked 
|  31|0x0000000741f00000, 0x0000000741fd7d78, 0x0000000742000000| 84%| O|  |TAMS 0x0000000741fd7d78, 0x0000000741f00000| Untracked 
|  32|0x0000000742000000, 0x00000007420ffff0, 0x0000000742100000| 99%| O|  |TAMS 0x00000007420ffff0, 0x0000000742000000| Untracked 
|  33|0x0000000742100000, 0x00000007421f6ea0, 0x0000000742200000| 96%| O|  |TAMS 0x00000007421f6ea0, 0x0000000742100000| Untracked 
|  34|0x0000000742200000, 0x00000007422ffdf0, 0x0000000742300000| 99%| O|  |TAMS 0x00000007422ffdf0, 0x0000000742200000| Untracked 
|  35|0x0000000742300000, 0x00000007423fff80, 0x0000000742400000| 99%| O|  |TAMS 0x00000007423fff80, 0x0000000742300000| Untracked 
|  36|0x0000000742400000, 0x0000000742500000, 0x0000000742500000|100%| O|  |TAMS 0x0000000742500000, 0x0000000742400000| Untracked 
|  37|0x0000000742500000, 0x00000007425ffff8, 0x0000000742600000| 99%| O|  |TAMS 0x00000007425ffff8, 0x0000000742500000| Untracked 
|  38|0x0000000742600000, 0x0000000742700000, 0x0000000742700000|100%| O|  |TAMS 0x0000000742700000, 0x0000000742600000| Untracked 
|  39|0x0000000742700000, 0x00000007427c07d0, 0x0000000742800000| 75%| O|  |TAMS 0x00000007427c07d0, 0x0000000742700000| Untracked 
|  40|0x0000000742800000, 0x00000007428ffff8, 0x0000000742900000| 99%| O|  |TAMS 0x00000007428ffff8, 0x0000000742800000| Untracked 
|  41|0x0000000742900000, 0x0000000742a00000, 0x0000000742a00000|100%| O|  |TAMS 0x0000000742a00000, 0x0000000742900000| Untracked 
|  42|0x0000000742a00000, 0x0000000742affff0, 0x0000000742b00000| 99%| O|  |TAMS 0x0000000742affff0, 0x0000000742a00000| Untracked 
|  43|0x0000000742b00000, 0x0000000742c00000, 0x0000000742c00000|100%|HS|  |TAMS 0x0000000742c00000, 0x0000000742b00000| Complete 
|  44|0x0000000742c00000, 0x0000000742d00000, 0x0000000742d00000|100%|HC|  |TAMS 0x0000000742d00000, 0x0000000742c00000| Complete 
|  45|0x0000000742d00000, 0x0000000742e00000, 0x0000000742e00000|100%|HC|  |TAMS 0x0000000742e00000, 0x0000000742d00000| Complete 
|  46|0x0000000742e00000, 0x0000000742f00000, 0x0000000742f00000|100%|HC|  |TAMS 0x0000000742f00000, 0x0000000742e00000| Complete 
|  47|0x0000000742f00000, 0x0000000743000000, 0x0000000743000000|100%|HC|  |TAMS 0x0000000743000000, 0x0000000742f00000| Complete 
|  48|0x0000000743000000, 0x0000000743100000, 0x0000000743100000|100%|HC|  |TAMS 0x0000000743100000, 0x0000000743000000| Complete 
|  49|0x0000000743100000, 0x0000000743200000, 0x0000000743200000|100%|HC|  |TAMS 0x0000000743200000, 0x0000000743100000| Complete 
|  50|0x0000000743200000, 0x0000000743300000, 0x0000000743300000|100%|HC|  |TAMS 0x0000000743300000, 0x0000000743200000| Complete 
|  51|0x0000000743300000, 0x0000000743400000, 0x0000000743400000|100%|HC|  |TAMS 0x0000000743400000, 0x0000000743300000| Complete 
|  52|0x0000000743400000, 0x0000000743500000, 0x0000000743500000|100%|HC|  |TAMS 0x0000000743500000, 0x0000000743400000| Complete 
|  53|0x0000000743500000, 0x0000000743600000, 0x0000000743600000|100%|HC|  |TAMS 0x0000000743600000, 0x0000000743500000| Complete 
|  54|0x0000000743600000, 0x0000000743700000, 0x0000000743700000|100%|HC|  |TAMS 0x0000000743700000, 0x0000000743600000| Complete 
|  55|0x0000000743700000, 0x0000000743800000, 0x0000000743800000|100%|HC|  |TAMS 0x0000000743800000, 0x0000000743700000| Complete 
|  56|0x0000000743800000, 0x0000000743900000, 0x0000000743900000|100%|HC|  |TAMS 0x0000000743900000, 0x0000000743800000| Complete 
|  57|0x0000000743900000, 0x00000007439fffc8, 0x0000000743a00000| 99%| O|  |TAMS 0x00000007439fffc8, 0x0000000743900000| Untracked 
|  58|0x0000000743a00000, 0x0000000743affff8, 0x0000000743b00000| 99%| O|  |TAMS 0x0000000743affff8, 0x0000000743a00000| Untracked 
|  59|0x0000000743b00000, 0x0000000743c00000, 0x0000000743c00000|100%| O|  |TAMS 0x0000000743c00000, 0x0000000743b00000| Untracked 
|  60|0x0000000743c00000, 0x0000000743c7e9c0, 0x0000000743d00000| 49%| O|  |TAMS 0x0000000743c7e9c0, 0x0000000743c00000| Untracked 
|  61|0x0000000743d00000, 0x0000000743dfffe8, 0x0000000743e00000| 99%| O|  |TAMS 0x0000000743dfffe8, 0x0000000743d00000| Untracked 
|  62|0x0000000743e00000, 0x0000000743e473d8, 0x0000000743f00000| 27%| O|  |TAMS 0x0000000743e473d8, 0x0000000743e00000| Untracked 
|  63|0x0000000743f00000, 0x0000000743fffff8, 0x0000000744000000| 99%| O|  |TAMS 0x0000000743fffff8, 0x0000000743f00000| Untracked 
|  64|0x0000000744000000, 0x00000007440aab30, 0x0000000744100000| 66%| O|  |TAMS 0x00000007440aab30, 0x0000000744000000| Untracked 
|  65|0x0000000744100000, 0x00000007441a0f08, 0x0000000744200000| 62%| O|  |TAMS 0x00000007441a0f08, 0x0000000744100000| Untracked 
|  66|0x0000000744200000, 0x0000000744244548, 0x0000000744300000| 26%| O|  |TAMS 0x0000000744244548, 0x0000000744200000| Untracked 
|  67|0x0000000744300000, 0x0000000744400000, 0x0000000744400000|100%| O|  |TAMS 0x0000000744400000, 0x0000000744300000| Untracked 
|  68|0x0000000744400000, 0x00000007444c8000, 0x0000000744500000| 78%| O|  |TAMS 0x00000007444c8000, 0x0000000744400000| Untracked 
|  69|0x0000000744500000, 0x000000074458d710, 0x0000000744600000| 55%| O|  |TAMS 0x000000074458d710, 0x0000000744500000| Untracked 
|  70|0x0000000744600000, 0x0000000744700000, 0x0000000744700000|100%| O|  |TAMS 0x0000000744700000, 0x0000000744600000| Untracked 
|  71|0x0000000744700000, 0x0000000744800000, 0x0000000744800000|100%| O|  |TAMS 0x0000000744800000, 0x0000000744700000| Untracked 
|  72|0x0000000744800000, 0x0000000744900000, 0x0000000744900000|100%| O|  |TAMS 0x0000000744900000, 0x0000000744800000| Untracked 
|  73|0x0000000744900000, 0x0000000744a00000, 0x0000000744a00000|100%| O|  |TAMS 0x0000000744a00000, 0x0000000744900000| Untracked 
|  74|0x0000000744a00000, 0x0000000744a99c00, 0x0000000744b00000| 60%| O|  |TAMS 0x0000000744a99c00, 0x0000000744a00000| Untracked 
|  75|0x0000000744b00000, 0x0000000744c00000, 0x0000000744c00000|100%| O|  |TAMS 0x0000000744c00000, 0x0000000744b00000| Untracked 
|  76|0x0000000744c00000, 0x0000000744d00000, 0x0000000744d00000|100%| O|  |TAMS 0x0000000744d00000, 0x0000000744c00000| Untracked 
|  77|0x0000000744d00000, 0x0000000744e00000, 0x0000000744e00000|100%| O|  |TAMS 0x0000000744e00000, 0x0000000744d00000| Untracked 
|  78|0x0000000744e00000, 0x0000000744f00000, 0x0000000744f00000|100%| O|  |TAMS 0x0000000744f00000, 0x0000000744e00000| Untracked 
|  79|0x0000000744f00000, 0x0000000745000000, 0x0000000745000000|100%| O|  |TAMS 0x0000000745000000, 0x0000000744f00000| Untracked 
|  80|0x0000000745000000, 0x0000000745100000, 0x0000000745100000|100%| O|  |TAMS 0x0000000745100000, 0x0000000745000000| Untracked 
|  81|0x0000000745100000, 0x0000000745200000, 0x0000000745200000|100%| O|  |TAMS 0x0000000745200000, 0x0000000745100000| Untracked 
|  82|0x0000000745200000, 0x0000000745300000, 0x0000000745300000|100%| O|  |TAMS 0x0000000745300000, 0x0000000745200000| Untracked 
|  83|0x0000000745300000, 0x0000000745400000, 0x0000000745400000|100%| O|  |TAMS 0x0000000745400000, 0x0000000745300000| Untracked 
|  84|0x0000000745400000, 0x0000000745500000, 0x0000000745500000|100%| O|  |TAMS 0x0000000745500000, 0x0000000745400000| Untracked 
|  85|0x0000000745500000, 0x0000000745500000, 0x0000000745600000|  0%| F|  |TAMS 0x0000000745500000, 0x0000000745500000| Untracked 
|  86|0x0000000745600000, 0x0000000745700000, 0x0000000745700000|100%| O|  |TAMS 0x0000000745700000, 0x0000000745600000| Untracked 
|  87|0x0000000745700000, 0x0000000745800000, 0x0000000745800000|100%| O|  |TAMS 0x0000000745800000, 0x0000000745700000| Untracked 
|  88|0x0000000745800000, 0x00000007458db1a0, 0x0000000745900000| 85%| S|CS|TAMS 0x0000000745800000, 0x0000000745800000| Complete 
|  89|0x0000000745900000, 0x0000000745983800, 0x0000000745a00000| 51%| O|  |TAMS 0x0000000745983800, 0x0000000745900000| Untracked 
|  90|0x0000000745a00000, 0x0000000745a00000, 0x0000000745b00000|  0%| F|  |TAMS 0x0000000745a00000, 0x0000000745a00000| Untracked 
|  91|0x0000000745b00000, 0x0000000745c00000, 0x0000000745c00000|100%| S|CS|TAMS 0x0000000745b00000, 0x0000000745b00000| Complete 
|  92|0x0000000745c00000, 0x0000000745d00000, 0x0000000745d00000|100%| S|CS|TAMS 0x0000000745c00000, 0x0000000745c00000| Complete 
|  93|0x0000000745d00000, 0x0000000745e00000, 0x0000000745e00000|100%| S|CS|TAMS 0x0000000745d00000, 0x0000000745d00000| Complete 
|  94|0x0000000745e00000, 0x0000000745e00000, 0x0000000745f00000|  0%| F|  |TAMS 0x0000000745e00000, 0x0000000745e00000| Untracked 
|  95|0x0000000745f00000, 0x0000000745f00000, 0x0000000746000000|  0%| F|  |TAMS 0x0000000745f00000, 0x0000000745f00000| Untracked 
|  96|0x0000000746000000, 0x0000000746000000, 0x0000000746100000|  0%| F|  |TAMS 0x0000000746000000, 0x0000000746000000| Untracked 
|  97|0x0000000746100000, 0x0000000746100000, 0x0000000746200000|  0%| F|  |TAMS 0x0000000746100000, 0x0000000746100000| Untracked 
|  98|0x0000000746200000, 0x0000000746200000, 0x0000000746300000|  0%| F|  |TAMS 0x0000000746200000, 0x0000000746200000| Untracked 
|  99|0x0000000746300000, 0x0000000746300000, 0x0000000746400000|  0%| F|  |TAMS 0x0000000746300000, 0x0000000746300000| Untracked 
| 100|0x0000000746400000, 0x0000000746400000, 0x0000000746500000|  0%| F|  |TAMS 0x0000000746400000, 0x0000000746400000| Untracked 
| 101|0x0000000746500000, 0x0000000746500000, 0x0000000746600000|  0%| F|  |TAMS 0x0000000746500000, 0x0000000746500000| Untracked 
| 102|0x0000000746600000, 0x0000000746600000, 0x0000000746700000|  0%| F|  |TAMS 0x0000000746600000, 0x0000000746600000| Untracked 
| 103|0x0000000746700000, 0x0000000746700000, 0x0000000746800000|  0%| F|  |TAMS 0x0000000746700000, 0x0000000746700000| Untracked 
| 104|0x0000000746800000, 0x0000000746800000, 0x0000000746900000|  0%| F|  |TAMS 0x0000000746800000, 0x0000000746800000| Untracked 
| 105|0x0000000746900000, 0x0000000746900000, 0x0000000746a00000|  0%| F|  |TAMS 0x0000000746900000, 0x0000000746900000| Untracked 
| 106|0x0000000746a00000, 0x0000000746a00000, 0x0000000746b00000|  0%| F|  |TAMS 0x0000000746a00000, 0x0000000746a00000| Untracked 
| 107|0x0000000746b00000, 0x0000000746b00000, 0x0000000746c00000|  0%| F|  |TAMS 0x0000000746b00000, 0x0000000746b00000| Untracked 
| 108|0x0000000746c00000, 0x0000000746c00000, 0x0000000746d00000|  0%| F|  |TAMS 0x0000000746c00000, 0x0000000746c00000| Untracked 
| 109|0x0000000746d00000, 0x0000000746d00000, 0x0000000746e00000|  0%| F|  |TAMS 0x0000000746d00000, 0x0000000746d00000| Untracked 
| 110|0x0000000746e00000, 0x0000000746e00000, 0x0000000746f00000|  0%| F|  |TAMS 0x0000000746e00000, 0x0000000746e00000| Untracked 
| 111|0x0000000746f00000, 0x0000000746f00000, 0x0000000747000000|  0%| F|  |TAMS 0x0000000746f00000, 0x0000000746f00000| Untracked 
| 112|0x0000000747000000, 0x0000000747000000, 0x0000000747100000|  0%| F|  |TAMS 0x0000000747000000, 0x0000000747000000| Untracked 
| 113|0x0000000747100000, 0x0000000747100000, 0x0000000747200000|  0%| F|  |TAMS 0x0000000747100000, 0x0000000747100000| Untracked 
| 114|0x0000000747200000, 0x0000000747200000, 0x0000000747300000|  0%| F|  |TAMS 0x0000000747200000, 0x0000000747200000| Untracked 
| 115|0x0000000747300000, 0x0000000747300000, 0x0000000747400000|  0%| F|  |TAMS 0x0000000747300000, 0x0000000747300000| Untracked 
| 116|0x0000000747400000, 0x0000000747400000, 0x0000000747500000|  0%| F|  |TAMS 0x0000000747400000, 0x0000000747400000| Untracked 
| 117|0x0000000747500000, 0x0000000747500000, 0x0000000747600000|  0%| F|  |TAMS 0x0000000747500000, 0x0000000747500000| Untracked 
| 118|0x0000000747600000, 0x0000000747600000, 0x0000000747700000|  0%| F|  |TAMS 0x0000000747600000, 0x0000000747600000| Untracked 
| 119|0x0000000747700000, 0x0000000747700000, 0x0000000747800000|  0%| F|  |TAMS 0x0000000747700000, 0x0000000747700000| Untracked 
| 120|0x0000000747800000, 0x0000000747800000, 0x0000000747900000|  0%| F|  |TAMS 0x0000000747800000, 0x0000000747800000| Untracked 
| 121|0x0000000747900000, 0x00000007479c8d08, 0x0000000747a00000| 78%| E|  |TAMS 0x0000000747900000, 0x0000000747900000| Complete 
| 122|0x0000000747a00000, 0x0000000747b00000, 0x0000000747b00000|100%| E|CS|TAMS 0x0000000747a00000, 0x0000000747a00000| Complete 
| 123|0x0000000747b00000, 0x0000000747c00000, 0x0000000747c00000|100%| E|CS|TAMS 0x0000000747b00000, 0x0000000747b00000| Complete 
| 124|0x0000000747c00000, 0x0000000747d00000, 0x0000000747d00000|100%| E|CS|TAMS 0x0000000747c00000, 0x0000000747c00000| Complete 
| 125|0x0000000747d00000, 0x0000000747e00000, 0x0000000747e00000|100%| E|CS|TAMS 0x0000000747d00000, 0x0000000747d00000| Complete 
| 126|0x0000000747e00000, 0x0000000747f00000, 0x0000000747f00000|100%| E|CS|TAMS 0x0000000747e00000, 0x0000000747e00000| Complete 
| 127|0x0000000747f00000, 0x0000000748000000, 0x0000000748000000|100%| E|CS|TAMS 0x0000000747f00000, 0x0000000747f00000| Complete 
| 128|0x0000000748000000, 0x0000000748100000, 0x0000000748100000|100%| E|CS|TAMS 0x0000000748000000, 0x0000000748000000| Complete 
| 129|0x0000000748100000, 0x0000000748200000, 0x0000000748200000|100%| E|CS|TAMS 0x0000000748100000, 0x0000000748100000| Complete 
| 130|0x0000000748200000, 0x0000000748300000, 0x0000000748300000|100%| E|CS|TAMS 0x0000000748200000, 0x0000000748200000| Complete 
| 131|0x0000000748300000, 0x0000000748400000, 0x0000000748400000|100%| E|CS|TAMS 0x0000000748300000, 0x0000000748300000| Complete 
| 132|0x0000000748400000, 0x0000000748500000, 0x0000000748500000|100%| E|CS|TAMS 0x0000000748400000, 0x0000000748400000| Complete 
| 133|0x0000000748500000, 0x0000000748600000, 0x0000000748600000|100%| E|CS|TAMS 0x0000000748500000, 0x0000000748500000| Complete 
| 134|0x0000000748600000, 0x0000000748700000, 0x0000000748700000|100%| E|CS|TAMS 0x0000000748600000, 0x0000000748600000| Complete 
| 135|0x0000000748700000, 0x0000000748800000, 0x0000000748800000|100%| E|CS|TAMS 0x0000000748700000, 0x0000000748700000| Complete 
| 136|0x0000000748800000, 0x0000000748900000, 0x0000000748900000|100%| E|CS|TAMS 0x0000000748800000, 0x0000000748800000| Complete 
| 137|0x0000000748900000, 0x0000000748a00000, 0x0000000748a00000|100%| E|CS|TAMS 0x0000000748900000, 0x0000000748900000| Complete 
| 138|0x0000000748a00000, 0x0000000748b00000, 0x0000000748b00000|100%| E|CS|TAMS 0x0000000748a00000, 0x0000000748a00000| Complete 
| 139|0x0000000748b00000, 0x0000000748c00000, 0x0000000748c00000|100%| E|CS|TAMS 0x0000000748b00000, 0x0000000748b00000| Complete 
| 140|0x0000000748c00000, 0x0000000748d00000, 0x0000000748d00000|100%| E|CS|TAMS 0x0000000748c00000, 0x0000000748c00000| Complete 
| 141|0x0000000748d00000, 0x0000000748e00000, 0x0000000748e00000|100%| E|CS|TAMS 0x0000000748d00000, 0x0000000748d00000| Complete 
| 142|0x0000000748e00000, 0x0000000748f00000, 0x0000000748f00000|100%| E|CS|TAMS 0x0000000748e00000, 0x0000000748e00000| Complete 
| 143|0x0000000748f00000, 0x0000000749000000, 0x0000000749000000|100%| E|CS|TAMS 0x0000000748f00000, 0x0000000748f00000| Complete 
| 144|0x0000000749000000, 0x0000000749100000, 0x0000000749100000|100%| E|CS|TAMS 0x0000000749000000, 0x0000000749000000| Complete 
| 145|0x0000000749100000, 0x0000000749200000, 0x0000000749200000|100%| E|CS|TAMS 0x0000000749100000, 0x0000000749100000| Complete 
| 146|0x0000000749200000, 0x0000000749300000, 0x0000000749300000|100%| E|CS|TAMS 0x0000000749200000, 0x0000000749200000| Complete 
| 147|0x0000000749300000, 0x0000000749400000, 0x0000000749400000|100%| E|CS|TAMS 0x0000000749300000, 0x0000000749300000| Complete 
| 148|0x0000000749400000, 0x0000000749500000, 0x0000000749500000|100%| O|  |TAMS 0x0000000749500000, 0x0000000749400000| Untracked 
| 149|0x0000000749500000, 0x0000000749600000, 0x0000000749600000|100%| E|CS|TAMS 0x0000000749500000, 0x0000000749500000| Complete 
| 150|0x0000000749600000, 0x0000000749700000, 0x0000000749700000|100%| E|CS|TAMS 0x0000000749600000, 0x0000000749600000| Complete 
| 151|0x0000000749700000, 0x0000000749800000, 0x0000000749800000|100%| E|CS|TAMS 0x0000000749700000, 0x0000000749700000| Complete 
| 152|0x0000000749800000, 0x0000000749900000, 0x0000000749900000|100%| E|CS|TAMS 0x0000000749800000, 0x0000000749800000| Complete 
| 153|0x0000000749900000, 0x0000000749a00000, 0x0000000749a00000|100%| E|CS|TAMS 0x0000000749900000, 0x0000000749900000| Complete 

Card table byte_map: [0x0000023627f40000,0x0000023628540000] _byte_map_base: 0x0000023624540000

Marking Bits (Prev, Next): (CMBitMap*) 0x000002365754ba08, (CMBitMap*) 0x000002365754ba40
 Prev Bits: [0x0000023628b40000, 0x000002362bb40000)
 Next Bits: [0x000002362bb40000, 0x000002362eb40000)

Polling page: 0x0000023618210000

Metaspace:

Usage:
  Non-class:     72.89 MB capacity,    71.84 MB ( 99%) used,   803.26 KB (  1%) free+waste,   270.25 KB ( <1%) overhead. 
      Class:     12.25 MB capacity,    11.35 MB ( 93%) used,   788.38 KB (  6%) free+waste,   131.38 KB (  1%) overhead. 
       Both:     85.14 MB capacity,    83.19 MB ( 98%) used,     1.55 MB (  2%) free+waste,   401.63 KB ( <1%) overhead. 

Virtual space:
  Non-class space:       74.00 MB reserved,      73.08 MB ( 99%) committed 
      Class space:        1.00 GB reserved,      12.25 MB (  1%) committed 
             Both:        1.07 GB reserved,      85.33 MB (  8%) committed 

Chunk freelists:
   Non-Class:  0 bytes
       Class:  0 bytes
        Both:  0 bytes

CodeHeap 'non-profiled nmethods': size=119168Kb used=14781Kb max_used=14781Kb free=104386Kb
 bounds [0x0000023646280000, 0x00000236470f0000, 0x000002364d6e0000]
CodeHeap 'profiled nmethods': size=119168Kb used=37216Kb max_used=37216Kb free=81951Kb
 bounds [0x000002363ee20000, 0x00000236412b0000, 0x0000023646280000]
CodeHeap 'non-nmethods': size=7424Kb used=1619Kb max_used=3317Kb free=5804Kb
 bounds [0x000002363e6e0000, 0x000002363ea40000, 0x000002363ee20000]
 total_blobs=24110 nmethods=14153 adapters=1071
 compilation: enabled
              stopped_count=0, restarted_count=0
 full_count=0

Compilation events (10 events):
Event: 389.719 Thread 0x00000236578dd000 nmethod 16800 0x0000023641298e90 code [0x0000023641299080, 0x00000236412993c0]
Event: 391.426 Thread 0x00000236578dc800 16801       4       java.awt.image.BufferedImage::<init> (913 bytes)
Event: 391.428 Thread 0x00000236578dd000 16803       3       ui.data.experiment.B::cyF (25 bytes)
Event: 391.429 Thread 0x00000236578dd000 nmethod 16803 0x0000023641299510 code [0x0000023641299740, 0x0000023641299f40]
Event: 391.445 Thread 0x00000236578dd000 16805   !   3       com.jidesoft.plaf.basic.BasicCommandBarUI::paint (303 bytes)
Event: 391.447 Thread 0x00000236578dd000 nmethod 16805 0x000002364129a210 code [0x000002364129a620, 0x000002364129d140]
Event: 391.447 Thread 0x00000236578dd000 16806       3       com.jidesoft.action.CommandBar::paintBorder (19 bytes)
Event: 391.447 Thread 0x00000236578dd000 nmethod 16806 0x000002364129db90 code [0x000002364129dd80, 0x000002364129e590]
Event: 391.447 Thread 0x00000236578dd000 16807       3       javax.swing.JMenuBar::paintBorder (13 bytes)
Event: 391.447 Thread 0x00000236578dd000 nmethod 16807 0x000002364129e790 code [0x000002364129e980, 0x000002364129f020]

GC Heap History (10 events):
Event: 189.437 GC heap before
{Heap before GC invocations=40 (full 1):
 garbage-first heap   total 156672K, used 147495K [0x0000000740000000, 0x0000000800000000)
  region size 1024K, 60 young (61440K), 4 survivors (4096K)
 Metaspace       used 84717K, capacity 86715K, committed 86864K, reserved 1124352K
  class space    used 11571K, capacity 12446K, committed 12544K, reserved 1048576K
}
Event: 189.441 GC heap after
{Heap after GC invocations=41 (full 1):
 garbage-first heap   total 157696K, used 90355K [0x0000000740000000, 0x0000000800000000)
  region size 1024K, 5 young (5120K), 5 survivors (5120K)
 Metaspace       used 84717K, capacity 86715K, committed 86864K, reserved 1124352K
  class space    used 11571K, capacity 12446K, committed 12544K, reserved 1048576K
}
Event: 287.877 GC heap before
{Heap before GC invocations=42 (full 1):
 garbage-first heap   total 157696K, used 146675K [0x0000000740000000, 0x0000000800000000)
  region size 1024K, 60 young (61440K), 5 survivors (5120K)
 Metaspace       used 84817K, capacity 86779K, committed 87120K, reserved 1124352K
  class space    used 11576K, capacity 12446K, committed 12544K, reserved 1048576K
}
Event: 287.884 GC heap after
{Heap after GC invocations=43 (full 1):
 garbage-first heap   total 157696K, used 90215K [0x0000000740000000, 0x0000000800000000)
  region size 1024K, 4 young (4096K), 4 survivors (4096K)
 Metaspace       used 84817K, capacity 86779K, committed 87120K, reserved 1124352K
  class space    used 11576K, capacity 12446K, committed 12544K, reserved 1048576K
}
Event: 345.151 GC heap before
{Heap before GC invocations=43 (full 1):
 garbage-first heap   total 157696K, used 147559K [0x0000000740000000, 0x0000000800000000)
  region size 1024K, 60 young (61440K), 4 survivors (4096K)
 Metaspace       used 84900K, capacity 86875K, committed 87120K, reserved 1124352K
  class space    used 11584K, capacity 12478K, committed 12544K, reserved 1048576K
}
Event: 345.154 GC heap after
{Heap after GC invocations=44 (full 1):
 garbage-first heap   total 157696K, used 90269K [0x0000000740000000, 0x0000000800000000)
  region size 1024K, 5 young (5120K), 5 survivors (5120K)
 Metaspace       used 84900K, capacity 86875K, committed 87120K, reserved 1124352K
  class space    used 11584K, capacity 12478K, committed 12544K, reserved 1048576K
}
Event: 345.543 GC heap before
{Heap before GC invocations=45 (full 1):
 garbage-first heap   total 157696K, used 146589K [0x0000000740000000, 0x0000000800000000)
  region size 1024K, 60 young (61440K), 5 survivors (5120K)
 Metaspace       used 84902K, capacity 86875K, committed 87120K, reserved 1124352K
  class space    used 11584K, capacity 12478K, committed 12544K, reserved 1048576K
}
Event: 345.545 GC heap after
{Heap after GC invocations=46 (full 1):
 garbage-first heap   total 157696K, used 89874K [0x0000000740000000, 0x0000000800000000)
  region size 1024K, 4 young (4096K), 4 survivors (4096K)
 Metaspace       used 84902K, capacity 86875K, committed 87120K, reserved 1124352K
  class space    used 11584K, capacity 12478K, committed 12544K, reserved 1048576K
}
Event: 345.745 GC heap before
{Heap before GC invocations=46 (full 1):
 garbage-first heap   total 157696K, used 147218K [0x0000000740000000, 0x0000000800000000)
  region size 1024K, 60 young (61440K), 4 survivors (4096K)
 Metaspace       used 84905K, capacity 86875K, committed 87120K, reserved 1124352K
  class space    used 11584K, capacity 12478K, committed 12544K, reserved 1048576K
}
Event: 345.749 GC heap after
{Heap after GC invocations=47 (full 1):
 garbage-first heap   total 157696K, used 90067K [0x0000000740000000, 0x0000000800000000)
  region size 1024K, 4 young (4096K), 4 survivors (4096K)
 Metaspace       used 84905K, capacity 86875K, committed 87120K, reserved 1124352K
  class space    used 11584K, capacity 12478K, committed 12544K, reserved 1048576K
}

Deoptimization events (10 events):
Event: 347.535 Thread 0x000002364d9a7800 Uncommon trap: reason=speculate_class_check action=maybe_recompile pc=0x00000236470c6a74 method=javax.swing.SwingUtilities.getDeepestComponentAt(Ljava/awt/Component;II)Ljava/awt/Component; @ 3 c2
Event: 347.575 Thread 0x000002364d9a7800 Uncommon trap: reason=speculate_class_check action=maybe_recompile pc=0x00000236470c8a38 method=javax.swing.SwingUtilities.getDeepestComponentAt(Ljava/awt/Component;II)Ljava/awt/Component; @ 12 c2
Event: 347.575 Thread 0x000002364d9a7800 Uncommon trap: reason=speculate_class_check action=maybe_recompile pc=0x00000236470c8a38 method=javax.swing.SwingUtilities.getDeepestComponentAt(Ljava/awt/Component;II)Ljava/awt/Component; @ 12 c2
Event: 347.743 Thread 0x000002364d9a7800 Uncommon trap: reason=speculate_class_check action=maybe_recompile pc=0x00000236470ca638 method=javax.swing.SwingUtilities.getDeepestComponentAt(Ljava/awt/Component;II)Ljava/awt/Component; @ 19 c2
Event: 347.743 Thread 0x000002364d9a7800 Uncommon trap: reason=speculate_class_check action=maybe_recompile pc=0x00000236470ca638 method=javax.swing.SwingUtilities.getDeepestComponentAt(Ljava/awt/Component;II)Ljava/awt/Component; @ 19 c2
Event: 349.017 Thread 0x000002364d9a7800 Uncommon trap: reason=unstable_if action=reinterpret pc=0x00000236469c95d0 method=javax.swing.RepaintManager.addDirtyRegion0(Ljava/awt/Container;IIII)V @ 108 c2
Event: 350.992 Thread 0x000002364d9a7800 Uncommon trap: reason=bimorphic_or_optimized_type_check action=maybe_recompile pc=0x0000023646fea9c4 method=javax.swing.RepaintManager$4.run()Ljava/lang/Void; @ 91 c2
Event: 389.616 Thread 0x0000023634779000 Uncommon trap: reason=unstable_if action=reinterpret pc=0x00000236470e6754 method=javax.swing.Timer.post()V @ 9 c2
Event: 389.719 Thread 0x000002364d9a7800 Uncommon trap: reason=unstable_if action=reinterpret pc=0x0000023646e0dec0 method=ui.frmwork.a.d.a(Ljava/awt/AWTEvent;)V @ 77 c2
Event: 391.410 Thread 0x000002364d9a7800 Uncommon trap: reason=bimorphic_or_optimized_type_check action=maybe_recompile pc=0x0000023646fea9c4 method=javax.swing.RepaintManager$4.run()Ljava/lang/Void; @ 91 c2

Classes redefined (0 events):
No events

Internal exceptions (10 events):
Event: 389.718 Thread 0x000002364d9a7800 Exception <a 'java/io/IOException'{0x0000000747f87778}> (0x0000000747f87778) thrown at [t:/workspace/open/src/hotspot/share/prims/jni.cpp, line 615]
Event: 389.718 Thread 0x000002364d9a7800 Exception <a 'java/io/IOException'{0x0000000747f87b40}> (0x0000000747f87b40) thrown at [t:/workspace/open/src/hotspot/share/prims/jni.cpp, line 615]
Event: 389.719 Thread 0x000002364d9a7800 Exception <a 'java/io/IOException'{0x0000000747f88468}> (0x0000000747f88468) thrown at [t:/workspace/open/src/hotspot/share/prims/jni.cpp, line 615]
Event: 389.719 Thread 0x000002364d9a7800 Exception <a 'java/io/IOException'{0x0000000747f88830}> (0x0000000747f88830) thrown at [t:/workspace/open/src/hotspot/share/prims/jni.cpp, line 615]
Event: 389.719 Thread 0x000002364d9a7800 Exception <a 'java/io/IOException'{0x0000000747f89070}> (0x0000000747f89070) thrown at [t:/workspace/open/src/hotspot/share/prims/jni.cpp, line 615]
Event: 389.719 Thread 0x000002364d9a7800 Exception <a 'java/io/IOException'{0x0000000747f89438}> (0x0000000747f89438) thrown at [t:/workspace/open/src/hotspot/share/prims/jni.cpp, line 615]
Event: 389.719 Thread 0x000002364d9a7800 Exception <a 'java/io/IOException'{0x0000000747f89c78}> (0x0000000747f89c78) thrown at [t:/workspace/open/src/hotspot/share/prims/jni.cpp, line 615]
Event: 389.719 Thread 0x000002364d9a7800 Exception <a 'java/io/IOException'{0x0000000747f8a040}> (0x0000000747f8a040) thrown at [t:/workspace/open/src/hotspot/share/prims/jni.cpp, line 615]
Event: 389.719 Thread 0x000002364d9a7800 Exception <a 'java/io/IOException'{0x0000000747f8a868}> (0x0000000747f8a868) thrown at [t:/workspace/open/src/hotspot/share/prims/jni.cpp, line 615]
Event: 389.719 Thread 0x000002364d9a7800 Exception <a 'java/io/IOException'{0x0000000747f8ac30}> (0x0000000747f8ac30) thrown at [t:/workspace/open/src/hotspot/share/prims/jni.cpp, line 615]

Events (10 events):
Event: 389.717 loading class java/io/InterruptedIOException done
Event: 389.717 loading class java/lang/Throwable$WrappedPrintStream
Event: 389.717 loading class java/lang/Throwable$WrappedPrintStream done
Event: 389.719 Thread 0x000002364d9a7800 Uncommon trap: trap_request=0xffffff4d fr.pc=0x0000023646e0dec0 relative=0x00000000000001a0
Event: 389.719 Thread 0x000002364d9a7800 DEOPT PACKING pc=0x0000023646e0dec0 sp=0x00000098835ff2c0
Event: 389.719 Thread 0x000002364d9a7800 DEOPT UNPACKING pc=0x000002363e7091af sp=0x00000098835ff1e0 mode 2
Event: 391.410 Thread 0x000002364d9a7800 Uncommon trap: trap_request=0xffffffc6 fr.pc=0x0000023646fea9c4 relative=0x0000000000000964
Event: 391.410 Thread 0x000002364d9a7800 DEOPT PACKING pc=0x0000023646fea9c4 sp=0x00000098835fbc90
Event: 391.410 Thread 0x000002364d9a7800 DEOPT UNPACKING pc=0x000002363e7091af sp=0x00000098835fbbe8 mode 2
Event: 391.446 Thread 0x0000023652132000 Thread added: 0x0000023652132000


Dynamic libraries:
0x00007ff700aa0000 - 0x00007ff700acf000 	C:\Xilinx\Vivado\2020.2\bin\unwrapped\win64.o\vivado.exe
0x00007ff850d20000 - 0x00007ff850f83000 	C:\WINDOWS\SYSTEM32\ntdll.dll
0x00007ff84ebc0000 - 0x00007ff84ec87000 	C:\WINDOWS\System32\KERNEL32.DLL
0x00007ff84e360000 - 0x00007ff84e729000 	C:\WINDOWS\System32\KERNELBASE.dll
0x00007ff84df20000 - 0x00007ff84e06c000 	C:\WINDOWS\System32\ucrtbase.dll
0x00007ff8234d0000 - 0x00007ff823569000 	C:\WINDOWS\SYSTEM32\MSVCP140.dll
0x00007ff845630000 - 0x00007ff845643000 	C:\Xilinx\Vivado\2020.2\lib\win64.o\libboost_signals.dll
0x00007fffcc1d0000 - 0x00007fffcd347000 	C:\Xilinx\Vivado\2020.2\lib\win64.o\librdi_common.dll
0x00007ff8476a0000 - 0x00007ff8476b8000 	C:\Xilinx\Vivado\2020.2\lib\win64.o\librdi_commonmain.dll
0x00007ff829890000 - 0x00007ff8298a7000 	C:\WINDOWS\SYSTEM32\VCRUNTIME140.dll
0x00007ff84ec90000 - 0x00007ff84ee5a000 	C:\WINDOWS\System32\USER32.dll
0x00007ff84e1f0000 - 0x00007ff84e217000 	C:\WINDOWS\System32\win32u.dll
0x00007ff84f860000 - 0x00007ff84f88a000 	C:\WINDOWS\System32\GDI32.dll
0x00007ff8261f0000 - 0x00007ff826212000 	C:\Xilinx\Vivado\2020.2\lib\win64.o\libboost_filesystem.dll
0x00007fffca550000 - 0x00007fffca8be000 	C:\Xilinx\Vivado\2020.2\lib\win64.o\libCOIN-all.dll
0x00007ff850050000 - 0x00007ff850102000 	C:\WINDOWS\System32\ADVAPI32.dll
0x00007ff84e220000 - 0x00007ff84e351000 	C:\WINDOWS\System32\gdi32full.dll
0x00007ff8451b0000 - 0x00007ff8451c0000 	C:\Xilinx\Vivado\2020.2\lib\win64.o\libboost_date_time.dll
0x00007ff850300000 - 0x00007ff8503a9000 	C:\WINDOWS\System32\msvcrt.dll
0x00007ff84e9f0000 - 0x00007ff84ea93000 	C:\WINDOWS\System32\msvcp_win.dll
0x00007ff84ff90000 - 0x00007ff850036000 	C:\WINDOWS\System32\sechost.dll
0x00007ff850580000 - 0x00007ff850c95000 	C:\WINDOWS\System32\SHELL32.dll
0x00007ff850400000 - 0x00007ff850516000 	C:\WINDOWS\System32\RPCRT4.dll
0x00007ff845220000 - 0x00007ff845229000 	C:\Xilinx\Vivado\2020.2\lib\win64.o\librdi_commonversion.dll
0x00007ff84e730000 - 0x00007ff84e898000 	C:\WINDOWS\System32\wintypes.dll
0x00007ff84fb20000 - 0x00007ff84fea2000 	C:\WINDOWS\System32\combase.dll
0x00007fffe53a0000 - 0x00007fffe5539000 	C:\Xilinx\Vivado\2020.2\lib\win64.o\librdi_commonxillic.dll
0x00007ff84eb40000 - 0x00007ff84ebb4000 	C:\WINDOWS\System32\WS2_32.dll
0x00007ffff2ba0000 - 0x00007ffff2c13000 	C:\Xilinx\Vivado\2020.2\lib\win64.o\libboost_program_options.dll
0x00007fffe5280000 - 0x00007fffe5391000 	C:\Xilinx\Vivado\2020.2\lib\win64.o\libboost_regex.dll
0x00007ff845210000 - 0x00007ff845219000 	C:\Xilinx\Vivado\2020.2\lib\win64.o\libboost_system.dll
0x00007ff83c810000 - 0x00007ff83c82e000 	C:\Xilinx\Vivado\2020.2\lib\win64.o\libboost_thread.dll
0x00007fffd51a0000 - 0x00007fffd5222000 	C:\Xilinx\Vivado\2020.2\lib\win64.o\libhdlpsolve.dll
0x00007ff8451a0000 - 0x00007ff8451ac000 	C:\Xilinx\Vivado\2020.2\lib\win64.o\libboost_xilinx.dll
0x0000000071360000 - 0x000000007148b000 	C:\Xilinx\Vivado\2020.2\lib\win64.o\tcl85t.dll
0x00007fffd1680000 - 0x00007fffd1725000 	C:\Xilinx\Vivado\2020.2\lib\win64.o\libhdxml.dll
0x00007fffcb0f0000 - 0x00007fffcbee2600 	C:\Xilinx\Vivado\2020.2\lib\win64.o\libisl_iostreams.dll
0x00007ff8261c0000 - 0x00007ff8261e8000 	C:\Xilinx\Vivado\2020.2\lib\win64.o\libisl_sysinfo.dll
0x00007ffff2b30000 - 0x00007ffff2b95000 	C:\Xilinx\Vivado\2020.2\lib\win64.o\liblmx6.0.dll
0x00007ff83bef0000 - 0x00007ff83bf0c000 	C:\Xilinx\Vivado\2020.2\lib\win64.o\librdiconfig.dll
0x00007ff81c120000 - 0x00007ff81c141000 	C:\Xilinx\Vivado\2020.2\lib\win64.o\librdizlib.dll
0x00007ff850520000 - 0x00007ff85057d000 	C:\WINDOWS\System32\SHLWAPI.dll
0x00007ff83bda0000 - 0x00007ff83bdba000 	C:\Xilinx\Vivado\2020.2\lib\win64.o\pthreadVC2.dll
0x00007ff82b930000 - 0x00007ff82b94a000 	C:\WINDOWS\SYSTEM32\NETAPI32.dll
0x00007ff83a390000 - 0x00007ff83a613000 	C:\WINDOWS\SYSTEM32\WININET.dll
0x0000000012000000 - 0x0000000012270000 	C:\Xilinx\Vivado\2020.2\lib\win64.o\xerces-c_3_1.dll
0x00007ff8471a0000 - 0x00007ff8472be000 	C:\WINDOWS\SYSTEM32\WINHTTP.dll
0x00007ff8363b0000 - 0x00007ff83658c000 	C:\WINDOWS\SYSTEM32\urlmon.dll
0x00007ff832000000 - 0x00007ff83200a000 	C:\WINDOWS\SYSTEM32\WSOCK32.dll
0x00007ff819f40000 - 0x00007ff819f68000 	C:\WINDOWS\SYSTEM32\VCOMP140.DLL
0x00007fffcbef0000 - 0x00007fffcc1cb000 	C:\Xilinx\Vivado\2020.2\lib\win64.o\libXil_lmgr11.dll
0x00007fffc4540000 - 0x00007fffc6457000 	C:\Xilinx\Vivado\2020.2\lib\win64.o\gurobi90.dll
0x00007ff84f640000 - 0x00007ff84f731000 	C:\WINDOWS\System32\COMDLG32.dll
0x00007ff84e070000 - 0x00007ff84e1e7000 	C:\WINDOWS\System32\CRYPT32.dll
0x00007ff84f0c0000 - 0x00007ff84f133000 	C:\WINDOWS\System32\WLDAP32.dll
0x00007ff84f760000 - 0x00007ff84f84b000 	C:\WINDOWS\System32\shcore.dll
0x00007ff84d7e0000 - 0x00007ff84d806000 	C:\WINDOWS\SYSTEM32\bcrypt.dll
0x00007ff84f850000 - 0x00007ff84f858000 	C:\WINDOWS\System32\Normaliz.dll
0x00007ff84feb0000 - 0x00007ff84ff86000 	C:\WINDOWS\System32\OLEAUT32.dll
0x00007ff84f8a0000 - 0x00007ff84fa35000 	C:\WINDOWS\System32\ole32.dll
0x00007ff84e8a0000 - 0x00007ff84e91f000 	C:\WINDOWS\System32\WINTRUST.dll
0x00007ff83ebd0000 - 0x00007ff83ebdc000 	C:\Xilinx\Vivado\2020.2\lib\win64.o\libboost_chrono.dll
0x00007ff834550000 - 0x00007ff834566000 	C:\Xilinx\Vivado\2020.2\lib\win64.o\libboost_iostreams.dll
0x00007ff8060d0000 - 0x00007ff8060f3000 	C:\Xilinx\Vivado\2020.2\lib\win64.o\libisl_iosutils.dll
0x00007ff835f80000 - 0x00007ff83624a000 	C:\WINDOWS\SYSTEM32\iertutil.dll
0x00007ff84bc40000 - 0x00007ff84c485000 	C:\WINDOWS\SYSTEM32\windows.storage.dll
0x00007ff829580000 - 0x00007ff829634000 	C:\WINDOWS\WinSxS\amd64_microsoft.windows.common-controls_6595b64144ccf1df_5.82.26100.1882_none_87f34cef7a28f535\COMCTL32.dll
0x00007ff847c50000 - 0x00007ff847c75000 	C:\WINDOWS\SYSTEM32\dhcpcsvc.DLL
0x00007ff835f20000 - 0x00007ff835f49000 	C:\WINDOWS\SYSTEM32\srvcli.dll
0x00007ff84c740000 - 0x00007ff84c74d000 	C:\WINDOWS\SYSTEM32\netutils.dll
0x00007ff84d370000 - 0x00007ff84d3da000 	C:\WINDOWS\SYSTEM32\MSWSOCK.DLL
0x00007ff850ca0000 - 0x00007ff850ccf000 	C:\WINDOWS\System32\IMM32.DLL
0x00007ff84d680000 - 0x00007ff84d693000 	C:\WINDOWS\SYSTEM32\MSASN1.dll
0x00007ff84ce50000 - 0x00007ff84ce6a000 	C:\WINDOWS\SYSTEM32\kernel.appcore.dll
0x00007fffc9e40000 - 0x00007fffca362000 	C:\Xilinx\Vivado\2020.2\lib\win64.o\librdi_commontasks.dll
0x00007ff842850000 - 0x00007ff84285b000 	C:\WINDOWS\SYSTEM32\VERSION.dll
0x00007fffc9510000 - 0x00007fffc97e5000 	C:\Xilinx\Vivado\2020.2\lib\win64.o\librdi_sio.dll
0x00007fffc3a10000 - 0x00007fffc4533000 	C:\Xilinx\Vivado\2020.2\tps\win64\jre11.0.2\bin\server\jvm.dll
0x00007ff84c8c0000 - 0x00007ff84c8f3000 	C:\WINDOWS\SYSTEM32\IPHLPAPI.DLL
0x00007ff850040000 - 0x00007ff850048000 	C:\WINDOWS\System32\PSAPI.DLL
0x00007ff83cec0000 - 0x00007ff83cef6000 	C:\WINDOWS\SYSTEM32\WINMM.dll
0x00007fffc0f50000 - 0x00007fffc3a0e000 	C:\Xilinx\Vivado\2020.2\lib\win64.o\librdi_tcltasks.dll
0x00007fffc0aa0000 - 0x00007fffc0f46000 	C:\Xilinx\Vivado\2020.2\lib\win64.o\librdi_bitstream.dll
0x00007fffc9350000 - 0x00007fffc9503000 	C:\Xilinx\Vivado\2020.2\lib\win64.o\librdi_board.dll
0x00007fffc9cc0000 - 0x00007fffc9d3e000 	C:\Xilinx\Vivado\2020.2\lib\win64.o\librdi_boarddep.dll
0x00007fffc9d40000 - 0x00007fffc9e36000 	C:\Xilinx\Vivado\2020.2\lib\win64.o\librdi_chipscope.dll
0x00007fffc91e0000 - 0x00007fffc9341000 	C:\Xilinx\Vivado\2020.2\lib\win64.o\librdi_containers.dll
0x00007fffbec70000 - 0x00007fffc0a9c000 	C:\Xilinx\Vivado\2020.2\lib\win64.o\librdi_constraints.dll
0x00007fffc6d20000 - 0x00007fffc6f0a000 	C:\Xilinx\Vivado\2020.2\lib\win64.o\librdi_chipscopeimpl.dll
0x00007fffbdd80000 - 0x00007fffbe498000 	C:\Xilinx\Vivado\2020.2\lib\win64.o\librdi_coregenipxact.dll
0x00007fff94710000 - 0x00007fff96471000 	C:\Xilinx\Vivado\2020.2\lib\win64.o\librdi_designutils.dll
0x00007fffb74b0000 - 0x00007fffb986d000 	C:\Xilinx\Vivado\2020.2\lib\win64.o\librdi_coregen.dll
0x00007fffbe900000 - 0x00007fffbec68000 	C:\Xilinx\Vivado\2020.2\lib\win64.o\librdi_dlyest.dll
0x00007fff6d3c0000 - 0x00007fff8599f000 	C:\Xilinx\Vivado\2020.2\lib\win64.o\librdi_device.dll
0x00007fffc9c00000 - 0x00007fffc9cb3000 	C:\Xilinx\Vivado\2020.2\lib\win64.o\librdi_dsp.dll
0x00007fffbd4b0000 - 0x00007fffbdb0d000 	C:\Xilinx\Vivado\2020.2\lib\win64.o\librdi_drc.dll
0x00007fffbcde0000 - 0x00007fffbd4a2000 	C:\Xilinx\Vivado\2020.2\lib\win64.o\librdi_filemgmt.dll
0x00007fffbcac0000 - 0x00007fffbcddd000 	C:\Xilinx\Vivado\2020.2\lib\win64.o\librdi_guitools.dll
0x00007fffbdc30000 - 0x00007fffbdd77000 	C:\Xilinx\Vivado\2020.2\lib\win64.o\librdi_hip_perf_analysis.dll
0x00007fffbe680000 - 0x00007fffbe8f7000 	C:\Xilinx\Vivado\2020.2\lib\win64.o\librdi_hip_devdesign.dll
0x00007fffc6cb0000 - 0x00007fffc6d1b000 	C:\Xilinx\Vivado\2020.2\lib\win64.o\librdi_hdf.dll
0x00007fff92b30000 - 0x00007fff94704000 	C:\Xilinx\Vivado\2020.2\lib\win64.o\librdi_implflow.dll
0x00007fffc6c30000 - 0x00007fffc6ca2000 	C:\Xilinx\Vivado\2020.2\lib\win64.o\librdi_memoryarray.dll
0x00007fff906e0000 - 0x00007fff92b24000 	C:\Xilinx\Vivado\2020.2\lib\win64.o\librdi_mig.dll
0x00007fffbc430000 - 0x00007fffbca7c000 	C:\Xilinx\Vivado\2020.2\lib\win64.o\librdi_memdata.dll
0x00007fffbbac0000 - 0x00007fffbc1ec000 	C:\Xilinx\Vivado\2020.2\lib\win64.o\librdi_netlist.dll
0x00007ff805040000 - 0x00007ff805094000 	C:\Xilinx\Vivado\2020.2\lib\win64.o\librdi_pfi.dll
0x00007fff8a240000 - 0x00007fff8d447000 	C:\Xilinx\Vivado\2020.2\lib\win64.o\librdi_place.dll
0x00007fffba7f0000 - 0x00007fffbb007000 	C:\Xilinx\Vivado\2020.2\lib\win64.o\librdi_power.dll
0x00007fffb6870000 - 0x00007fffb6ee4000 	C:\Xilinx\Vivado\2020.2\lib\win64.o\librdi_project.dll
0x00007fff8ffb0000 - 0x00007fff906d2000 	C:\Xilinx\Vivado\2020.2\lib\win64.o\librdi_psta.dll
0x00007fffbb720000 - 0x00007fffbbabe000 	C:\Xilinx\Vivado\2020.2\lib\win64.o\librdi_platform.dll
0x00007fff8f7a0000 - 0x00007fff8ffac000 	C:\Xilinx\Vivado\2020.2\lib\win64.o\librdi_rsb.dll
0x00007fffc6680000 - 0x00007fffc6789000 	C:\Xilinx\Vivado\2020.2\lib\win64.o\librdi_runsbase.dll
0x00007fff8f270000 - 0x00007fff8f79b000 	C:\Xilinx\Vivado\2020.2\lib\win64.o\librdi_runs.dll
0x00007fff892b0000 - 0x00007fff8a231000 	C:\Xilinx\Vivado\2020.2\lib\win64.o\librdi_timing.dll
0x00007fffbb380000 - 0x00007fffbb496000 	C:\Xilinx\Vivado\2020.2\lib\win64.o\librdi_xhub.dll
0x00007fffbb4a0000 - 0x00007fffbb714000 	C:\Xilinx\Vivado\2020.2\lib\win64.o\librdi_simdata.dll
0x00007fffbb2d0000 - 0x00007fffbb377000 	C:\Xilinx\Vivado\2020.2\lib\win64.o\librdi_xhubtasks.dll
0x00007fffba600000 - 0x00007fffba7eb000 	C:\Xilinx\Vivado\2020.2\lib\win64.o\librdi_advchipscopeimpl.dll
0x00007fffc6be0000 - 0x00007fffc6c27000 	C:\Xilinx\Vivado\2020.2\lib\win64.o\libboost_serialization.dll
0x00007fffc65c0000 - 0x00007fffc662a000 	C:\Xilinx\Vivado\2020.2\lib\win64.o\librdi_noc_frameworks.dll
0x00007fffba510000 - 0x00007fffba5fb000 	C:\Xilinx\Vivado\2020.2\lib\win64.o\librdi_ipconfig_readwrite.dll
0x00007fffb9c40000 - 0x00007fffb9f3b000 	C:\Xilinx\Vivado\2020.2\lib\win64.o\librdi_hip_config.dll
0x00007fff8ed20000 - 0x00007fff8f26e000 	C:\Xilinx\Vivado\2020.2\lib\win64.o\librdi_xdm.dll
0x00007fffc6490000 - 0x00007fffc64d6000 	C:\Xilinx\Vivado\2020.2\lib\win64.o\libboost_graph.dll
0x00007fff88750000 - 0x00007fff892a6000 	C:\Xilinx\Vivado\2020.2\lib\win64.o\libverific.dll
0x00007fffba040000 - 0x00007fffba0de000 	C:\Xilinx\Vivado\2020.2\lib\win64.o\libise.dll

dbghelp: loaded successfully - version: 4.0.5 - missing functions: none
symbol engine: initialized successfully - sym options: 0x614 - pdb path: .;C:\Xilinx\Vivado\2020.2\bin\unwrapped\win64.o;C:\WINDOWS\SYSTEM32;C:\Xilinx\Vivado\2020.2\lib\win64.o;C:\WINDOWS\WinSxS\amd64_microsoft.windows.common-controls_6595b64144ccf1df_5.82.26100.1882_none_87f34cef7a28f535;C:\Xilinx\Vivado\2020.2\tps\win64\jre11.0.2\bin\server;C:\Xilinx\Vivado\2020.2\tps\win64\python-3.8.3;C:\Xilinx\Vivado\2020.2\tps\win64\jre11.0.2\bin;C:\WINDOWS\WinSxS\amd64_microsoft.windows.common-controls_6595b64144ccf1df_6.0.26100.3323_none_3e088096e3344490;C:\Windows\System32\IME\IMEKR;C:\Windows\System32\IME\shared

VM Arguments:
jvm_args: -Dsun.java2d.pmoffscreen=false -Dhttps.protocols=TLSv1,TLSv1.1,TLSv1.2 -Dsun.java2d.xrender=false -Dsun.java2d.d3d=false -Dsun.awt.nopixfmt=true -Dsun.java2d.dpiaware=true -Dsun.java2d.uiScale.enabled=false -Xverify:none -Dswing.aatext=true -XX:-UsePerfData -Djdk.map.althashing.threshold=512 -XX:StringTableSize=4072 --add-opens=java.base/java.nio=ALL-UNNAMED --add-opens=java.desktop/sun.swing=ALL-UNNAMED --add-opens=java.desktop/javax.swing=ALL-UNNAMED --add-opens=java.desktop/javax.swing.tree=ALL-UNNAMED --add-opens=java.desktop/javax.swing.plaf.basic=ALL-UNNAMED --add-opens=java.desktop/javax.swing.plaf.synth=ALL-UNNAMED --add-opens=java.desktop/com.sun.awt=ALL-UNNAMED -XX:NewSize=60m -XX:MaxNewSize=60m -Xms128m -Xmx3072m -Xss5m 
java_command: <unknown>
java_class_path (initial): C:/Xilinx/Vivado/2020.2\lib\classes\alloy.jar;C:/Xilinx/Vivado/2020.2\lib\classes\ArchiveSummary.jar;C:/Xilinx/Vivado/2020.2\lib\classes\autoesl-models.jar;C:/Xilinx/Vivado/2020.2\lib\classes\autopilot.scelaborator.jar;C:/Xilinx/Vivado/2020.2\lib\classes\autopilot.sourceprocessor.jar;C:/Xilinx/Vivado/2020.2\lib\classes\autopilot.tbprocessor.jar;C:/Xilinx/Vivado/2020.2\lib\classes\batik-anim.jar;C:/Xilinx/Vivado/2020.2\lib\classes\batik-awt-util.jar;C:/Xilinx/Vivado/2020.2\lib\classes\batik-bridge.jar;C:/Xilinx/Vivado/2020.2\lib\classes\batik-codec.jar;C:/Xilinx/Vivado/2020.2\lib\classes\batik-css.jar;C:/Xilinx/Vivado/2020.2\lib\classes\batik-dom.jar;C:/Xilinx/Vivado/2020.2\lib\classes\batik-ext.jar;C:/Xilinx/Vivado/2020.2\lib\classes\batik-gui-util.jar;C:/Xilinx/Vivado/2020.2\lib\classes\batik-gvt.jar;C:/Xilinx/Vivado/2020.2\lib\classes\batik-parser.jar;C:/Xilinx/Vivado/2020.2\lib\classes\batik-script.jar;C:/Xilinx/Vivado/2020.2\lib\classes\batik-svg-dom.jar;C:/Xilinx/Vivado/2020.2\lib\classes\batik-swing.jar;C:/Xilinx/Vivado/2020.2\lib\classes\batik-transcoder.jar;C:/Xilinx/Vivado/2020.2\lib\classes\batik-util.jar;C:/Xilinx/Vivado/2020.2\lib\classes\batik-xml.jar;C:/Xilinx/Vivado/2020.2\lib\classes\com.google.gson_2.8.2.v20180104-1110.jar;C:/Xilinx/Vivado/2020.2\lib\classes\com.google.guava_27.1.0.v20190517-1946.jar;C:/Xilinx/Vivado/2020.2\lib\classes\com.ibm.icu_4.4.2.v20110208.jar;C:/Xilinx/Vivado/2020.2\lib\classes\com.sigasi.hdt.connection_4.9.0.202009050929.jar;C:/Xilinx/Vivado/2020.2\lib\classes\com.sigasi.hdt.epl_4.9.0.202009050929.jar;C:/Xilinx/Vivado/2020.2\lib\classes\com.sigasi.hdt.project_4.9.0.202009050929.jar;C:/Xilinx/Vivado/2020.2\lib\classes\com.sigasi.hdt.readonlyfilesystem_4.9.0.202009050929.jar;C:/Xilinx/Vivado/2020.2\lib\classes\com.sigasi.lcm_4.9.0.202009050929.jar;C:/Xilinx/Vivado/2020.2\lib\classes\com.sigasi.sdk.client_4.9.0.202009050929.jar;C:/Xilinx/Vivado/2020.2\lib\classes\com.xilinx.hls.services.jar;C:/Xili
Launcher Type: generic

[Global flags]
     bool BytecodeVerificationLocal                = false                                     {product} {command line}
     bool BytecodeVerificationRemote               = false                                     {product} {command line}
     intx CICompilerCount                          = 12                                        {product} {ergonomic}
     uint ConcGCThreads                            = 3                                         {product} {ergonomic}
     uint G1ConcRefinementThreads                  = 13                                        {product} {ergonomic}
   size_t G1HeapRegionSize                         = 1048576                                   {product} {ergonomic}
    uintx GCDrainStackTargetSize                   = 64                                        {product} {ergonomic}
   size_t InitialHeapSize                          = 134217728                                 {product} {command line}
   size_t MarkStackSize                            = 4194304                                   {product} {ergonomic}
   size_t MaxHeapSize                              = 3221225472                                {product} {command line}
   size_t MaxNewSize                               = 62914560                                  {product} {command line}
   size_t MinHeapDeltaBytes                        = 1048576                                   {product} {ergonomic}
   size_t NewSize                                  = 62914560                                  {product} {command line}
    uintx NonNMethodCodeHeapSize                   = 7591728                                {pd product} {ergonomic}
    uintx NonProfiledCodeHeapSize                  = 122033256                              {pd product} {ergonomic}
    uintx ProfiledCodeHeapSize                     = 122033256                              {pd product} {ergonomic}
    uintx ReservedCodeCacheSize                    = 251658240                              {pd product} {ergonomic}
     bool SegmentedCodeCache                       = true                                      {product} {ergonomic}
    uintx StringTableSize                          = 4072                                      {product} {command line}
     intx ThreadStackSize                          = 5120                                   {pd product} {command line}
     bool UseCompressedClassPointers               = true                                 {lp64_product} {ergonomic}
     bool UseCompressedOops                        = true                                 {lp64_product} {ergonomic}
     bool UseG1GC                                  = true                                      {product} {ergonomic}
     bool UseLargePagesIndividualAllocation        = false                                  {pd product} {ergonomic}
     bool UsePerfData                              = false                                     {product} {command line}

Logging:
Log output configuration:
 #0: stdout all=warning uptime,level,tags
 #1: stderr all=off uptime,level,tags

Environment Variables:
PATH=C:/Xilinx/Vivado/2020.2\gnuwin\bin;C:/Xilinx/Vivado/2020.2\gnu\microblaze\nt\bin;C:/Xilinx/Vivado/2020.2/bin;C:/Xilinx/Vivado/2020.2/tps/win64/javafx-sdk-11.0.2/lib;C:/Xilinx/Vivado/2020.2/tps/win64/javafx-sdk-11.0.2/bin;C:/Xilinx/Vivado/2020.2/lib/win64.o;C:/Xilinx/Vivado/2020.2/tps/win64/jre11.0.2/bin/server;C:/Xilinx/Vivado/2020.2/tps/win64/jre11.0.2/bin;C:/Xilinx/Vitis/2020.2/bin;C:/Xilinx/Vivado/2020.2/ids_lite/ISE/bin/nt64;C:/Xilinx/Vivado/2020.2/ids_lite/ISE/lib/nt64;C:/Xilinx/Vitis_HLS/2020.2/bin;C:\WINDOWS\system32;C:\WINDOWS;C:\WINDOWS\System32\Wbem;C:\WINDOWS\System32\WindowsPowerShell\v1.0\;C:\WINDOWS\System32\OpenSSH\;C:\Program Files\Bandizip\;C:\Program Files\Git\cmd;C:\Users\kccistc\AppData\Local\Microsoft\WindowsApps;C:\Users\kccistc\AppData\Local\Programs\Microsoft VS Code\bin;;C:/Xilinx/Vivado/2020.2\tps\mingw\6.2.0\win64.o\nt\bin;C:/Xilinx/Vivado/2020.2\tps\mingw\6.2.0\win64.o\nt\libexec\gcc\x86_64-w64-mingw32\6.2.0;C:/Xilinx/Vivado/2020.2\tps\win64\python-3.8.3;C:/Xilinx/Vivado/2020.2\tps\win64\python-3.8.3\bin;C:/Xilinx/Vivado/2020.2\tps\win64\python-3.8.3\lib;C:/Xilinx/Vivado/2020.2\tps\win64\python-3.8.3\lib\site-packages
USERNAME=kccistc
OS=Windows_NT
PROCESSOR_IDENTIFIER=Intel64 Family 6 Model 154 Stepping 3, GenuineIntel



---------------  S Y S T E M  ---------------

OS: Windows 10 , 64 bit Build 26100 (10.0.26100.3323)

CPU:total 16 (initial active 16) (8 cores per cpu, 2 threads per core) family 6 model 154 stepping 3, cmov, cx8, fxsr, mmx, sse, sse2, sse3, ssse3, sse4.1, sse4.2, popcnt, avx, avx2, aes, clmul, erms, 3dnowpref, lzcnt, ht, tsc, tscinvbit, bmi1, bmi2, adx, sha, fma

Memory: 4k page, system-wide physical 16066M (3763M free)
TotalPageFile size 65218M (AvailPageFile size 3M)
current process WorkingSet (physical memory assigned to process): 902M, peak: 1116M
current process commit charge ("private bytes"): 904M, peak: 1104M

vm_info: OpenJDK 64-Bit Server VM (11.0.2+9) for windows-amd64 JRE (11.0.2+9), built on Jan 18 2019 05:23:22 by "mach5one" with MS VC++ 15.5 (VS2017)

END.
