#-----------------------------------------------------------
# Vivado v2020.2 (64-bit)
# SW Build 3064766 on Wed Nov 18 09:12:45 MST 2020
# IP Build 3064653 on Wed Nov 18 14:17:31 MST 2020
# Start of session at: Thu Mar 27 11:46:36 2025
# Process ID: 18220
# Current directory: C:/Users/kccistc/Desktop/250325_Uart_Sensor-1/project_3
# Command line: vivado.exe -gui_launcher_event rodinguilauncherevent17196 C:\Users\kccistc\Desktop\250325_Uart_Sensor-1\project_3\project_3.xpr
# Log file: C:/Users/kccistc/Desktop/250325_Uart_Sensor-1/project_3/vivado.log
# Journal file: C:/Users/kccistc/Desktop/250325_Uart_Sensor-1/project_3\vivado.jou
#-----------------------------------------------------------
start_gui
open_project C:/Users/kccistc/Desktop/250325_Uart_Sensor-1/project_3/project_3.xpr
WARNING: [filemgmt 56-3] Default IP Output Path : Could not find the directory 'C:/Users/kccistc/Desktop/250325_Uart_Sensor-1/project_3/project_3.gen/sources_1'.
Scanning sources...
Finished scanning sources
INFO: [IP_Flow 19-234] Refreshing IP repositories
INFO: [IP_Flow 19-1704] No user IP repositories specified
INFO: [IP_Flow 19-2313] Loaded Vivado IP repository 'C:/Xilinx/Vivado/2020.2/data/ip'.
update_compile_order -fileset sources_1
synth_design -rtl -rtl_skip_mlo -name rtl_1
Command: synth_design -rtl -rtl_skip_mlo -name rtl_1
Starting synth_design
Using part: xc7a35tcpg236-1
Top: top_stopwatch
INFO: [Device 21-403] Loading part xc7a35tcpg236-1
---------------------------------------------------------------------------------
Starting RTL Elaboration : Time (s): cpu = 00:00:03 ; elapsed = 00:00:02 . Memory (MB): peak = 1464.422 ; gain = 242.121
---------------------------------------------------------------------------------
INFO: [Synth 8-6157] synthesizing module 'top_stopwatch' [C:/Users/kccistc/Desktop/250325_Uart_Sensor-1/project_3/project_3.srcs/sources_1/new/top.v:1]
INFO: [Synth 8-6157] synthesizing module 'btn_debounce' [C:/Users/kccistc/Desktop/250325_Uart_Sensor-1/project_3/project_3.srcs/sources_1/new/dtn_1.v:1]
INFO: [Synth 8-6155] done synthesizing module 'btn_debounce' (1#1) [C:/Users/kccistc/Desktop/250325_Uart_Sensor-1/project_3/project_3.srcs/sources_1/new/dtn_1.v:1]
INFO: [Synth 8-6157] synthesizing module 'uart_fifo_top' [C:/Users/kccistc/Desktop/250325_Uart_Sensor-1/project_3/project_3.srcs/sources_1/new/uart.top.v:1]
INFO: [Synth 8-6157] synthesizing module 'uart_cu' [C:/Users/kccistc/Desktop/250325_Uart_Sensor-1/project_3/project_3.srcs/sources_1/new/uart.cu.v:1]
	Parameter IDLE bound to: 2'b00 
	Parameter READ_CMD bound to: 2'b01 
	Parameter PROCESS_CMD bound to: 2'b10 
	Parameter SEND_RESPONSE bound to: 2'b11 
	Parameter CMD_RUN bound to: 8'b01010010 
	Parameter CMD_RUN_LOWER bound to: 8'b01110010 
	Parameter CMD_CLEAR bound to: 8'b01000011 
	Parameter CMD_CLEAR_LOWER bound to: 8'b01100011 
	Parameter CMD_HOUR bound to: 8'b01001000 
	Parameter CMD_HOUR_LOWER bound to: 8'b01101000 
	Parameter CMD_MIN bound to: 8'b01001101 
	Parameter CMD_MIN_LOWER bound to: 8'b01101101 
	Parameter CMD_SEC bound to: 8'b01010011 
	Parameter CMD_SEC_LOWER bound to: 8'b01110011 
	Parameter CMD_ULTRASONIC bound to: 8'b01010101 
	Parameter CMD_ULTRASONIC_LOWER bound to: 8'b01110101 
	Parameter CMD_TEMP_HUMID bound to: 8'b01010100 
	Parameter CMD_TEMP_HUMID_LOWER bound to: 8'b01110100 
INFO: [Synth 8-226] default block is never used [C:/Users/kccistc/Desktop/250325_Uart_Sensor-1/project_3/project_3.srcs/sources_1/new/uart.cu.v:202]
INFO: [Synth 8-6155] done synthesizing module 'uart_cu' (2#1) [C:/Users/kccistc/Desktop/250325_Uart_Sensor-1/project_3/project_3.srcs/sources_1/new/uart.cu.v:1]
INFO: [Synth 8-6157] synthesizing module 'FIFO' [C:/Users/kccistc/Desktop/250325_Uart_Sensor-1/project_3/project_3.srcs/sources_1/new/fifo.v:3]
INFO: [Synth 8-6157] synthesizing module 'register_file' [C:/Users/kccistc/Desktop/250325_Uart_Sensor-1/project_3/project_3.srcs/sources_1/new/fifo.v:41]
INFO: [Synth 8-6155] done synthesizing module 'register_file' (3#1) [C:/Users/kccistc/Desktop/250325_Uart_Sensor-1/project_3/project_3.srcs/sources_1/new/fifo.v:41]
INFO: [Synth 8-6157] synthesizing module 'FIFO_control_unit' [C:/Users/kccistc/Desktop/250325_Uart_Sensor-1/project_3/project_3.srcs/sources_1/new/fifo.v:68]
INFO: [Synth 8-6155] done synthesizing module 'FIFO_control_unit' (4#1) [C:/Users/kccistc/Desktop/250325_Uart_Sensor-1/project_3/project_3.srcs/sources_1/new/fifo.v:68]
INFO: [Synth 8-6155] done synthesizing module 'FIFO' (5#1) [C:/Users/kccistc/Desktop/250325_Uart_Sensor-1/project_3/project_3.srcs/sources_1/new/fifo.v:3]
INFO: [Synth 8-6157] synthesizing module 'uart_tx' [C:/Users/kccistc/Desktop/250325_Uart_Sensor-1/project_3/project_3.srcs/sources_1/new/uart.top.v:450]
	Parameter IDLE bound to: 3'b000 
	Parameter START bound to: 3'b001 
	Parameter DATA bound to: 3'b010 
	Parameter STOP bound to: 3'b011 
INFO: [Synth 8-6155] done synthesizing module 'uart_tx' (6#1) [C:/Users/kccistc/Desktop/250325_Uart_Sensor-1/project_3/project_3.srcs/sources_1/new/uart.top.v:450]
INFO: [Synth 8-6157] synthesizing module 'baud_tick_gen' [C:/Users/kccistc/Desktop/250325_Uart_Sensor-1/project_3/project_3.srcs/sources_1/new/uart.top.v:778]
	Parameter BAUD_RATE bound to: 9600 - type: integer 
	Parameter BAUD_COUNT bound to: 651 - type: integer 
	Parameter COUNTER_WIDTH bound to: 10 - type: integer 
INFO: [Synth 8-6155] done synthesizing module 'baud_tick_gen' (7#1) [C:/Users/kccistc/Desktop/250325_Uart_Sensor-1/project_3/project_3.srcs/sources_1/new/uart.top.v:778]
INFO: [Synth 8-6157] synthesizing module 'uart_rx' [C:/Users/kccistc/Desktop/250325_Uart_Sensor-1/project_3/project_3.srcs/sources_1/new/uart.top.v:581]
	Parameter IDLE bound to: 0 - type: integer 
	Parameter START bound to: 1 - type: integer 
	Parameter DATA bound to: 2 - type: integer 
	Parameter STOP bound to: 3 - type: integer 
INFO: [Synth 8-6155] done synthesizing module 'uart_rx' (8#1) [C:/Users/kccistc/Desktop/250325_Uart_Sensor-1/project_3/project_3.srcs/sources_1/new/uart.top.v:581]
INFO: [Synth 8-6155] done synthesizing module 'uart_fifo_top' (9#1) [C:/Users/kccistc/Desktop/250325_Uart_Sensor-1/project_3/project_3.srcs/sources_1/new/uart.top.v:1]
INFO: [Synth 8-6157] synthesizing module 'fsm_controller' [C:/Users/kccistc/Desktop/250325_Uart_Sensor-1/project_3/project_3.srcs/sources_1/new/fsm.v:1]
	Parameter STATE_0 bound to: 3'b000 
	Parameter STATE_1 bound to: 3'b001 
	Parameter STATE_2 bound to: 3'b010 
	Parameter STATE_3 bound to: 3'b011 
	Parameter STATE_4 bound to: 3'b100 
	Parameter STATE_5 bound to: 3'b101 
	Parameter STATE_6 bound to: 3'b110 
	Parameter STATE_7 bound to: 3'b111 
INFO: [Synth 8-6155] done synthesizing module 'fsm_controller' (10#1) [C:/Users/kccistc/Desktop/250325_Uart_Sensor-1/project_3/project_3.srcs/sources_1/new/fsm.v:1]
INFO: [Synth 8-6157] synthesizing module 'stopwatch_cu' [C:/Users/kccistc/Desktop/250325_Uart_Sensor-1/project_3/project_3.srcs/sources_1/new/cu.v:6]
	Parameter STOP bound to: 2'b00 
	Parameter RUN bound to: 2'b01 
	Parameter CLEAR bound to: 2'b10 
WARNING: [Synth 8-6090] variable 'o_run' is written by both blocking and non-blocking assignments, entire logic could be removed [C:/Users/kccistc/Desktop/250325_Uart_Sensor-1/project_3/project_3.srcs/sources_1/new/cu.v:50]
WARNING: [Synth 8-6090] variable 'o_clear' is written by both blocking and non-blocking assignments, entire logic could be removed [C:/Users/kccistc/Desktop/250325_Uart_Sensor-1/project_3/project_3.srcs/sources_1/new/cu.v:51]
WARNING: [Synth 8-6090] variable 'o_run' is written by both blocking and non-blocking assignments, entire logic could be removed [C:/Users/kccistc/Desktop/250325_Uart_Sensor-1/project_3/project_3.srcs/sources_1/new/cu.v:54]
WARNING: [Synth 8-6090] variable 'o_clear' is written by both blocking and non-blocking assignments, entire logic could be removed [C:/Users/kccistc/Desktop/250325_Uart_Sensor-1/project_3/project_3.srcs/sources_1/new/cu.v:55]
WARNING: [Synth 8-6090] variable 'o_clear' is written by both blocking and non-blocking assignments, entire logic could be removed [C:/Users/kccistc/Desktop/250325_Uart_Sensor-1/project_3/project_3.srcs/sources_1/new/cu.v:59]
WARNING: [Synth 8-6090] variable 'o_run' is written by both blocking and non-blocking assignments, entire logic could be removed [C:/Users/kccistc/Desktop/250325_Uart_Sensor-1/project_3/project_3.srcs/sources_1/new/cu.v:62]
WARNING: [Synth 8-6090] variable 'o_clear' is written by both blocking and non-blocking assignments, entire logic could be removed [C:/Users/kccistc/Desktop/250325_Uart_Sensor-1/project_3/project_3.srcs/sources_1/new/cu.v:63]
INFO: [Synth 8-6155] done synthesizing module 'stopwatch_cu' (11#1) [C:/Users/kccistc/Desktop/250325_Uart_Sensor-1/project_3/project_3.srcs/sources_1/new/cu.v:6]
INFO: [Synth 8-6157] synthesizing module 'stopwatch_dp' [C:/Users/kccistc/Desktop/250325_Uart_Sensor-1/project_3/project_3.srcs/sources_1/new/dp.v:3]
INFO: [Synth 8-6157] synthesizing module 'time_counter' [C:/Users/kccistc/Desktop/250325_Uart_Sensor-1/project_3/project_3.srcs/sources_1/new/dp.v:73]
	Parameter TICK_COUNT bound to: 100 - type: integer 
INFO: [Synth 8-6155] done synthesizing module 'time_counter' (12#1) [C:/Users/kccistc/Desktop/250325_Uart_Sensor-1/project_3/project_3.srcs/sources_1/new/dp.v:73]
INFO: [Synth 8-6157] synthesizing module 'time_counter__parameterized0' [C:/Users/kccistc/Desktop/250325_Uart_Sensor-1/project_3/project_3.srcs/sources_1/new/dp.v:73]
	Parameter TICK_COUNT bound to: 60 - type: integer 
INFO: [Synth 8-6155] done synthesizing module 'time_counter__parameterized0' (12#1) [C:/Users/kccistc/Desktop/250325_Uart_Sensor-1/project_3/project_3.srcs/sources_1/new/dp.v:73]
INFO: [Synth 8-6157] synthesizing module 'time_counter__parameterized1' [C:/Users/kccistc/Desktop/250325_Uart_Sensor-1/project_3/project_3.srcs/sources_1/new/dp.v:73]
	Parameter TICK_COUNT bound to: 24 - type: integer 
INFO: [Synth 8-6155] done synthesizing module 'time_counter__parameterized1' (12#1) [C:/Users/kccistc/Desktop/250325_Uart_Sensor-1/project_3/project_3.srcs/sources_1/new/dp.v:73]
WARNING: [Synth 8-689] width (5) of port connection 'o_time' does not match port width (7) of module 'time_counter__parameterized1' [C:/Users/kccistc/Desktop/250325_Uart_Sensor-1/project_3/project_3.srcs/sources_1/new/dp.v:56]
INFO: [Synth 8-6157] synthesizing module 'clk_div_100' [C:/Users/kccistc/Desktop/250325_Uart_Sensor-1/project_3/project_3.srcs/sources_1/new/dp.v:114]
	Parameter FCOUNT bound to: 5000000 - type: integer 
INFO: [Synth 8-6155] done synthesizing module 'clk_div_100' (13#1) [C:/Users/kccistc/Desktop/250325_Uart_Sensor-1/project_3/project_3.srcs/sources_1/new/dp.v:114]
INFO: [Synth 8-6155] done synthesizing module 'stopwatch_dp' (14#1) [C:/Users/kccistc/Desktop/250325_Uart_Sensor-1/project_3/project_3.srcs/sources_1/new/dp.v:3]
WARNING: [Synth 8-689] width (6) of port connection 'sec' does not match port width (7) of module 'stopwatch_dp' [C:/Users/kccistc/Desktop/250325_Uart_Sensor-1/project_3/project_3.srcs/sources_1/new/top.v:169]
WARNING: [Synth 8-689] width (6) of port connection 'min' does not match port width (7) of module 'stopwatch_dp' [C:/Users/kccistc/Desktop/250325_Uart_Sensor-1/project_3/project_3.srcs/sources_1/new/top.v:170]
INFO: [Synth 8-6157] synthesizing module 'clock' [C:/Users/kccistc/Desktop/250325_Uart_Sensor-1/project_3/project_3.srcs/sources_1/new/clock.v:3]
INFO: [Synth 8-6155] done synthesizing module 'clock' (15#1) [C:/Users/kccistc/Desktop/250325_Uart_Sensor-1/project_3/project_3.srcs/sources_1/new/clock.v:3]
INFO: [Synth 8-6157] synthesizing module 'ultrasonic_distance_meter' [C:/Users/kccistc/Desktop/250325_Uart_Sensor-1/project_3/project_3.srcs/sources_1/new/top_1.v:1]
INFO: [Synth 8-6157] synthesizing module 'tick_generator' [C:/Users/kccistc/Desktop/250325_Uart_Sensor-1/project_3/project_3.srcs/sources_1/new/fnd.v:438]
INFO: [Synth 8-6155] done synthesizing module 'tick_generator' (16#1) [C:/Users/kccistc/Desktop/250325_Uart_Sensor-1/project_3/project_3.srcs/sources_1/new/fnd.v:438]
INFO: [Synth 8-6157] synthesizing module 'led_controller' [C:/Users/kccistc/Desktop/250325_Uart_Sensor-1/project_3/project_3.srcs/sources_1/new/led_indi.v:1]
INFO: [Synth 8-6155] done synthesizing module 'led_controller' (17#1) [C:/Users/kccistc/Desktop/250325_Uart_Sensor-1/project_3/project_3.srcs/sources_1/new/led_indi.v:1]
INFO: [Synth 8-6157] synthesizing module 'cu' [C:/Users/kccistc/Desktop/250325_Uart_Sensor-1/project_3/project_3.srcs/sources_1/new/cu_1.v:1]
	Parameter IDLE bound to: 2'b00 
	Parameter TRIGGER bound to: 2'b01 
	Parameter WAIT_ECHO bound to: 2'b10 
	Parameter COUNT_ECHO bound to: 2'b11 
	Parameter TRIGGER_TIMEOUT bound to: 2000 - type: integer 
	Parameter WAIT_ECHO_TIMEOUT bound to: 250000 - type: integer 
	Parameter COUNT_ECHO_TIMEOUT bound to: 250000 - type: integer 
	Parameter IDLE_TIMEOUT_MS bound to: 100 - type: integer 
INFO: [Synth 8-226] default block is never used [C:/Users/kccistc/Desktop/250325_Uart_Sensor-1/project_3/project_3.srcs/sources_1/new/cu_1.v:75]
INFO: [Synth 8-226] default block is never used [C:/Users/kccistc/Desktop/250325_Uart_Sensor-1/project_3/project_3.srcs/sources_1/new/cu_1.v:190]
INFO: [Synth 8-6155] done synthesizing module 'cu' (18#1) [C:/Users/kccistc/Desktop/250325_Uart_Sensor-1/project_3/project_3.srcs/sources_1/new/cu_1.v:1]
INFO: [Synth 8-6157] synthesizing module 'dp' [C:/Users/kccistc/Desktop/250325_Uart_Sensor-1/project_3/project_3.srcs/sources_1/new/dp_1.v:2]
INFO: [Synth 8-6155] done synthesizing module 'dp' (19#1) [C:/Users/kccistc/Desktop/250325_Uart_Sensor-1/project_3/project_3.srcs/sources_1/new/dp_1.v:2]
INFO: [Synth 8-6157] synthesizing module 'fnd_controller' [C:/Users/kccistc/Desktop/250325_Uart_Sensor-1/project_3/project_3.srcs/sources_1/new/fnd.v:1]
INFO: [Synth 8-6157] synthesizing module 'clk_divider' [C:/Users/kccistc/Desktop/250325_Uart_Sensor-1/project_3/project_3.srcs/sources_1/new/fnd.v:213]
	Parameter FCOUNT bound to: 100000 - type: integer 
INFO: [Synth 8-6155] done synthesizing module 'clk_divider' (20#1) [C:/Users/kccistc/Desktop/250325_Uart_Sensor-1/project_3/project_3.srcs/sources_1/new/fnd.v:213]
INFO: [Synth 8-6157] synthesizing module 'counter_8' [C:/Users/kccistc/Desktop/250325_Uart_Sensor-1/project_3/project_3.srcs/sources_1/new/fnd.v:246]
INFO: [Synth 8-6155] done synthesizing module 'counter_8' (21#1) [C:/Users/kccistc/Desktop/250325_Uart_Sensor-1/project_3/project_3.srcs/sources_1/new/fnd.v:246]
INFO: [Synth 8-6157] synthesizing module 'decoder_3x8' [C:/Users/kccistc/Desktop/250325_Uart_Sensor-1/project_3/project_3.srcs/sources_1/new/fnd.v:267]
INFO: [Synth 8-226] default block is never used [C:/Users/kccistc/Desktop/250325_Uart_Sensor-1/project_3/project_3.srcs/sources_1/new/fnd.v:273]
INFO: [Synth 8-6155] done synthesizing module 'decoder_3x8' (22#1) [C:/Users/kccistc/Desktop/250325_Uart_Sensor-1/project_3/project_3.srcs/sources_1/new/fnd.v:267]
INFO: [Synth 8-6157] synthesizing module 'digit_splitter' [C:/Users/kccistc/Desktop/250325_Uart_Sensor-1/project_3/project_3.srcs/sources_1/new/fnd.v:294]
	Parameter BIT_WIDTH bound to: 7 - type: integer 
INFO: [Synth 8-6155] done synthesizing module 'digit_splitter' (23#1) [C:/Users/kccistc/Desktop/250325_Uart_Sensor-1/project_3/project_3.srcs/sources_1/new/fnd.v:294]
INFO: [Synth 8-6157] synthesizing module 'digit_splitter__parameterized0' [C:/Users/kccistc/Desktop/250325_Uart_Sensor-1/project_3/project_3.srcs/sources_1/new/fnd.v:294]
	Parameter BIT_WIDTH bound to: 6 - type: integer 
INFO: [Synth 8-6155] done synthesizing module 'digit_splitter__parameterized0' (23#1) [C:/Users/kccistc/Desktop/250325_Uart_Sensor-1/project_3/project_3.srcs/sources_1/new/fnd.v:294]
INFO: [Synth 8-6157] synthesizing module 'digit_splitter__parameterized1' [C:/Users/kccistc/Desktop/250325_Uart_Sensor-1/project_3/project_3.srcs/sources_1/new/fnd.v:294]
	Parameter BIT_WIDTH bound to: 5 - type: integer 
INFO: [Synth 8-6155] done synthesizing module 'digit_splitter__parameterized1' (23#1) [C:/Users/kccistc/Desktop/250325_Uart_Sensor-1/project_3/project_3.srcs/sources_1/new/fnd.v:294]
INFO: [Synth 8-155] case statement is not full and has no default [C:/Users/kccistc/Desktop/250325_Uart_Sensor-1/project_3/project_3.srcs/sources_1/new/fnd.v:109]
INFO: [Synth 8-6157] synthesizing module 'bcdtoseg' [C:/Users/kccistc/Desktop/250325_Uart_Sensor-1/project_3/project_3.srcs/sources_1/new/fnd.v:367]
INFO: [Synth 8-226] default block is never used [C:/Users/kccistc/Desktop/250325_Uart_Sensor-1/project_3/project_3.srcs/sources_1/new/fnd.v:372]
INFO: [Synth 8-6155] done synthesizing module 'bcdtoseg' (24#1) [C:/Users/kccistc/Desktop/250325_Uart_Sensor-1/project_3/project_3.srcs/sources_1/new/fnd.v:367]
INFO: [Synth 8-6155] done synthesizing module 'fnd_controller' (25#1) [C:/Users/kccistc/Desktop/250325_Uart_Sensor-1/project_3/project_3.srcs/sources_1/new/fnd.v:1]
INFO: [Synth 8-6155] done synthesizing module 'ultrasonic_distance_meter' (26#1) [C:/Users/kccistc/Desktop/250325_Uart_Sensor-1/project_3/project_3.srcs/sources_1/new/top_1.v:1]
INFO: [Synth 8-6157] synthesizing module 'dut_ctr' [C:/Users/kccistc/Desktop/250325_Uart_Sensor-1/project_3/project_3.srcs/sources_1/new/dut_ctr_2.v:5]
	Parameter IDLE bound to: 4'b0000 
	Parameter START bound to: 4'b0001 
	Parameter WAIT bound to: 4'b0010 
	Parameter SYNC_LOW bound to: 4'b0011 
	Parameter SYNC_HIGH bound to: 4'b0100 
	Parameter DATA_SYNC bound to: 4'b0101 
	Parameter DATA_BIT bound to: 4'b0110 
	Parameter STOP bound to: 4'b0111 
	Parameter READ bound to: 4'b1000 
	Parameter MAX_BITS bound to: 3 - type: integer 
INFO: [Synth 8-6155] done synthesizing module 'dut_ctr' (27#1) [C:/Users/kccistc/Desktop/250325_Uart_Sensor-1/project_3/project_3.srcs/sources_1/new/dut_ctr_2.v:5]
INFO: [Synth 8-6157] synthesizing module 'display_mux' [C:/Users/kccistc/Desktop/250325_Uart_Sensor-1/project_3/project_3.srcs/sources_1/new/display.v:1]
	Parameter STATE_0 bound to: 3'b000 
	Parameter STATE_1 bound to: 3'b001 
	Parameter STATE_2 bound to: 3'b010 
	Parameter STATE_3 bound to: 3'b011 
	Parameter STATE_4 bound to: 3'b100 
	Parameter STATE_5 bound to: 3'b101 
	Parameter STATE_6 bound to: 3'b110 
	Parameter STATE_7 bound to: 3'b111 
INFO: [Synth 8-226] default block is never used [C:/Users/kccistc/Desktop/250325_Uart_Sensor-1/project_3/project_3.srcs/sources_1/new/display.v:26]
INFO: [Synth 8-6155] done synthesizing module 'display_mux' (28#1) [C:/Users/kccistc/Desktop/250325_Uart_Sensor-1/project_3/project_3.srcs/sources_1/new/display.v:1]
INFO: [Synth 8-6155] done synthesizing module 'top_stopwatch' (29#1) [C:/Users/kccistc/Desktop/250325_Uart_Sensor-1/project_3/project_3.srcs/sources_1/new/top.v:1]
---------------------------------------------------------------------------------
Finished RTL Elaboration : Time (s): cpu = 00:00:04 ; elapsed = 00:00:03 . Memory (MB): peak = 1531.297 ; gain = 308.996
---------------------------------------------------------------------------------
---------------------------------------------------------------------------------
Start Handling Custom Attributes
---------------------------------------------------------------------------------
---------------------------------------------------------------------------------
Finished Handling Custom Attributes : Time (s): cpu = 00:00:04 ; elapsed = 00:00:04 . Memory (MB): peak = 1531.297 ; gain = 308.996
---------------------------------------------------------------------------------
---------------------------------------------------------------------------------
Finished RTL Optimization Phase 1 : Time (s): cpu = 00:00:04 ; elapsed = 00:00:04 . Memory (MB): peak = 1531.297 ; gain = 308.996
---------------------------------------------------------------------------------
Netlist sorting complete. Time (s): cpu = 00:00:00 ; elapsed = 00:00:00.013 . Memory (MB): peak = 1531.297 ; gain = 0.000
INFO: [Project 1-570] Preparing netlist for logic optimization

Processing XDC Constraints
Initializing timing engine
Parsing XDC File [D:/XDC/Basys-3-Master.xdc]
WARNING: [Vivado 12-584] No ports matched 'idle'. [D:/XDC/Basys-3-Master.xdc:49]
CRITICAL WARNING: [Common 17-55] 'set_property' expects at least one object. [D:/XDC/Basys-3-Master.xdc:49]
Resolution: If [get_<value>] was used to populate the object, check to make sure this command returns at least one valid object.
WARNING: [Vivado 12-584] No ports matched 'start'. [D:/XDC/Basys-3-Master.xdc:50]
CRITICAL WARNING: [Common 17-55] 'set_property' expects at least one object. [D:/XDC/Basys-3-Master.xdc:50]
Resolution: If [get_<value>] was used to populate the object, check to make sure this command returns at least one valid object.
WARNING: [Vivado 12-584] No ports matched 'read'. [D:/XDC/Basys-3-Master.xdc:51]
CRITICAL WARNING: [Common 17-55] 'set_property' expects at least one object. [D:/XDC/Basys-3-Master.xdc:51]
Resolution: If [get_<value>] was used to populate the object, check to make sure this command returns at least one valid object.
WARNING: [Vivado 12-584] No ports matched 'dut_io'. [D:/XDC/Basys-3-Master.xdc:52]
CRITICAL WARNING: [Common 17-55] 'set_property' expects at least one object. [D:/XDC/Basys-3-Master.xdc:52]
Resolution: If [get_<value>] was used to populate the object, check to make sure this command returns at least one valid object.
WARNING: [Vivado 12-584] No ports matched 'data_sync_out'. [D:/XDC/Basys-3-Master.xdc:53]
CRITICAL WARNING: [Common 17-55] 'set_property' expects at least one object. [D:/XDC/Basys-3-Master.xdc:53]
Resolution: If [get_<value>] was used to populate the object, check to make sure this command returns at least one valid object.
WARNING: [Vivado 12-584] No ports matched 'data_bit_out'. [D:/XDC/Basys-3-Master.xdc:56]
CRITICAL WARNING: [Common 17-55] 'set_property' expects at least one object. [D:/XDC/Basys-3-Master.xdc:56]
Resolution: If [get_<value>] was used to populate the object, check to make sure this command returns at least one valid object.
WARNING: [Vivado 12-584] No ports matched 'fsm_error'. [D:/XDC/Basys-3-Master.xdc:57]
CRITICAL WARNING: [Common 17-55] 'set_property' expects at least one object. [D:/XDC/Basys-3-Master.xdc:57]
Resolution: If [get_<value>] was used to populate the object, check to make sure this command returns at least one valid object.
WARNING: [Vivado 12-584] No ports matched 'stop_out'. [D:/XDC/Basys-3-Master.xdc:58]
CRITICAL WARNING: [Common 17-55] 'set_property' expects at least one object. [D:/XDC/Basys-3-Master.xdc:58]
Resolution: If [get_<value>] was used to populate the object, check to make sure this command returns at least one valid object.
WARNING: [Vivado 12-584] No ports matched 'sync_low_out'. [D:/XDC/Basys-3-Master.xdc:59]
CRITICAL WARNING: [Common 17-55] 'set_property' expects at least one object. [D:/XDC/Basys-3-Master.xdc:59]
Resolution: If [get_<value>] was used to populate the object, check to make sure this command returns at least one valid object.
WARNING: [Vivado 12-584] No ports matched 'sync_high_out'. [D:/XDC/Basys-3-Master.xdc:60]
CRITICAL WARNING: [Common 17-55] 'set_property' expects at least one object. [D:/XDC/Basys-3-Master.xdc:60]
Resolution: If [get_<value>] was used to populate the object, check to make sure this command returns at least one valid object.
WARNING: [Vivado 12-584] No ports matched 'wait_state'. [D:/XDC/Basys-3-Master.xdc:61]
CRITICAL WARNING: [Common 17-55] 'set_property' expects at least one object. [D:/XDC/Basys-3-Master.xdc:61]
Resolution: If [get_<value>] was used to populate the object, check to make sure this command returns at least one valid object.
Finished Parsing XDC File [D:/XDC/Basys-3-Master.xdc]
Completed Processing XDC Constraints

Netlist sorting complete. Time (s): cpu = 00:00:00 ; elapsed = 00:00:00 . Memory (MB): peak = 1650.371 ; gain = 0.000
INFO: [Project 1-111] Unisim Transformation Summary:
No Unisim elements were transformed.

RTL Elaboration Complete:  : Time (s): cpu = 00:00:14 ; elapsed = 00:00:07 . Memory (MB): peak = 1819.598 ; gain = 597.297
76 Infos, 21 Warnings, 11 Critical Warnings and 0 Errors encountered.
synth_design completed successfully
synth_design: Time (s): cpu = 00:00:16 ; elapsed = 00:00:11 . Memory (MB): peak = 1819.598 ; gain = 714.664
refresh_design
INFO: [Project 1-570] Preparing netlist for logic optimization

Processing XDC Constraints
Initializing timing engine
Parsing XDC File [D:/XDC/Basys-3-Master.xdc]
WARNING: [Vivado 12-584] No ports matched 'idle'. [D:/XDC/Basys-3-Master.xdc:49]
CRITICAL WARNING: [Common 17-55] 'set_property' expects at least one object. [D:/XDC/Basys-3-Master.xdc:49]
Resolution: If [get_<value>] was used to populate the object, check to make sure this command returns at least one valid object.
WARNING: [Vivado 12-584] No ports matched 'start'. [D:/XDC/Basys-3-Master.xdc:50]
CRITICAL WARNING: [Common 17-55] 'set_property' expects at least one object. [D:/XDC/Basys-3-Master.xdc:50]
Resolution: If [get_<value>] was used to populate the object, check to make sure this command returns at least one valid object.
WARNING: [Vivado 12-584] No ports matched 'read'. [D:/XDC/Basys-3-Master.xdc:51]
CRITICAL WARNING: [Common 17-55] 'set_property' expects at least one object. [D:/XDC/Basys-3-Master.xdc:51]
Resolution: If [get_<value>] was used to populate the object, check to make sure this command returns at least one valid object.
WARNING: [Vivado 12-584] No ports matched 'dut_io'. [D:/XDC/Basys-3-Master.xdc:52]
CRITICAL WARNING: [Common 17-55] 'set_property' expects at least one object. [D:/XDC/Basys-3-Master.xdc:52]
Resolution: If [get_<value>] was used to populate the object, check to make sure this command returns at least one valid object.
WARNING: [Vivado 12-584] No ports matched 'data_sync_out'. [D:/XDC/Basys-3-Master.xdc:53]
CRITICAL WARNING: [Common 17-55] 'set_property' expects at least one object. [D:/XDC/Basys-3-Master.xdc:53]
Resolution: If [get_<value>] was used to populate the object, check to make sure this command returns at least one valid object.
WARNING: [Vivado 12-584] No ports matched 'data_bit_out'. [D:/XDC/Basys-3-Master.xdc:56]
CRITICAL WARNING: [Common 17-55] 'set_property' expects at least one object. [D:/XDC/Basys-3-Master.xdc:56]
Resolution: If [get_<value>] was used to populate the object, check to make sure this command returns at least one valid object.
WARNING: [Vivado 12-584] No ports matched 'fsm_error'. [D:/XDC/Basys-3-Master.xdc:57]
CRITICAL WARNING: [Common 17-55] 'set_property' expects at least one object. [D:/XDC/Basys-3-Master.xdc:57]
Resolution: If [get_<value>] was used to populate the object, check to make sure this command returns at least one valid object.
WARNING: [Vivado 12-584] No ports matched 'stop_out'. [D:/XDC/Basys-3-Master.xdc:58]
CRITICAL WARNING: [Common 17-55] 'set_property' expects at least one object. [D:/XDC/Basys-3-Master.xdc:58]
Resolution: If [get_<value>] was used to populate the object, check to make sure this command returns at least one valid object.
WARNING: [Vivado 12-584] No ports matched 'sync_low_out'. [D:/XDC/Basys-3-Master.xdc:59]
CRITICAL WARNING: [Common 17-55] 'set_property' expects at least one object. [D:/XDC/Basys-3-Master.xdc:59]
Resolution: If [get_<value>] was used to populate the object, check to make sure this command returns at least one valid object.
WARNING: [Vivado 12-584] No ports matched 'sync_high_out'. [D:/XDC/Basys-3-Master.xdc:60]
CRITICAL WARNING: [Common 17-55] 'set_property' expects at least one object. [D:/XDC/Basys-3-Master.xdc:60]
Resolution: If [get_<value>] was used to populate the object, check to make sure this command returns at least one valid object.
WARNING: [Vivado 12-584] No ports matched 'wait_state'. [D:/XDC/Basys-3-Master.xdc:61]
CRITICAL WARNING: [Common 17-55] 'set_property' expects at least one object. [D:/XDC/Basys-3-Master.xdc:61]
Resolution: If [get_<value>] was used to populate the object, check to make sure this command returns at least one valid object.
Finished Parsing XDC File [D:/XDC/Basys-3-Master.xdc]
Completed Processing XDC Constraints

reset_run synth_1
launch_runs impl_1 -to_step write_bitstream -jobs 8
[Thu Mar 27 11:48:17 2025] Launched synth_1...
Run output will be captured here: C:/Users/kccistc/Desktop/250325_Uart_Sensor-1/project_3/project_3.runs/synth_1/runme.log
[Thu Mar 27 11:48:18 2025] Launched impl_1...
Run output will be captured here: C:/Users/kccistc/Desktop/250325_Uart_Sensor-1/project_3/project_3.runs/impl_1/runme.log
set_property IOSTANDARD LVCMOS18 [get_ports [list {led[0]}]]
export_ip_user_files -of_objects  [get_files D:/XDC/Basys-3-Master.xdc] -no_script -reset -force -quiet
remove_files  -fileset constrs_1 D:/XDC/Basys-3-Master.xdc
add_files -fileset constrs_1 -norecurse D:/XDC/Basys-3-Master.xdc
refresh_design
INFO: [Project 1-570] Preparing netlist for logic optimization

Processing XDC Constraints
Initializing timing engine
Parsing XDC File [D:/XDC/Basys-3-Master.xdc]
WARNING: [Vivado 12-584] No ports matched 'idle'. [D:/XDC/Basys-3-Master.xdc:49]
CRITICAL WARNING: [Common 17-55] 'set_property' expects at least one object. [D:/XDC/Basys-3-Master.xdc:49]
Resolution: If [get_<value>] was used to populate the object, check to make sure this command returns at least one valid object.
WARNING: [Vivado 12-584] No ports matched 'start'. [D:/XDC/Basys-3-Master.xdc:50]
CRITICAL WARNING: [Common 17-55] 'set_property' expects at least one object. [D:/XDC/Basys-3-Master.xdc:50]
Resolution: If [get_<value>] was used to populate the object, check to make sure this command returns at least one valid object.
WARNING: [Vivado 12-584] No ports matched 'read'. [D:/XDC/Basys-3-Master.xdc:51]
CRITICAL WARNING: [Common 17-55] 'set_property' expects at least one object. [D:/XDC/Basys-3-Master.xdc:51]
Resolution: If [get_<value>] was used to populate the object, check to make sure this command returns at least one valid object.
WARNING: [Vivado 12-584] No ports matched 'dut_io'. [D:/XDC/Basys-3-Master.xdc:52]
CRITICAL WARNING: [Common 17-55] 'set_property' expects at least one object. [D:/XDC/Basys-3-Master.xdc:52]
Resolution: If [get_<value>] was used to populate the object, check to make sure this command returns at least one valid object.
WARNING: [Vivado 12-584] No ports matched 'data_sync_out'. [D:/XDC/Basys-3-Master.xdc:53]
CRITICAL WARNING: [Common 17-55] 'set_property' expects at least one object. [D:/XDC/Basys-3-Master.xdc:53]
Resolution: If [get_<value>] was used to populate the object, check to make sure this command returns at least one valid object.
WARNING: [Vivado 12-584] No ports matched 'data_bit_out'. [D:/XDC/Basys-3-Master.xdc:56]
CRITICAL WARNING: [Common 17-55] 'set_property' expects at least one object. [D:/XDC/Basys-3-Master.xdc:56]
Resolution: If [get_<value>] was used to populate the object, check to make sure this command returns at least one valid object.
WARNING: [Vivado 12-584] No ports matched 'fsm_error'. [D:/XDC/Basys-3-Master.xdc:57]
CRITICAL WARNING: [Common 17-55] 'set_property' expects at least one object. [D:/XDC/Basys-3-Master.xdc:57]
Resolution: If [get_<value>] was used to populate the object, check to make sure this command returns at least one valid object.
WARNING: [Vivado 12-584] No ports matched 'stop_out'. [D:/XDC/Basys-3-Master.xdc:58]
CRITICAL WARNING: [Common 17-55] 'set_property' expects at least one object. [D:/XDC/Basys-3-Master.xdc:58]
Resolution: If [get_<value>] was used to populate the object, check to make sure this command returns at least one valid object.
WARNING: [Vivado 12-584] No ports matched 'sync_low_out'. [D:/XDC/Basys-3-Master.xdc:59]
CRITICAL WARNING: [Common 17-55] 'set_property' expects at least one object. [D:/XDC/Basys-3-Master.xdc:59]
Resolution: If [get_<value>] was used to populate the object, check to make sure this command returns at least one valid object.
WARNING: [Vivado 12-584] No ports matched 'sync_high_out'. [D:/XDC/Basys-3-Master.xdc:60]
CRITICAL WARNING: [Common 17-55] 'set_property' expects at least one object. [D:/XDC/Basys-3-Master.xdc:60]
Resolution: If [get_<value>] was used to populate the object, check to make sure this command returns at least one valid object.
WARNING: [Vivado 12-584] No ports matched 'wait_state'. [D:/XDC/Basys-3-Master.xdc:61]
CRITICAL WARNING: [Common 17-55] 'set_property' expects at least one object. [D:/XDC/Basys-3-Master.xdc:61]
Resolution: If [get_<value>] was used to populate the object, check to make sure this command returns at least one valid object.
Finished Parsing XDC File [D:/XDC/Basys-3-Master.xdc]
Completed Processing XDC Constraints

refresh_design
INFO: [Project 1-570] Preparing netlist for logic optimization

Processing XDC Constraints
Initializing timing engine
Parsing XDC File [D:/XDC/Basys-3-Master.xdc]
WARNING: [Vivado 12-584] No ports matched 'idle'. [D:/XDC/Basys-3-Master.xdc:49]
CRITICAL WARNING: [Common 17-55] 'set_property' expects at least one object. [D:/XDC/Basys-3-Master.xdc:49]
Resolution: If [get_<value>] was used to populate the object, check to make sure this command returns at least one valid object.
WARNING: [Vivado 12-584] No ports matched 'start'. [D:/XDC/Basys-3-Master.xdc:50]
CRITICAL WARNING: [Common 17-55] 'set_property' expects at least one object. [D:/XDC/Basys-3-Master.xdc:50]
Resolution: If [get_<value>] was used to populate the object, check to make sure this command returns at least one valid object.
WARNING: [Vivado 12-584] No ports matched 'read'. [D:/XDC/Basys-3-Master.xdc:51]
CRITICAL WARNING: [Common 17-55] 'set_property' expects at least one object. [D:/XDC/Basys-3-Master.xdc:51]
Resolution: If [get_<value>] was used to populate the object, check to make sure this command returns at least one valid object.
WARNING: [Vivado 12-584] No ports matched 'dut_io'. [D:/XDC/Basys-3-Master.xdc:52]
CRITICAL WARNING: [Common 17-55] 'set_property' expects at least one object. [D:/XDC/Basys-3-Master.xdc:52]
Resolution: If [get_<value>] was used to populate the object, check to make sure this command returns at least one valid object.
WARNING: [Vivado 12-584] No ports matched 'data_sync_out'. [D:/XDC/Basys-3-Master.xdc:53]
CRITICAL WARNING: [Common 17-55] 'set_property' expects at least one object. [D:/XDC/Basys-3-Master.xdc:53]
Resolution: If [get_<value>] was used to populate the object, check to make sure this command returns at least one valid object.
WARNING: [Vivado 12-584] No ports matched 'data_bit_out'. [D:/XDC/Basys-3-Master.xdc:56]
CRITICAL WARNING: [Common 17-55] 'set_property' expects at least one object. [D:/XDC/Basys-3-Master.xdc:56]
Resolution: If [get_<value>] was used to populate the object, check to make sure this command returns at least one valid object.
WARNING: [Vivado 12-584] No ports matched 'fsm_error'. [D:/XDC/Basys-3-Master.xdc:57]
CRITICAL WARNING: [Common 17-55] 'set_property' expects at least one object. [D:/XDC/Basys-3-Master.xdc:57]
Resolution: If [get_<value>] was used to populate the object, check to make sure this command returns at least one valid object.
WARNING: [Vivado 12-584] No ports matched 'stop_out'. [D:/XDC/Basys-3-Master.xdc:58]
CRITICAL WARNING: [Common 17-55] 'set_property' expects at least one object. [D:/XDC/Basys-3-Master.xdc:58]
Resolution: If [get_<value>] was used to populate the object, check to make sure this command returns at least one valid object.
WARNING: [Vivado 12-584] No ports matched 'sync_low_out'. [D:/XDC/Basys-3-Master.xdc:59]
CRITICAL WARNING: [Common 17-55] 'set_property' expects at least one object. [D:/XDC/Basys-3-Master.xdc:59]
Resolution: If [get_<value>] was used to populate the object, check to make sure this command returns at least one valid object.
WARNING: [Vivado 12-584] No ports matched 'sync_high_out'. [D:/XDC/Basys-3-Master.xdc:60]
CRITICAL WARNING: [Common 17-55] 'set_property' expects at least one object. [D:/XDC/Basys-3-Master.xdc:60]
Resolution: If [get_<value>] was used to populate the object, check to make sure this command returns at least one valid object.
WARNING: [Vivado 12-584] No ports matched 'wait_state'. [D:/XDC/Basys-3-Master.xdc:61]
CRITICAL WARNING: [Common 17-55] 'set_property' expects at least one object. [D:/XDC/Basys-3-Master.xdc:61]
Resolution: If [get_<value>] was used to populate the object, check to make sure this command returns at least one valid object.
Finished Parsing XDC File [D:/XDC/Basys-3-Master.xdc]
Completed Processing XDC Constraints

refresh_design
INFO: [Project 1-570] Preparing netlist for logic optimization

Processing XDC Constraints
Initializing timing engine
Parsing XDC File [D:/XDC/Basys-3-Master.xdc]
WARNING: [Vivado 12-584] No ports matched 'idle'. [D:/XDC/Basys-3-Master.xdc:49]
CRITICAL WARNING: [Common 17-55] 'set_property' expects at least one object. [D:/XDC/Basys-3-Master.xdc:49]
Resolution: If [get_<value>] was used to populate the object, check to make sure this command returns at least one valid object.
WARNING: [Vivado 12-584] No ports matched 'start'. [D:/XDC/Basys-3-Master.xdc:50]
CRITICAL WARNING: [Common 17-55] 'set_property' expects at least one object. [D:/XDC/Basys-3-Master.xdc:50]
Resolution: If [get_<value>] was used to populate the object, check to make sure this command returns at least one valid object.
WARNING: [Vivado 12-584] No ports matched 'read'. [D:/XDC/Basys-3-Master.xdc:51]
CRITICAL WARNING: [Common 17-55] 'set_property' expects at least one object. [D:/XDC/Basys-3-Master.xdc:51]
Resolution: If [get_<value>] was used to populate the object, check to make sure this command returns at least one valid object.
WARNING: [Vivado 12-584] No ports matched 'dut_io'. [D:/XDC/Basys-3-Master.xdc:52]
CRITICAL WARNING: [Common 17-55] 'set_property' expects at least one object. [D:/XDC/Basys-3-Master.xdc:52]
Resolution: If [get_<value>] was used to populate the object, check to make sure this command returns at least one valid object.
WARNING: [Vivado 12-584] No ports matched 'data_sync_out'. [D:/XDC/Basys-3-Master.xdc:53]
CRITICAL WARNING: [Common 17-55] 'set_property' expects at least one object. [D:/XDC/Basys-3-Master.xdc:53]
Resolution: If [get_<value>] was used to populate the object, check to make sure this command returns at least one valid object.
WARNING: [Vivado 12-584] No ports matched 'data_bit_out'. [D:/XDC/Basys-3-Master.xdc:56]
CRITICAL WARNING: [Common 17-55] 'set_property' expects at least one object. [D:/XDC/Basys-3-Master.xdc:56]
Resolution: If [get_<value>] was used to populate the object, check to make sure this command returns at least one valid object.
WARNING: [Vivado 12-584] No ports matched 'fsm_error'. [D:/XDC/Basys-3-Master.xdc:57]
CRITICAL WARNING: [Common 17-55] 'set_property' expects at least one object. [D:/XDC/Basys-3-Master.xdc:57]
Resolution: If [get_<value>] was used to populate the object, check to make sure this command returns at least one valid object.
WARNING: [Vivado 12-584] No ports matched 'stop_out'. [D:/XDC/Basys-3-Master.xdc:58]
CRITICAL WARNING: [Common 17-55] 'set_property' expects at least one object. [D:/XDC/Basys-3-Master.xdc:58]
Resolution: If [get_<value>] was used to populate the object, check to make sure this command returns at least one valid object.
WARNING: [Vivado 12-584] No ports matched 'sync_low_out'. [D:/XDC/Basys-3-Master.xdc:59]
CRITICAL WARNING: [Common 17-55] 'set_property' expects at least one object. [D:/XDC/Basys-3-Master.xdc:59]
Resolution: If [get_<value>] was used to populate the object, check to make sure this command returns at least one valid object.
WARNING: [Vivado 12-584] No ports matched 'sync_high_out'. [D:/XDC/Basys-3-Master.xdc:60]
CRITICAL WARNING: [Common 17-55] 'set_property' expects at least one object. [D:/XDC/Basys-3-Master.xdc:60]
Resolution: If [get_<value>] was used to populate the object, check to make sure this command returns at least one valid object.
WARNING: [Vivado 12-584] No ports matched 'wait_state'. [D:/XDC/Basys-3-Master.xdc:61]
CRITICAL WARNING: [Common 17-55] 'set_property' expects at least one object. [D:/XDC/Basys-3-Master.xdc:61]
Resolution: If [get_<value>] was used to populate the object, check to make sure this command returns at least one valid object.
Finished Parsing XDC File [D:/XDC/Basys-3-Master.xdc]
Completed Processing XDC Constraints

refresh_design
INFO: [Project 1-570] Preparing netlist for logic optimization

Processing XDC Constraints
Initializing timing engine
Parsing XDC File [D:/XDC/Basys-3-Master.xdc]
WARNING: [Vivado 12-584] No ports matched 'idle'. [D:/XDC/Basys-3-Master.xdc:49]
CRITICAL WARNING: [Common 17-55] 'set_property' expects at least one object. [D:/XDC/Basys-3-Master.xdc:49]
Resolution: If [get_<value>] was used to populate the object, check to make sure this command returns at least one valid object.
WARNING: [Vivado 12-584] No ports matched 'start'. [D:/XDC/Basys-3-Master.xdc:50]
CRITICAL WARNING: [Common 17-55] 'set_property' expects at least one object. [D:/XDC/Basys-3-Master.xdc:50]
Resolution: If [get_<value>] was used to populate the object, check to make sure this command returns at least one valid object.
WARNING: [Vivado 12-584] No ports matched 'read'. [D:/XDC/Basys-3-Master.xdc:51]
CRITICAL WARNING: [Common 17-55] 'set_property' expects at least one object. [D:/XDC/Basys-3-Master.xdc:51]
Resolution: If [get_<value>] was used to populate the object, check to make sure this command returns at least one valid object.
WARNING: [Vivado 12-584] No ports matched 'dut_io'. [D:/XDC/Basys-3-Master.xdc:52]
CRITICAL WARNING: [Common 17-55] 'set_property' expects at least one object. [D:/XDC/Basys-3-Master.xdc:52]
Resolution: If [get_<value>] was used to populate the object, check to make sure this command returns at least one valid object.
WARNING: [Vivado 12-584] No ports matched 'data_sync_out'. [D:/XDC/Basys-3-Master.xdc:53]
CRITICAL WARNING: [Common 17-55] 'set_property' expects at least one object. [D:/XDC/Basys-3-Master.xdc:53]
Resolution: If [get_<value>] was used to populate the object, check to make sure this command returns at least one valid object.
WARNING: [Vivado 12-584] No ports matched 'data_bit_out'. [D:/XDC/Basys-3-Master.xdc:56]
CRITICAL WARNING: [Common 17-55] 'set_property' expects at least one object. [D:/XDC/Basys-3-Master.xdc:56]
Resolution: If [get_<value>] was used to populate the object, check to make sure this command returns at least one valid object.
WARNING: [Vivado 12-584] No ports matched 'fsm_error'. [D:/XDC/Basys-3-Master.xdc:57]
CRITICAL WARNING: [Common 17-55] 'set_property' expects at least one object. [D:/XDC/Basys-3-Master.xdc:57]
Resolution: If [get_<value>] was used to populate the object, check to make sure this command returns at least one valid object.
WARNING: [Vivado 12-584] No ports matched 'stop_out'. [D:/XDC/Basys-3-Master.xdc:58]
CRITICAL WARNING: [Common 17-55] 'set_property' expects at least one object. [D:/XDC/Basys-3-Master.xdc:58]
Resolution: If [get_<value>] was used to populate the object, check to make sure this command returns at least one valid object.
WARNING: [Vivado 12-584] No ports matched 'sync_low_out'. [D:/XDC/Basys-3-Master.xdc:59]
CRITICAL WARNING: [Common 17-55] 'set_property' expects at least one object. [D:/XDC/Basys-3-Master.xdc:59]
Resolution: If [get_<value>] was used to populate the object, check to make sure this command returns at least one valid object.
WARNING: [Vivado 12-584] No ports matched 'sync_high_out'. [D:/XDC/Basys-3-Master.xdc:60]
CRITICAL WARNING: [Common 17-55] 'set_property' expects at least one object. [D:/XDC/Basys-3-Master.xdc:60]
Resolution: If [get_<value>] was used to populate the object, check to make sure this command returns at least one valid object.
WARNING: [Vivado 12-584] No ports matched 'wait_state'. [D:/XDC/Basys-3-Master.xdc:61]
CRITICAL WARNING: [Common 17-55] 'set_property' expects at least one object. [D:/XDC/Basys-3-Master.xdc:61]
Resolution: If [get_<value>] was used to populate the object, check to make sure this command returns at least one valid object.
Finished Parsing XDC File [D:/XDC/Basys-3-Master.xdc]
Completed Processing XDC Constraints

refresh_design
INFO: [Project 1-570] Preparing netlist for logic optimization

Processing XDC Constraints
Initializing timing engine
Parsing XDC File [D:/XDC/Basys-3-Master.xdc]
WARNING: [Vivado 12-584] No ports matched 'idle'. [D:/XDC/Basys-3-Master.xdc:49]
CRITICAL WARNING: [Common 17-55] 'set_property' expects at least one object. [D:/XDC/Basys-3-Master.xdc:49]
Resolution: If [get_<value>] was used to populate the object, check to make sure this command returns at least one valid object.
WARNING: [Vivado 12-584] No ports matched 'start'. [D:/XDC/Basys-3-Master.xdc:50]
CRITICAL WARNING: [Common 17-55] 'set_property' expects at least one object. [D:/XDC/Basys-3-Master.xdc:50]
Resolution: If [get_<value>] was used to populate the object, check to make sure this command returns at least one valid object.
WARNING: [Vivado 12-584] No ports matched 'read'. [D:/XDC/Basys-3-Master.xdc:51]
CRITICAL WARNING: [Common 17-55] 'set_property' expects at least one object. [D:/XDC/Basys-3-Master.xdc:51]
Resolution: If [get_<value>] was used to populate the object, check to make sure this command returns at least one valid object.
WARNING: [Vivado 12-584] No ports matched 'dut_io'. [D:/XDC/Basys-3-Master.xdc:52]
CRITICAL WARNING: [Common 17-55] 'set_property' expects at least one object. [D:/XDC/Basys-3-Master.xdc:52]
Resolution: If [get_<value>] was used to populate the object, check to make sure this command returns at least one valid object.
WARNING: [Vivado 12-584] No ports matched 'data_sync_out'. [D:/XDC/Basys-3-Master.xdc:53]
CRITICAL WARNING: [Common 17-55] 'set_property' expects at least one object. [D:/XDC/Basys-3-Master.xdc:53]
Resolution: If [get_<value>] was used to populate the object, check to make sure this command returns at least one valid object.
WARNING: [Vivado 12-584] No ports matched 'data_bit_out'. [D:/XDC/Basys-3-Master.xdc:56]
CRITICAL WARNING: [Common 17-55] 'set_property' expects at least one object. [D:/XDC/Basys-3-Master.xdc:56]
Resolution: If [get_<value>] was used to populate the object, check to make sure this command returns at least one valid object.
WARNING: [Vivado 12-584] No ports matched 'fsm_error'. [D:/XDC/Basys-3-Master.xdc:57]
CRITICAL WARNING: [Common 17-55] 'set_property' expects at least one object. [D:/XDC/Basys-3-Master.xdc:57]
Resolution: If [get_<value>] was used to populate the object, check to make sure this command returns at least one valid object.
WARNING: [Vivado 12-584] No ports matched 'stop_out'. [D:/XDC/Basys-3-Master.xdc:58]
CRITICAL WARNING: [Common 17-55] 'set_property' expects at least one object. [D:/XDC/Basys-3-Master.xdc:58]
Resolution: If [get_<value>] was used to populate the object, check to make sure this command returns at least one valid object.
WARNING: [Vivado 12-584] No ports matched 'sync_low_out'. [D:/XDC/Basys-3-Master.xdc:59]
CRITICAL WARNING: [Common 17-55] 'set_property' expects at least one object. [D:/XDC/Basys-3-Master.xdc:59]
Resolution: If [get_<value>] was used to populate the object, check to make sure this command returns at least one valid object.
WARNING: [Vivado 12-584] No ports matched 'sync_high_out'. [D:/XDC/Basys-3-Master.xdc:60]
CRITICAL WARNING: [Common 17-55] 'set_property' expects at least one object. [D:/XDC/Basys-3-Master.xdc:60]
Resolution: If [get_<value>] was used to populate the object, check to make sure this command returns at least one valid object.
WARNING: [Vivado 12-584] No ports matched 'wait_state'. [D:/XDC/Basys-3-Master.xdc:61]
CRITICAL WARNING: [Common 17-55] 'set_property' expects at least one object. [D:/XDC/Basys-3-Master.xdc:61]
Resolution: If [get_<value>] was used to populate the object, check to make sure this command returns at least one valid object.
Finished Parsing XDC File [D:/XDC/Basys-3-Master.xdc]
Completed Processing XDC Constraints

refresh_design
INFO: [Project 1-570] Preparing netlist for logic optimization

Processing XDC Constraints
Initializing timing engine
Parsing XDC File [D:/XDC/Basys-3-Master.xdc]
WARNING: [Vivado 12-584] No ports matched 'idle'. [D:/XDC/Basys-3-Master.xdc:49]
CRITICAL WARNING: [Common 17-55] 'set_property' expects at least one object. [D:/XDC/Basys-3-Master.xdc:49]
Resolution: If [get_<value>] was used to populate the object, check to make sure this command returns at least one valid object.
WARNING: [Vivado 12-584] No ports matched 'start'. [D:/XDC/Basys-3-Master.xdc:50]
CRITICAL WARNING: [Common 17-55] 'set_property' expects at least one object. [D:/XDC/Basys-3-Master.xdc:50]
Resolution: If [get_<value>] was used to populate the object, check to make sure this command returns at least one valid object.
WARNING: [Vivado 12-584] No ports matched 'read'. [D:/XDC/Basys-3-Master.xdc:51]
CRITICAL WARNING: [Common 17-55] 'set_property' expects at least one object. [D:/XDC/Basys-3-Master.xdc:51]
Resolution: If [get_<value>] was used to populate the object, check to make sure this command returns at least one valid object.
WARNING: [Vivado 12-584] No ports matched 'dut_io'. [D:/XDC/Basys-3-Master.xdc:52]
CRITICAL WARNING: [Common 17-55] 'set_property' expects at least one object. [D:/XDC/Basys-3-Master.xdc:52]
Resolution: If [get_<value>] was used to populate the object, check to make sure this command returns at least one valid object.
WARNING: [Vivado 12-584] No ports matched 'data_sync_out'. [D:/XDC/Basys-3-Master.xdc:53]
CRITICAL WARNING: [Common 17-55] 'set_property' expects at least one object. [D:/XDC/Basys-3-Master.xdc:53]
Resolution: If [get_<value>] was used to populate the object, check to make sure this command returns at least one valid object.
WARNING: [Vivado 12-584] No ports matched 'data_bit_out'. [D:/XDC/Basys-3-Master.xdc:56]
CRITICAL WARNING: [Common 17-55] 'set_property' expects at least one object. [D:/XDC/Basys-3-Master.xdc:56]
Resolution: If [get_<value>] was used to populate the object, check to make sure this command returns at least one valid object.
WARNING: [Vivado 12-584] No ports matched 'fsm_error'. [D:/XDC/Basys-3-Master.xdc:57]
CRITICAL WARNING: [Common 17-55] 'set_property' expects at least one object. [D:/XDC/Basys-3-Master.xdc:57]
Resolution: If [get_<value>] was used to populate the object, check to make sure this command returns at least one valid object.
WARNING: [Vivado 12-584] No ports matched 'stop_out'. [D:/XDC/Basys-3-Master.xdc:58]
CRITICAL WARNING: [Common 17-55] 'set_property' expects at least one object. [D:/XDC/Basys-3-Master.xdc:58]
Resolution: If [get_<value>] was used to populate the object, check to make sure this command returns at least one valid object.
WARNING: [Vivado 12-584] No ports matched 'sync_low_out'. [D:/XDC/Basys-3-Master.xdc:59]
CRITICAL WARNING: [Common 17-55] 'set_property' expects at least one object. [D:/XDC/Basys-3-Master.xdc:59]
Resolution: If [get_<value>] was used to populate the object, check to make sure this command returns at least one valid object.
WARNING: [Vivado 12-584] No ports matched 'sync_high_out'. [D:/XDC/Basys-3-Master.xdc:60]
CRITICAL WARNING: [Common 17-55] 'set_property' expects at least one object. [D:/XDC/Basys-3-Master.xdc:60]
Resolution: If [get_<value>] was used to populate the object, check to make sure this command returns at least one valid object.
WARNING: [Vivado 12-584] No ports matched 'wait_state'. [D:/XDC/Basys-3-Master.xdc:61]
CRITICAL WARNING: [Common 17-55] 'set_property' expects at least one object. [D:/XDC/Basys-3-Master.xdc:61]
Resolution: If [get_<value>] was used to populate the object, check to make sure this command returns at least one valid object.
Finished Parsing XDC File [D:/XDC/Basys-3-Master.xdc]
Completed Processing XDC Constraints

reset_run synth_1
launch_runs impl_1 -to_step write_bitstream -jobs 8
[Thu Mar 27 11:57:59 2025] Launched synth_1...
Run output will be captured here: C:/Users/kccistc/Desktop/250325_Uart_Sensor-1/project_3/project_3.runs/synth_1/runme.log
[Thu Mar 27 11:57:59 2025] Launched impl_1...
Run output will be captured here: C:/Users/kccistc/Desktop/250325_Uart_Sensor-1/project_3/project_3.runs/impl_1/runme.log
refresh_design
INFO: [Project 1-570] Preparing netlist for logic optimization

Processing XDC Constraints
Initializing timing engine
Parsing XDC File [D:/XDC/Basys-3-Master.xdc]
WARNING: [Vivado 12-584] No ports matched 'idle'. [D:/XDC/Basys-3-Master.xdc:49]
CRITICAL WARNING: [Common 17-55] 'set_property' expects at least one object. [D:/XDC/Basys-3-Master.xdc:49]
Resolution: If [get_<value>] was used to populate the object, check to make sure this command returns at least one valid object.
WARNING: [Vivado 12-584] No ports matched 'start'. [D:/XDC/Basys-3-Master.xdc:50]
CRITICAL WARNING: [Common 17-55] 'set_property' expects at least one object. [D:/XDC/Basys-3-Master.xdc:50]
Resolution: If [get_<value>] was used to populate the object, check to make sure this command returns at least one valid object.
WARNING: [Vivado 12-584] No ports matched 'read'. [D:/XDC/Basys-3-Master.xdc:51]
CRITICAL WARNING: [Common 17-55] 'set_property' expects at least one object. [D:/XDC/Basys-3-Master.xdc:51]
Resolution: If [get_<value>] was used to populate the object, check to make sure this command returns at least one valid object.
WARNING: [Vivado 12-584] No ports matched 'dut_io'. [D:/XDC/Basys-3-Master.xdc:52]
CRITICAL WARNING: [Common 17-55] 'set_property' expects at least one object. [D:/XDC/Basys-3-Master.xdc:52]
Resolution: If [get_<value>] was used to populate the object, check to make sure this command returns at least one valid object.
WARNING: [Vivado 12-584] No ports matched 'data_sync_out'. [D:/XDC/Basys-3-Master.xdc:53]
CRITICAL WARNING: [Common 17-55] 'set_property' expects at least one object. [D:/XDC/Basys-3-Master.xdc:53]
Resolution: If [get_<value>] was used to populate the object, check to make sure this command returns at least one valid object.
WARNING: [Vivado 12-584] No ports matched 'data_bit_out'. [D:/XDC/Basys-3-Master.xdc:56]
CRITICAL WARNING: [Common 17-55] 'set_property' expects at least one object. [D:/XDC/Basys-3-Master.xdc:56]
Resolution: If [get_<value>] was used to populate the object, check to make sure this command returns at least one valid object.
WARNING: [Vivado 12-584] No ports matched 'fsm_error'. [D:/XDC/Basys-3-Master.xdc:57]
CRITICAL WARNING: [Common 17-55] 'set_property' expects at least one object. [D:/XDC/Basys-3-Master.xdc:57]
Resolution: If [get_<value>] was used to populate the object, check to make sure this command returns at least one valid object.
WARNING: [Vivado 12-584] No ports matched 'stop_out'. [D:/XDC/Basys-3-Master.xdc:58]
CRITICAL WARNING: [Common 17-55] 'set_property' expects at least one object. [D:/XDC/Basys-3-Master.xdc:58]
Resolution: If [get_<value>] was used to populate the object, check to make sure this command returns at least one valid object.
WARNING: [Vivado 12-584] No ports matched 'sync_low_out'. [D:/XDC/Basys-3-Master.xdc:59]
CRITICAL WARNING: [Common 17-55] 'set_property' expects at least one object. [D:/XDC/Basys-3-Master.xdc:59]
Resolution: If [get_<value>] was used to populate the object, check to make sure this command returns at least one valid object.
WARNING: [Vivado 12-584] No ports matched 'sync_high_out'. [D:/XDC/Basys-3-Master.xdc:60]
CRITICAL WARNING: [Common 17-55] 'set_property' expects at least one object. [D:/XDC/Basys-3-Master.xdc:60]
Resolution: If [get_<value>] was used to populate the object, check to make sure this command returns at least one valid object.
WARNING: [Vivado 12-584] No ports matched 'wait_state'. [D:/XDC/Basys-3-Master.xdc:61]
CRITICAL WARNING: [Common 17-55] 'set_property' expects at least one object. [D:/XDC/Basys-3-Master.xdc:61]
Resolution: If [get_<value>] was used to populate the object, check to make sure this command returns at least one valid object.
Finished Parsing XDC File [D:/XDC/Basys-3-Master.xdc]
Completed Processing XDC Constraints

reset_run synth_1
launch_runs impl_1 -to_step write_bitstream -jobs 8
[Thu Mar 27 12:00:58 2025] Launched synth_1...
Run output will be captured here: C:/Users/kccistc/Desktop/250325_Uart_Sensor-1/project_3/project_3.runs/synth_1/runme.log
[Thu Mar 27 12:00:58 2025] Launched impl_1...
Run output will be captured here: C:/Users/kccistc/Desktop/250325_Uart_Sensor-1/project_3/project_3.runs/impl_1/runme.log
refresh_design
INFO: [Project 1-570] Preparing netlist for logic optimization

Processing XDC Constraints
Initializing timing engine
Parsing XDC File [D:/XDC/Basys-3-Master.xdc]
WARNING: [Vivado 12-584] No ports matched 'idle'. [D:/XDC/Basys-3-Master.xdc:49]
INFO: [Common 17-14] Message 'Vivado 12-584' appears 100 times and further instances of the messages will be disabled. Use the Tcl command set_msg_config to change the current settings. [D:/XDC/Basys-3-Master.xdc:49]
CRITICAL WARNING: [Common 17-55] 'set_property' expects at least one object. [D:/XDC/Basys-3-Master.xdc:49]
Resolution: If [get_<value>] was used to populate the object, check to make sure this command returns at least one valid object.
Finished Parsing XDC File [D:/XDC/Basys-3-Master.xdc]
Completed Processing XDC Constraints

reset_run synth_1
launch_runs impl_1 -to_step write_bitstream -jobs 8
[Thu Mar 27 12:02:34 2025] Launched synth_1...
Run output will be captured here: C:/Users/kccistc/Desktop/250325_Uart_Sensor-1/project_3/project_3.runs/synth_1/runme.log
[Thu Mar 27 12:02:34 2025] Launched impl_1...
Run output will be captured here: C:/Users/kccistc/Desktop/250325_Uart_Sensor-1/project_3/project_3.runs/impl_1/runme.log
open_hw_manager
connect_hw_server -allow_non_jtag
INFO: [Labtools 27-2285] Connecting to hw_server url TCP:localhost:3121
INFO: [Labtools 27-2222] Launching hw_server...
INFO: [Labtools 27-2221] Launch Output:

****** Xilinx hw_server v2020.2
  **** Build date : Nov 18 2020 at 10:01:48
    ** Copyright 1986-2020 Xilinx, Inc. All Rights Reserved.


INFO: [Labtools 27-3415] Connecting to cs_server url TCP:localhost:3042
INFO: [Labtools 27-3417] Launching cs_server...
INFO: [Labtools 27-2221] Launch Output:


******** Xilinx cs_server v2020.2
  ****** Build date   : Nov 04 2020-06:02:56
    **** Build number : 2020.2.1604437376
      ** Copyright 2017-2020 Xilinx, Inc. All Rights Reserved.



connect_hw_server: Time (s): cpu = 00:00:00 ; elapsed = 00:00:07 . Memory (MB): peak = 2046.449 ; gain = 1.891
open_hw_target
INFO: [Labtoolstcl 44-466] Opening hw_target localhost:3121/xilinx_tcf/Digilent/210183B9AD18A
set_property PROGRAM.FILE {C:/Users/kccistc/Desktop/250325_Uart_Sensor-1/project_3/project_3.runs/impl_1/top_stopwatch.bit} [get_hw_devices xc7a35t_0]
current_hw_device [get_hw_devices xc7a35t_0]
refresh_hw_device -update_hw_probes false [lindex [get_hw_devices xc7a35t_0] 0]
INFO: [Labtools 27-1434] Device xc7a35t (JTAG device index = 0) is programmed with a design that has no supported debug core(s) in it.
set_property PROBES.FILE {} [get_hw_devices xc7a35t_0]
set_property FULL_PROBES.FILE {} [get_hw_devices xc7a35t_0]
set_property PROGRAM.FILE {C:/Users/kccistc/Desktop/250325_Uart_Sensor-1/project_3/project_3.runs/impl_1/top_stopwatch.bit} [get_hw_devices xc7a35t_0]
program_hw_devices [get_hw_devices xc7a35t_0]
INFO: [Labtools 27-3164] End of startup status: HIGH
refresh_hw_device [lindex [get_hw_devices xc7a35t_0] 0]
INFO: [Labtools 27-1434] Device xc7a35t (JTAG device index = 0) is programmed with a design that has no supported debug core(s) in it.
reset_run synth_1
launch_runs impl_1 -to_step write_bitstream -jobs 8
[Thu Mar 27 12:23:25 2025] Launched synth_1...
Run output will be captured here: C:/Users/kccistc/Desktop/250325_Uart_Sensor-1/project_3/project_3.runs/synth_1/runme.log
[Thu Mar 27 12:23:25 2025] Launched impl_1...
Run output will be captured here: C:/Users/kccistc/Desktop/250325_Uart_Sensor-1/project_3/project_3.runs/impl_1/runme.log
refresh_design
INFO: [Project 1-570] Preparing netlist for logic optimization

Processing XDC Constraints
Initializing timing engine
Parsing XDC File [D:/XDC/Basys-3-Master.xdc]
Finished Parsing XDC File [D:/XDC/Basys-3-Master.xdc]
Completed Processing XDC Constraints

set_property package_pin "" [get_ports [list  btn_run]]
refresh_design
INFO: [Project 1-570] Preparing netlist for logic optimization

Processing XDC Constraints
Initializing timing engine
Parsing XDC File [D:/XDC/Basys-3-Master.xdc]
Finished Parsing XDC File [D:/XDC/Basys-3-Master.xdc]
Completed Processing XDC Constraints

reset_run synth_1
launch_runs impl_1 -to_step write_bitstream -jobs 8
[Thu Mar 27 12:30:33 2025] Launched synth_1...
Run output will be captured here: C:/Users/kccistc/Desktop/250325_Uart_Sensor-1/project_3/project_3.runs/synth_1/runme.log
[Thu Mar 27 12:30:34 2025] Launched impl_1...
Run output will be captured here: C:/Users/kccistc/Desktop/250325_Uart_Sensor-1/project_3/project_3.runs/impl_1/runme.log
