#-----------------------------------------------------------
# Vivado v2020.2 (64-bit)
# SW Build 3064766 on Wed Nov 18 09:12:45 MST 2020
# IP Build 3064653 on Wed Nov 18 14:17:31 MST 2020
# Start of session at: Tue Mar 25 13:37:40 2025
# Process ID: 11736
# Current directory: C:/Users/kccistc/Desktop/250325_Verilog_Project3/250325_Uart_Sensor/project_1
# Command line: vivado.exe -gui_launcher_event rodinguilauncherevent12208 C:\Users\kccistc\Desktop\250325_Verilog_Project3\250325_Uart_Sensor\project_1\project_1.xpr
# Log file: C:/Users/kccistc/Desktop/250325_Verilog_Project3/250325_Uart_Sensor/project_1/vivado.log
# Journal file: C:/Users/kccistc/Desktop/250325_Verilog_Project3/250325_Uart_Sensor/project_1\vivado.jou
#-----------------------------------------------------------
start_gui
open_project C:/Users/kccistc/Desktop/250325_Verilog_Project3/250325_Uart_Sensor/project_1/project_1.xpr
WARNING: [filemgmt 56-3] Default IP Output Path : Could not find the directory 'C:/Users/kccistc/Desktop/250325_Verilog_Project3/250325_Uart_Sensor/project_1/project_1.gen/sources_1'.
Scanning sources...
Finished scanning sources
INFO: [IP_Flow 19-234] Refreshing IP repositories
INFO: [IP_Flow 19-1704] No user IP repositories specified
INFO: [IP_Flow 19-2313] Loaded Vivado IP repository 'C:/Xilinx/Vivado/2020.2/data/ip'.
open_project: Time (s): cpu = 00:00:19 ; elapsed = 00:00:10 . Memory (MB): peak = 1084.625 ; gain = 0.000
update_compile_order -fileset sources_1
exit
INFO: [Common 17-206] Exiting Vivado at Tue Mar 25 13:38:29 2025...
