
*** Running vivado
    with args -log top_stopwatch.vdi -applog -m64 -product Vivado -messageDb vivado.pb -mode batch -source top_stopwatch.tcl -notrace



****** Vivado v2020.2 (64-bit)
  **** SW Build 3064766 on Wed Nov 18 09:12:45 MST 2020
  **** IP Build 3064653 on Wed Nov 18 14:17:31 MST 2020
    ** Copyright 1986-2020 Xilinx, Inc. All Rights Reserved.

source top_stopwatch.tcl -notrace
Command: link_design -top top_stopwatch -part xc7a35tcpg236-1
Design is defaulting to srcset: sources_1
Design is defaulting to constrset: constrs_1
INFO: [Device 21-403] Loading part xc7a35tcpg236-1
Netlist sorting complete. Time (s): cpu = 00:00:00 ; elapsed = 00:00:00.009 . Memory (MB): peak = 1134.062 ; gain = 0.000
INFO: [Netlist 29-17] Analyzing 160 Unisim elements for replacement
INFO: [Netlist 29-28] Unisim Transformation completed in 0 CPU seconds
INFO: [Project 1-479] Netlist was created with Vivado 2020.2
INFO: [Project 1-570] Preparing netlist for logic optimization
Parsing XDC File [C:/verilog/Basys-3-Master.xdc]
WARNING: [Vivado 12-584] No ports matched 'idle'. [C:/verilog/Basys-3-Master.xdc:50]
CRITICAL WARNING: [Common 17-55] 'set_property' expects at least one object. [C:/verilog/Basys-3-Master.xdc:50]
Resolution: If [get_<value>] was used to populate the object, check to make sure this command returns at least one valid object.
WARNING: [Vivado 12-584] No ports matched 'start'. [C:/verilog/Basys-3-Master.xdc:51]
CRITICAL WARNING: [Common 17-55] 'set_property' expects at least one object. [C:/verilog/Basys-3-Master.xdc:51]
Resolution: If [get_<value>] was used to populate the object, check to make sure this command returns at least one valid object.
WARNING: [Vivado 12-584] No ports matched 'read'. [C:/verilog/Basys-3-Master.xdc:52]
CRITICAL WARNING: [Common 17-55] 'set_property' expects at least one object. [C:/verilog/Basys-3-Master.xdc:52]
Resolution: If [get_<value>] was used to populate the object, check to make sure this command returns at least one valid object.
WARNING: [Vivado 12-584] No ports matched 'dut_io'. [C:/verilog/Basys-3-Master.xdc:53]
CRITICAL WARNING: [Common 17-55] 'set_property' expects at least one object. [C:/verilog/Basys-3-Master.xdc:53]
Resolution: If [get_<value>] was used to populate the object, check to make sure this command returns at least one valid object.
WARNING: [Vivado 12-584] No ports matched 'data_sync_out'. [C:/verilog/Basys-3-Master.xdc:54]
CRITICAL WARNING: [Common 17-55] 'set_property' expects at least one object. [C:/verilog/Basys-3-Master.xdc:54]
Resolution: If [get_<value>] was used to populate the object, check to make sure this command returns at least one valid object.
WARNING: [Vivado 12-584] No ports matched 'data_bit_out'. [C:/verilog/Basys-3-Master.xdc:57]
CRITICAL WARNING: [Common 17-55] 'set_property' expects at least one object. [C:/verilog/Basys-3-Master.xdc:57]
Resolution: If [get_<value>] was used to populate the object, check to make sure this command returns at least one valid object.
WARNING: [Vivado 12-584] No ports matched 'fsm_error'. [C:/verilog/Basys-3-Master.xdc:58]
CRITICAL WARNING: [Common 17-55] 'set_property' expects at least one object. [C:/verilog/Basys-3-Master.xdc:58]
Resolution: If [get_<value>] was used to populate the object, check to make sure this command returns at least one valid object.
WARNING: [Vivado 12-584] No ports matched 'stop_out'. [C:/verilog/Basys-3-Master.xdc:59]
CRITICAL WARNING: [Common 17-55] 'set_property' expects at least one object. [C:/verilog/Basys-3-Master.xdc:59]
Resolution: If [get_<value>] was used to populate the object, check to make sure this command returns at least one valid object.
WARNING: [Vivado 12-584] No ports matched 'sync_low_out'. [C:/verilog/Basys-3-Master.xdc:60]
CRITICAL WARNING: [Common 17-55] 'set_property' expects at least one object. [C:/verilog/Basys-3-Master.xdc:60]
Resolution: If [get_<value>] was used to populate the object, check to make sure this command returns at least one valid object.
WARNING: [Vivado 12-584] No ports matched 'sync_high_out'. [C:/verilog/Basys-3-Master.xdc:61]
CRITICAL WARNING: [Common 17-55] 'set_property' expects at least one object. [C:/verilog/Basys-3-Master.xdc:61]
Resolution: If [get_<value>] was used to populate the object, check to make sure this command returns at least one valid object.
WARNING: [Vivado 12-584] No ports matched 'wait_state'. [C:/verilog/Basys-3-Master.xdc:62]
CRITICAL WARNING: [Common 17-55] 'set_property' expects at least one object. [C:/verilog/Basys-3-Master.xdc:62]
Resolution: If [get_<value>] was used to populate the object, check to make sure this command returns at least one valid object.
Finished Parsing XDC File [C:/verilog/Basys-3-Master.xdc]
INFO: [Opt 31-138] Pushed 0 inverter(s) to 0 load pin(s).
Netlist sorting complete. Time (s): cpu = 00:00:00 ; elapsed = 00:00:00 . Memory (MB): peak = 1134.062 ; gain = 0.000
INFO: [Project 1-111] Unisim Transformation Summary:
  A total of 4 instances were transformed.
  RAM32M => RAM32M (RAMD32(x6), RAMS32(x2)): 4 instances

7 Infos, 11 Warnings, 11 Critical Warnings and 0 Errors encountered.
link_design completed successfully
Command: opt_design
Attempting to get a license for feature 'Implementation' and/or device 'xc7a35t'
INFO: [Common 17-349] Got license for feature 'Implementation' and/or device 'xc7a35t'
Running DRC as a precondition to command opt_design

Starting DRC Task
INFO: [DRC 23-27] Running DRC with 2 threads
WARNING: [DRC RPBF-3] IO port buffering is incomplete: Device port dht_data expects both input and output buffering but the buffers are incomplete.
INFO: [Project 1-461] DRC finished with 0 Errors, 1 Warnings
INFO: [Project 1-462] Please refer to the DRC report (report_drc) for more information.

Time (s): cpu = 00:00:00 ; elapsed = 00:00:00.525 . Memory (MB): peak = 1134.062 ; gain = 0.000

Starting Cache Timing Information Task
INFO: [Timing 38-35] Done setting XDC timing constraints.
Ending Cache Timing Information Task | Checksum: 16bdb03f4

Time (s): cpu = 00:00:05 ; elapsed = 00:00:05 . Memory (MB): peak = 1509.422 ; gain = 375.359

Starting Logic Optimization Task

Phase 1 Retarget
INFO: [Opt 31-138] Pushed 0 inverter(s) to 0 load pin(s).
INFO: [Opt 31-49] Retargeted 0 cell(s).
Phase 1 Retarget | Checksum: 11c2c403a

Time (s): cpu = 00:00:00 ; elapsed = 00:00:00.059 . Memory (MB): peak = 1721.926 ; gain = 0.000
INFO: [Opt 31-389] Phase Retarget created 0 cells and removed 1 cells

Phase 2 Constant propagation
INFO: [Opt 31-138] Pushed 0 inverter(s) to 0 load pin(s).
Phase 2 Constant propagation | Checksum: 109a64894

Time (s): cpu = 00:00:00 ; elapsed = 00:00:00.068 . Memory (MB): peak = 1721.926 ; gain = 0.000
INFO: [Opt 31-389] Phase Constant propagation created 0 cells and removed 0 cells

Phase 3 Sweep
Phase 3 Sweep | Checksum: 14a19fd37

Time (s): cpu = 00:00:00 ; elapsed = 00:00:00.083 . Memory (MB): peak = 1721.926 ; gain = 0.000
INFO: [Opt 31-389] Phase Sweep created 0 cells and removed 0 cells

Phase 4 BUFG optimization
Phase 4 BUFG optimization | Checksum: 14a19fd37

Time (s): cpu = 00:00:00 ; elapsed = 00:00:00.105 . Memory (MB): peak = 1721.926 ; gain = 0.000
INFO: [Opt 31-662] Phase BUFG optimization created 0 cells of which 0 are BUFGs and removed 0 cells.

Phase 5 Shift Register Optimization
INFO: [Opt 31-1064] SRL Remap converted 0 SRLs to 0 registers and converted 0 registers of register chains to 0 SRLs
Phase 5 Shift Register Optimization | Checksum: 14a19fd37

Time (s): cpu = 00:00:00 ; elapsed = 00:00:00.107 . Memory (MB): peak = 1721.926 ; gain = 0.000
INFO: [Opt 31-389] Phase Shift Register Optimization created 0 cells and removed 0 cells

Phase 6 Post Processing Netlist
Phase 6 Post Processing Netlist | Checksum: 14a19fd37

Time (s): cpu = 00:00:00 ; elapsed = 00:00:00.111 . Memory (MB): peak = 1721.926 ; gain = 0.000
INFO: [Opt 31-389] Phase Post Processing Netlist created 0 cells and removed 0 cells
Opt_design Change Summary
=========================


-------------------------------------------------------------------------------------------------------------------------
|  Phase                        |  #Cells created  |  #Cells Removed  |  #Constrained objects preventing optimizations  |
-------------------------------------------------------------------------------------------------------------------------
|  Retarget                     |               0  |               1  |                                              0  |
|  Constant propagation         |               0  |               0  |                                              0  |
|  Sweep                        |               0  |               0  |                                              0  |
|  BUFG optimization            |               0  |               0  |                                              0  |
|  Shift Register Optimization  |               0  |               0  |                                              0  |
|  Post Processing Netlist      |               0  |               0  |                                              0  |
-------------------------------------------------------------------------------------------------------------------------



Starting Connectivity Check Task

Time (s): cpu = 00:00:00 ; elapsed = 00:00:00.003 . Memory (MB): peak = 1721.926 ; gain = 0.000
Ending Logic Optimization Task | Checksum: 125920f18

Time (s): cpu = 00:00:00 ; elapsed = 00:00:00.148 . Memory (MB): peak = 1721.926 ; gain = 0.000

Starting Power Optimization Task
INFO: [Pwropt 34-132] Skipping clock gating for clocks with a period < 2.00 ns.
Ending Power Optimization Task | Checksum: 125920f18

Time (s): cpu = 00:00:00 ; elapsed = 00:00:00.007 . Memory (MB): peak = 1721.926 ; gain = 0.000

Starting Final Cleanup Task
Ending Final Cleanup Task | Checksum: 125920f18

Time (s): cpu = 00:00:00 ; elapsed = 00:00:00 . Memory (MB): peak = 1721.926 ; gain = 0.000

Starting Netlist Obfuscation Task
Netlist sorting complete. Time (s): cpu = 00:00:00 ; elapsed = 00:00:00 . Memory (MB): peak = 1721.926 ; gain = 0.000
Ending Netlist Obfuscation Task | Checksum: 125920f18

Time (s): cpu = 00:00:00 ; elapsed = 00:00:00 . Memory (MB): peak = 1721.926 ; gain = 0.000
INFO: [Common 17-83] Releasing license: Implementation
24 Infos, 12 Warnings, 11 Critical Warnings and 0 Errors encountered.
opt_design completed successfully
opt_design: Time (s): cpu = 00:00:06 ; elapsed = 00:00:07 . Memory (MB): peak = 1721.926 ; gain = 587.863
INFO: [Timing 38-480] Writing timing data to binary archive.
Writing placer database...
Writing XDEF routing.
Writing XDEF routing logical nets.
Writing XDEF routing special nets.
Write XDEF Complete: Time (s): cpu = 00:00:00 ; elapsed = 00:00:00.024 . Memory (MB): peak = 1721.926 ; gain = 0.000
INFO: [Common 17-1381] The checkpoint 'C:/Users/parkj/250325_Uart_Sensor-1/project_3/project_3.runs/impl_1/top_stopwatch_opt.dcp' has been generated.
INFO: [runtcl-4] Executing : report_drc -file top_stopwatch_drc_opted.rpt -pb top_stopwatch_drc_opted.pb -rpx top_stopwatch_drc_opted.rpx
Command: report_drc -file top_stopwatch_drc_opted.rpt -pb top_stopwatch_drc_opted.pb -rpx top_stopwatch_drc_opted.rpx
INFO: [IP_Flow 19-234] Refreshing IP repositories
INFO: [IP_Flow 19-1704] No user IP repositories specified
INFO: [IP_Flow 19-2313] Loaded Vivado IP repository 'C:/migtell/Vivado/2020.2/data/ip'.
INFO: [Timing 38-35] Done setting XDC timing constraints.
INFO: [DRC 23-27] Running DRC with 2 threads
INFO: [Coretcl 2-168] The results of DRC are in file C:/Users/parkj/250325_Uart_Sensor-1/project_3/project_3.runs/impl_1/top_stopwatch_drc_opted.rpt.
report_drc completed successfully
Command: place_design
Attempting to get a license for feature 'Implementation' and/or device 'xc7a35t'
INFO: [Common 17-349] Got license for feature 'Implementation' and/or device 'xc7a35t'
INFO: [DRC 23-27] Running DRC with 2 threads
INFO: [Vivado_Tcl 4-198] DRC finished with 0 Errors
INFO: [Vivado_Tcl 4-199] Please refer to the DRC report (report_drc) for more information.
Running DRC as a precondition to command place_design
INFO: [DRC 23-27] Running DRC with 2 threads
WARNING: [DRC RPBF-3] IO port buffering is incomplete: Device port dht_data expects both input and output buffering but the buffers are incomplete.
INFO: [Vivado_Tcl 4-198] DRC finished with 0 Errors, 1 Warnings
INFO: [Vivado_Tcl 4-199] Please refer to the DRC report (report_drc) for more information.

Starting Placer Task
INFO: [Place 30-611] Multithreading enabled for place_design using a maximum of 2 CPUs

Phase 1 Placer Initialization

Phase 1.1 Placer Initialization Netlist Sorting
Netlist sorting complete. Time (s): cpu = 00:00:00 ; elapsed = 00:00:00.001 . Memory (MB): peak = 1770.070 ; gain = 0.000
Phase 1.1 Placer Initialization Netlist Sorting | Checksum: 82273670

Time (s): cpu = 00:00:00 ; elapsed = 00:00:00.012 . Memory (MB): peak = 1770.070 ; gain = 0.000
Netlist sorting complete. Time (s): cpu = 00:00:00 ; elapsed = 00:00:00.001 . Memory (MB): peak = 1770.070 ; gain = 0.000

Phase 1.2 IO Placement/ Clock Placement/ Build Placer Device
Phase 1.2 IO Placement/ Clock Placement/ Build Placer Device | Checksum: 15915fded

Time (s): cpu = 00:00:01 ; elapsed = 00:00:00.394 . Memory (MB): peak = 1770.070 ; gain = 0.000

Phase 1.3 Build Placer Netlist Model
Phase 1.3 Build Placer Netlist Model | Checksum: 1c7ee58ab

Time (s): cpu = 00:00:01 ; elapsed = 00:00:00.995 . Memory (MB): peak = 1770.070 ; gain = 0.000

Phase 1.4 Constrain Clocks/Macros
Phase 1.4 Constrain Clocks/Macros | Checksum: 1c7ee58ab

Time (s): cpu = 00:00:01 ; elapsed = 00:00:00.997 . Memory (MB): peak = 1770.070 ; gain = 0.000
Phase 1 Placer Initialization | Checksum: 1c7ee58ab

Time (s): cpu = 00:00:01 ; elapsed = 00:00:01 . Memory (MB): peak = 1770.070 ; gain = 0.000

Phase 2 Global Placement

Phase 2.1 Floorplanning
Phase 2.1 Floorplanning | Checksum: 198ad5582

Time (s): cpu = 00:00:01 ; elapsed = 00:00:01 . Memory (MB): peak = 1770.070 ; gain = 0.000

Phase 2.2 Update Timing before SLR Path Opt
Phase 2.2 Update Timing before SLR Path Opt | Checksum: 24101ecaa

Time (s): cpu = 00:00:02 ; elapsed = 00:00:01 . Memory (MB): peak = 1770.070 ; gain = 0.000

Phase 2.3 Global Placement Core

Phase 2.3.1 Physical Synthesis In Placer
INFO: [Physopt 32-1035] Found 0 LUTNM shape to break, 20 LUT instances to create LUTNM shape
INFO: [Physopt 32-1044] Break lutnm for timing: one critical 0, two critical 0, total 0, new lutff created 0
INFO: [Physopt 32-775] End 1 Pass. Optimized 9 nets or cells. Created 0 new cell, deleted 9 existing cells and moved 0 existing cell
INFO: [Physopt 32-65] No nets found for high-fanout optimization.
INFO: [Physopt 32-232] Optimized 0 net. Created 0 new instance.
INFO: [Physopt 32-775] End 1 Pass. Optimized 0 net or cell. Created 0 new cell, deleted 0 existing cell and moved 0 existing cell
INFO: [Physopt 32-456] No candidate cells for DSP register optimization found in the design.
INFO: [Physopt 32-775] End 2 Pass. Optimized 0 net or cell. Created 0 new cell, deleted 0 existing cell and moved 0 existing cell
INFO: [Physopt 32-1123] No candidate cells found for Shift Register to Pipeline optimization
INFO: [Physopt 32-775] End 1 Pass. Optimized 0 net or cell. Created 0 new cell, deleted 0 existing cell and moved 0 existing cell
INFO: [Physopt 32-677] No candidate cells for Shift Register optimization found in the design
INFO: [Physopt 32-775] End 1 Pass. Optimized 0 net or cell. Created 0 new cell, deleted 0 existing cell and moved 0 existing cell
INFO: [Physopt 32-526] No candidate cells for BRAM register optimization found in the design
INFO: [Physopt 32-775] End 1 Pass. Optimized 0 net or cell. Created 0 new cell, deleted 0 existing cell and moved 0 existing cell
INFO: [Physopt 32-846] No candidate cells for URAM register optimization found in the design
INFO: [Physopt 32-775] End 2 Pass. Optimized 0 net or cell. Created 0 new cell, deleted 0 existing cell and moved 0 existing cell
INFO: [Physopt 32-949] No candidate nets found for dynamic/static region interface net replication
INFO: [Physopt 32-775] End 1 Pass. Optimized 0 net or cell. Created 0 new cell, deleted 0 existing cell and moved 0 existing cell
Netlist sorting complete. Time (s): cpu = 00:00:00 ; elapsed = 00:00:00.001 . Memory (MB): peak = 1770.070 ; gain = 0.000

Summary of Physical Synthesis Optimizations
============================================


-----------------------------------------------------------------------------------------------------------------------------------------------------------
|  Optimization                                     |  Added Cells  |  Removed Cells  |  Optimized Cells/Nets  |  Dont Touch  |  Iterations  |  Elapsed   |
-----------------------------------------------------------------------------------------------------------------------------------------------------------
|  LUT Combining                                    |            0  |              9  |                     9  |           0  |           1  |  00:00:00  |
|  Very High Fanout                                 |            0  |              0  |                     0  |           0  |           1  |  00:00:00  |
|  DSP Register                                     |            0  |              0  |                     0  |           0  |           1  |  00:00:00  |
|  Shift Register to Pipeline                       |            0  |              0  |                     0  |           0  |           1  |  00:00:00  |
|  Shift Register                                   |            0  |              0  |                     0  |           0  |           1  |  00:00:00  |
|  BRAM Register                                    |            0  |              0  |                     0  |           0  |           1  |  00:00:00  |
|  URAM Register                                    |            0  |              0  |                     0  |           0  |           1  |  00:00:00  |
|  Dynamic/Static Region Interface Net Replication  |            0  |              0  |                     0  |           0  |           1  |  00:00:00  |
|  Total                                            |            0  |              9  |                     9  |           0  |           8  |  00:00:00  |
-----------------------------------------------------------------------------------------------------------------------------------------------------------


Phase 2.3.1 Physical Synthesis In Placer | Checksum: 244ce7402

Time (s): cpu = 00:00:04 ; elapsed = 00:00:03 . Memory (MB): peak = 1770.070 ; gain = 0.000
Phase 2.3 Global Placement Core | Checksum: 1ca9f7c0e

Time (s): cpu = 00:00:04 ; elapsed = 00:00:03 . Memory (MB): peak = 1770.070 ; gain = 0.000
Phase 2 Global Placement | Checksum: 1ca9f7c0e

Time (s): cpu = 00:00:04 ; elapsed = 00:00:03 . Memory (MB): peak = 1770.070 ; gain = 0.000

Phase 3 Detail Placement

Phase 3.1 Commit Multi Column Macros
Phase 3.1 Commit Multi Column Macros | Checksum: 1b5ddaf87

Time (s): cpu = 00:00:04 ; elapsed = 00:00:03 . Memory (MB): peak = 1770.070 ; gain = 0.000

Phase 3.2 Commit Most Macros & LUTRAMs
Phase 3.2 Commit Most Macros & LUTRAMs | Checksum: 15d81991b

Time (s): cpu = 00:00:04 ; elapsed = 00:00:03 . Memory (MB): peak = 1770.070 ; gain = 0.000

Phase 3.3 Area Swap Optimization
Phase 3.3 Area Swap Optimization | Checksum: 13141c91f

Time (s): cpu = 00:00:04 ; elapsed = 00:00:03 . Memory (MB): peak = 1770.070 ; gain = 0.000

Phase 3.4 Pipeline Register Optimization
Phase 3.4 Pipeline Register Optimization | Checksum: b1bdd6a6

Time (s): cpu = 00:00:04 ; elapsed = 00:00:03 . Memory (MB): peak = 1770.070 ; gain = 0.000

Phase 3.5 Fast Optimization
Phase 3.5 Fast Optimization | Checksum: 1260912ec

Time (s): cpu = 00:00:05 ; elapsed = 00:00:04 . Memory (MB): peak = 1770.070 ; gain = 0.000

Phase 3.6 Small Shape Detail Placement
Phase 3.6 Small Shape Detail Placement | Checksum: 186bb6815

Time (s): cpu = 00:00:05 ; elapsed = 00:00:05 . Memory (MB): peak = 1770.070 ; gain = 0.000

Phase 3.7 Re-assign LUT pins
Phase 3.7 Re-assign LUT pins | Checksum: 1de400e39

Time (s): cpu = 00:00:06 ; elapsed = 00:00:05 . Memory (MB): peak = 1770.070 ; gain = 0.000

Phase 3.8 Pipeline Register Optimization
Phase 3.8 Pipeline Register Optimization | Checksum: 1000dc9f4

Time (s): cpu = 00:00:06 ; elapsed = 00:00:05 . Memory (MB): peak = 1770.070 ; gain = 0.000

Phase 3.9 Fast Optimization
Phase 3.9 Fast Optimization | Checksum: 1c61029e3

Time (s): cpu = 00:00:07 ; elapsed = 00:00:06 . Memory (MB): peak = 1770.070 ; gain = 0.000
Phase 3 Detail Placement | Checksum: 1c61029e3

Time (s): cpu = 00:00:07 ; elapsed = 00:00:06 . Memory (MB): peak = 1770.070 ; gain = 0.000

Phase 4 Post Placement Optimization and Clean-Up

Phase 4.1 Post Commit Optimization
INFO: [Timing 38-35] Done setting XDC timing constraints.

Phase 4.1.1 Post Placement Optimization
Post Placement Optimization Initialization | Checksum: 177a6627d

Phase 4.1.1.1 BUFG Insertion

Starting Physical Synthesis Task

Phase 1 Physical Synthesis Initialization
INFO: [Physopt 32-721] Multithreading enabled for phys_opt_design using a maximum of 2 CPUs
INFO: [Physopt 32-619] Estimated Timing Summary | WNS=-5.181 | TNS=-101.712 |
Phase 1 Physical Synthesis Initialization | Checksum: 1a0ee2ec5

Time (s): cpu = 00:00:00 ; elapsed = 00:00:00.035 . Memory (MB): peak = 1770.070 ; gain = 0.000
INFO: [Place 46-56] BUFG insertion identified 0 candidate nets. Inserted BUFG: 0, Replicated BUFG Driver: 0, Skipped due to Placement/Routing Conflicts: 0, Skipped due to Timing Degradation: 0, Skipped due to Illegal Netlist: 0.
Ending Physical Synthesis Task | Checksum: 1256a005b

Time (s): cpu = 00:00:00 ; elapsed = 00:00:00.038 . Memory (MB): peak = 1770.070 ; gain = 0.000
Phase 4.1.1.1 BUFG Insertion | Checksum: 177a6627d

Time (s): cpu = 00:00:07 ; elapsed = 00:00:06 . Memory (MB): peak = 1770.070 ; gain = 0.000
INFO: [Place 30-746] Post Placement Timing Summary WNS=-4.278. For the most accurate timing information please run report_timing.

Time (s): cpu = 00:00:10 ; elapsed = 00:00:10 . Memory (MB): peak = 1770.070 ; gain = 0.000
Phase 4.1 Post Commit Optimization | Checksum: 594363f8

Time (s): cpu = 00:00:10 ; elapsed = 00:00:10 . Memory (MB): peak = 1770.070 ; gain = 0.000

Phase 4.2 Post Placement Cleanup
Phase 4.2 Post Placement Cleanup | Checksum: 594363f8

Time (s): cpu = 00:00:10 ; elapsed = 00:00:10 . Memory (MB): peak = 1770.070 ; gain = 0.000

Phase 4.3 Placer Reporting

Phase 4.3.1 Print Estimated Congestion
INFO: [Place 30-612] Post-Placement Estimated Congestion 
 ____________________________________________________
|           | Global Congestion | Short Congestion  |
| Direction | Region Size       | Region Size       |
|___________|___________________|___________________|
|      North|                1x1|                1x1|
|___________|___________________|___________________|
|      South|                1x1|                1x1|
|___________|___________________|___________________|
|       East|                1x1|                1x1|
|___________|___________________|___________________|
|       West|                1x1|                1x1|
|___________|___________________|___________________|

Phase 4.3.1 Print Estimated Congestion | Checksum: 594363f8

Time (s): cpu = 00:00:10 ; elapsed = 00:00:10 . Memory (MB): peak = 1770.070 ; gain = 0.000
Phase 4.3 Placer Reporting | Checksum: 594363f8

Time (s): cpu = 00:00:10 ; elapsed = 00:00:10 . Memory (MB): peak = 1770.070 ; gain = 0.000

Phase 4.4 Final Placement Cleanup
Netlist sorting complete. Time (s): cpu = 00:00:00 ; elapsed = 00:00:00.001 . Memory (MB): peak = 1770.070 ; gain = 0.000

Time (s): cpu = 00:00:10 ; elapsed = 00:00:10 . Memory (MB): peak = 1770.070 ; gain = 0.000
Phase 4 Post Placement Optimization and Clean-Up | Checksum: 1015d5d11

Time (s): cpu = 00:00:10 ; elapsed = 00:00:10 . Memory (MB): peak = 1770.070 ; gain = 0.000
Ending Placer Task | Checksum: d5057c4b

Time (s): cpu = 00:00:10 ; elapsed = 00:00:10 . Memory (MB): peak = 1770.070 ; gain = 0.000
INFO: [Common 17-83] Releasing license: Implementation
66 Infos, 13 Warnings, 11 Critical Warnings and 0 Errors encountered.
place_design completed successfully
place_design: Time (s): cpu = 00:00:12 ; elapsed = 00:00:11 . Memory (MB): peak = 1770.070 ; gain = 2.004
INFO: [Timing 38-480] Writing timing data to binary archive.
Writing placer database...
Writing XDEF routing.
Writing XDEF routing logical nets.
Writing XDEF routing special nets.
Write XDEF Complete: Time (s): cpu = 00:00:01 ; elapsed = 00:00:00.097 . Memory (MB): peak = 1770.070 ; gain = 0.000
INFO: [Common 17-1381] The checkpoint 'C:/Users/parkj/250325_Uart_Sensor-1/project_3/project_3.runs/impl_1/top_stopwatch_placed.dcp' has been generated.
INFO: [runtcl-4] Executing : report_io -file top_stopwatch_io_placed.rpt
report_io: Time (s): cpu = 00:00:00 ; elapsed = 00:00:00.023 . Memory (MB): peak = 1770.070 ; gain = 0.000
INFO: [runtcl-4] Executing : report_utilization -file top_stopwatch_utilization_placed.rpt -pb top_stopwatch_utilization_placed.pb
INFO: [runtcl-4] Executing : report_control_sets -verbose -file top_stopwatch_control_sets_placed.rpt
report_control_sets: Time (s): cpu = 00:00:00 ; elapsed = 00:00:00.003 . Memory (MB): peak = 1770.070 ; gain = 0.000
Command: phys_opt_design
Attempting to get a license for feature 'Implementation' and/or device 'xc7a35t'
INFO: [Common 17-349] Got license for feature 'Implementation' and/or device 'xc7a35t'
Netlist sorting complete. Time (s): cpu = 00:00:00 ; elapsed = 00:00:00 . Memory (MB): peak = 1770.070 ; gain = 0.000

Starting Physical Synthesis Task

Phase 1 Physical Synthesis Initialization
INFO: [Physopt 32-721] Multithreading enabled for phys_opt_design using a maximum of 2 CPUs
INFO: [Physopt 32-619] Estimated Timing Summary | WNS=-4.278 | TNS=-83.639 |
Phase 1 Physical Synthesis Initialization | Checksum: 19a3045df

Time (s): cpu = 00:00:00 ; elapsed = 00:00:00.149 . Memory (MB): peak = 1770.070 ; gain = 0.000
INFO: [Physopt 32-619] Estimated Timing Summary | WNS=-4.278 | TNS=-83.639 |

Phase 2 DSP Register Optimization
INFO: [Physopt 32-456] No candidate cells for DSP register optimization found in the design.
INFO: [Physopt 32-775] End 2 Pass. Optimized 0 net or cell. Created 0 new cell, deleted 0 existing cell and moved 0 existing cell
Phase 2 DSP Register Optimization | Checksum: 19a3045df

Time (s): cpu = 00:00:00 ; elapsed = 00:00:00.153 . Memory (MB): peak = 1770.070 ; gain = 0.000

Phase 3 Critical Path Optimization
INFO: [Physopt 32-619] Estimated Timing Summary | WNS=-4.278 | TNS=-83.639 |
INFO: [Physopt 32-702] Processed net U_ULTRASONIC/distance_cm_reg_n_0_[11]. Optimizations did not improve timing on the net.
INFO: [Physopt 32-81] Processed net U_ULTRASONIC/echo_counter_reg_n_0_[3]. Replicated 2 times.
INFO: [Physopt 32-735] Processed net U_ULTRASONIC/echo_counter_reg_n_0_[3]. Optimization improves timing on the net.
INFO: [Physopt 32-619] Estimated Timing Summary | WNS=-4.278 | TNS=-83.531 |
INFO: [Physopt 32-81] Processed net U_ULTRASONIC/echo_counter_reg_n_0_[1]. Replicated 2 times.
INFO: [Physopt 32-735] Processed net U_ULTRASONIC/echo_counter_reg_n_0_[1]. Optimization improves timing on the net.
INFO: [Physopt 32-619] Estimated Timing Summary | WNS=-4.224 | TNS=-82.559 |
INFO: [Physopt 32-81] Processed net U_ULTRASONIC/echo_counter_reg_n_0_[9]. Replicated 2 times.
INFO: [Physopt 32-735] Processed net U_ULTRASONIC/echo_counter_reg_n_0_[9]. Optimization improves timing on the net.
INFO: [Physopt 32-619] Estimated Timing Summary | WNS=-4.213 | TNS=-82.339 |
INFO: [Physopt 32-81] Processed net U_ULTRASONIC/echo_counter_reg_n_0_[13]. Replicated 1 times.
INFO: [Physopt 32-735] Processed net U_ULTRASONIC/echo_counter_reg_n_0_[13]. Optimization improves timing on the net.
INFO: [Physopt 32-619] Estimated Timing Summary | WNS=-4.201 | TNS=-82.023 |
INFO: [Physopt 32-81] Processed net U_ULTRASONIC/echo_counter_reg_n_0_[15]. Replicated 2 times.
INFO: [Physopt 32-735] Processed net U_ULTRASONIC/echo_counter_reg_n_0_[15]. Optimization improves timing on the net.
INFO: [Physopt 32-619] Estimated Timing Summary | WNS=-4.201 | TNS=-82.023 |
INFO: [Physopt 32-81] Processed net U_ULTRASONIC/echo_counter_reg_n_0_[5]. Replicated 2 times.
INFO: [Physopt 32-735] Processed net U_ULTRASONIC/echo_counter_reg_n_0_[5]. Optimization improves timing on the net.
INFO: [Physopt 32-619] Estimated Timing Summary | WNS=-4.200 | TNS=-82.007 |
INFO: [Physopt 32-81] Processed net U_ULTRASONIC/echo_counter_reg_n_0_[7]. Replicated 2 times.
INFO: [Physopt 32-735] Processed net U_ULTRASONIC/echo_counter_reg_n_0_[7]. Optimization improves timing on the net.
INFO: [Physopt 32-619] Estimated Timing Summary | WNS=-4.185 | TNS=-81.767 |
INFO: [Physopt 32-81] Processed net U_ULTRASONIC/echo_counter_reg_n_0_[25]. Replicated 1 times.
INFO: [Physopt 32-735] Processed net U_ULTRASONIC/echo_counter_reg_n_0_[25]. Optimization improves timing on the net.
INFO: [Physopt 32-619] Estimated Timing Summary | WNS=-4.182 | TNS=-81.719 |
INFO: [Physopt 32-81] Processed net U_ULTRASONIC/echo_counter_reg_n_0_[12]. Replicated 2 times.
INFO: [Physopt 32-735] Processed net U_ULTRASONIC/echo_counter_reg_n_0_[12]. Optimization improves timing on the net.
INFO: [Physopt 32-619] Estimated Timing Summary | WNS=-4.180 | TNS=-81.571 |
INFO: [Physopt 32-81] Processed net U_ULTRASONIC/echo_counter_reg_n_0_[4]. Replicated 2 times.
INFO: [Physopt 32-735] Processed net U_ULTRASONIC/echo_counter_reg_n_0_[4]. Optimization improves timing on the net.
INFO: [Physopt 32-619] Estimated Timing Summary | WNS=-4.163 | TNS=-81.231 |
INFO: [Physopt 32-663] Processed net U_ULTRASONIC/echo_counter_reg_n_0_[5].  Re-placed instance U_ULTRASONIC/echo_counter_reg[5]
INFO: [Physopt 32-735] Processed net U_ULTRASONIC/echo_counter_reg_n_0_[5]. Optimization improves timing on the net.
INFO: [Physopt 32-619] Estimated Timing Summary | WNS=-4.159 | TNS=-81.167 |
INFO: [Physopt 32-81] Processed net U_ULTRASONIC/echo_counter_reg_n_0_[19]. Replicated 1 times.
INFO: [Physopt 32-735] Processed net U_ULTRASONIC/echo_counter_reg_n_0_[19]. Optimization improves timing on the net.
INFO: [Physopt 32-619] Estimated Timing Summary | WNS=-4.150 | TNS=-81.023 |
INFO: [Physopt 32-81] Processed net U_ULTRASONIC/echo_counter_reg_n_0_[14]. Replicated 2 times.
INFO: [Physopt 32-735] Processed net U_ULTRASONIC/echo_counter_reg_n_0_[14]. Optimization improves timing on the net.
INFO: [Physopt 32-619] Estimated Timing Summary | WNS=-4.134 | TNS=-80.743 |
INFO: [Physopt 32-572] Net U_ULTRASONIC/echo_counter_reg_n_0_[8] was not replicated.
Resolution: phys_opt_design can be forced to replicate a net driver using the option -force_replication_on_nets <list of net objects>.
INFO: [Physopt 32-663] Processed net U_ULTRASONIC/echo_counter_reg_n_0_[8].  Re-placed instance U_ULTRASONIC/echo_counter_reg[8]
INFO: [Physopt 32-735] Processed net U_ULTRASONIC/echo_counter_reg_n_0_[8]. Optimization improves timing on the net.
INFO: [Physopt 32-619] Estimated Timing Summary | WNS=-4.130 | TNS=-80.679 |
INFO: [Physopt 32-81] Processed net U_ULTRASONIC/echo_counter_reg_n_0_[6]. Replicated 2 times.
INFO: [Physopt 32-735] Processed net U_ULTRASONIC/echo_counter_reg_n_0_[6]. Optimization improves timing on the net.
INFO: [Physopt 32-619] Estimated Timing Summary | WNS=-4.130 | TNS=-80.611 |
INFO: [Physopt 32-572] Net U_ULTRASONIC/echo_counter_reg_n_0_[1]_repN was not replicated.
Resolution: phys_opt_design can be forced to replicate a net driver using the option -force_replication_on_nets <list of net objects>.
INFO: [Physopt 32-662] Processed net U_ULTRASONIC/echo_counter_reg_n_0_[1]_repN.  Did not re-place instance U_ULTRASONIC/echo_counter_reg[1]_replica
INFO: [Physopt 32-572] Net U_ULTRASONIC/echo_counter_reg_n_0_[1]_repN was not replicated.
Resolution: phys_opt_design can be forced to replicate a net driver using the option -force_replication_on_nets <list of net objects>.
INFO: [Physopt 32-702] Processed net U_ULTRASONIC/echo_counter_reg_n_0_[1]_repN. Optimizations did not improve timing on the net.
INFO: [Physopt 32-702] Processed net U_ULTRASONIC/distance_cm_reg[19]_i_4_n_3. Optimizations did not improve timing on the net.
INFO: [Physopt 32-702] Processed net U_ULTRASONIC/distance_cm_reg[19]_i_14_n_0. Optimizations did not improve timing on the net.
INFO: [Physopt 32-735] Processed net U_ULTRASONIC/distance_cm[19]_i_36_n_0. Optimization improves timing on the net.
INFO: [Physopt 32-619] Estimated Timing Summary | WNS=-4.130 | TNS=-80.611 |
INFO: [Physopt 32-702] Processed net U_ULTRASONIC/distance_cm_reg[19]_i_28_n_0. Optimizations did not improve timing on the net.
INFO: [Physopt 32-735] Processed net U_ULTRASONIC/distance_cm[19]_i_75_n_0. Optimization improves timing on the net.
INFO: [Physopt 32-619] Estimated Timing Summary | WNS=-4.130 | TNS=-80.611 |
INFO: [Physopt 32-702] Processed net U_ULTRASONIC/distance_cm_reg[19]_i_67_n_0. Optimizations did not improve timing on the net.
INFO: [Physopt 32-735] Processed net U_ULTRASONIC/distance_cm[19]_i_103_n_0. Optimization improves timing on the net.
INFO: [Physopt 32-619] Estimated Timing Summary | WNS=-4.074 | TNS=-79.503 |
INFO: [Physopt 32-81] Processed net U_ULTRASONIC/echo_counter_reg_n_0_[17]. Replicated 2 times.
INFO: [Physopt 32-735] Processed net U_ULTRASONIC/echo_counter_reg_n_0_[17]. Optimization improves timing on the net.
INFO: [Physopt 32-619] Estimated Timing Summary | WNS=-4.050 | TNS=-79.055 |
INFO: [Physopt 32-702] Processed net U_ULTRASONIC/distance_cm[19]_i_35_n_0. Optimizations did not improve timing on the net.
INFO: [Physopt 32-702] Processed net distance_cm_reg[19]_i_17_n_5. Optimizations did not improve timing on the net.
INFO: [Physopt 32-702] Processed net distance_cm_reg[19]_i_37_n_0. Optimizations did not improve timing on the net.
INFO: [Physopt 32-702] Processed net distance_cm_reg[19]_i_76_n_0. Optimizations did not improve timing on the net.
INFO: [Physopt 32-702] Processed net distance_cm_reg[19]_i_104_n_0. Optimizations did not improve timing on the net.
INFO: [Physopt 32-662] Processed net distance_cm[19]_i_138_n_0.  Did not re-place instance distance_cm[19]_i_138
INFO: [Physopt 32-572] Net distance_cm[19]_i_138_n_0 was not replicated.
Resolution: phys_opt_design can be forced to replicate a net driver using the option -force_replication_on_nets <list of net objects>.
INFO: [Physopt 32-702] Processed net distance_cm[19]_i_138_n_0. Optimizations did not improve timing on the net.
INFO: [Physopt 32-662] Processed net distance_cm[19]_i_174_n_0.  Did not re-place instance distance_cm[19]_i_174
INFO: [Physopt 32-710] Processed net distance_cm[19]_i_138_n_0. Critical path length was reduced through logic transformation on cell distance_cm[19]_i_138_comp.
INFO: [Physopt 32-735] Processed net distance_cm[19]_i_174_n_0. Optimization improves timing on the net.
INFO: [Physopt 32-619] Estimated Timing Summary | WNS=-4.044 | TNS=-78.959 |
INFO: [Physopt 32-81] Processed net U_ULTRASONIC/echo_counter_reg_n_0_[10]. Replicated 2 times.
INFO: [Physopt 32-735] Processed net U_ULTRASONIC/echo_counter_reg_n_0_[10]. Optimization improves timing on the net.
INFO: [Physopt 32-619] Estimated Timing Summary | WNS=-4.026 | TNS=-78.491 |
INFO: [Physopt 32-702] Processed net U_ULTRASONIC/distance_cm[19]_i_33_n_0. Optimizations did not improve timing on the net.
INFO: [Physopt 32-702] Processed net distance_cm_reg[19]_i_5_n_6. Optimizations did not improve timing on the net.
INFO: [Physopt 32-702] Processed net distance_cm_reg[19]_i_17_n_0. Optimizations did not improve timing on the net.
INFO: [Physopt 32-702] Processed net distance_cm[19]_i_43_n_0. Optimizations did not improve timing on the net.
INFO: [Physopt 32-663] Processed net distance_cm[19]_i_39_n_0.  Re-placed instance distance_cm[19]_i_39
INFO: [Physopt 32-735] Processed net distance_cm[19]_i_39_n_0. Optimization improves timing on the net.
INFO: [Physopt 32-619] Estimated Timing Summary | WNS=-3.999 | TNS=-77.951 |
INFO: [Physopt 32-702] Processed net distance_cm[19]_i_82_n_0. Optimizations did not improve timing on the net.
INFO: [Physopt 32-662] Processed net distance_cm[19]_i_78_n_0.  Did not re-place instance distance_cm[19]_i_78
INFO: [Physopt 32-710] Processed net distance_cm[19]_i_82_n_0. Critical path length was reduced through logic transformation on cell distance_cm[19]_i_82_comp.
INFO: [Physopt 32-735] Processed net distance_cm[19]_i_78_n_0. Optimization improves timing on the net.
INFO: [Physopt 32-619] Estimated Timing Summary | WNS=-3.994 | TNS=-77.851 |
INFO: [Physopt 32-662] Processed net distance_cm[19]_i_39_n_0.  Did not re-place instance distance_cm[19]_i_39
INFO: [Physopt 32-710] Processed net distance_cm[19]_i_43_n_0. Critical path length was reduced through logic transformation on cell distance_cm[19]_i_43_comp.
INFO: [Physopt 32-735] Processed net distance_cm[19]_i_39_n_0. Optimization improves timing on the net.
INFO: [Physopt 32-619] Estimated Timing Summary | WNS=-3.954 | TNS=-77.051 |
INFO: [Physopt 32-662] Processed net distance_cm[19]_i_136_n_0.  Did not re-place instance distance_cm[19]_i_136
INFO: [Physopt 32-601] Processed net distance_cm[19]_i_136_n_0. Net driver distance_cm[19]_i_136 was replaced.
INFO: [Physopt 32-735] Processed net distance_cm[19]_i_136_n_0. Optimization improves timing on the net.
INFO: [Physopt 32-619] Estimated Timing Summary | WNS=-3.933 | TNS=-76.635 |
INFO: [Physopt 32-702] Processed net distance_cm[19]_i_111_n_0. Optimizations did not improve timing on the net.
INFO: [Physopt 32-662] Processed net distance_cm[19]_i_107_n_0.  Did not re-place instance distance_cm[19]_i_107
INFO: [Physopt 32-710] Processed net distance_cm[19]_i_111_n_0. Critical path length was reduced through logic transformation on cell distance_cm[19]_i_111_comp.
INFO: [Physopt 32-735] Processed net distance_cm[19]_i_107_n_0. Optimization improves timing on the net.
INFO: [Physopt 32-619] Estimated Timing Summary | WNS=-3.926 | TNS=-76.491 |
INFO: [Physopt 32-662] Processed net distance_cm[19]_i_78_n_0.  Did not re-place instance distance_cm[19]_i_78
INFO: [Physopt 32-702] Processed net distance_cm[19]_i_78_n_0. Optimizations did not improve timing on the net.
INFO: [Physopt 32-662] Processed net distance_cm[19]_i_114_n_0.  Did not re-place instance distance_cm[19]_i_114
INFO: [Physopt 32-710] Processed net distance_cm[19]_i_78_n_0. Critical path length was reduced through logic transformation on cell distance_cm[19]_i_78_comp_2.
INFO: [Physopt 32-735] Processed net distance_cm[19]_i_114_n_0. Optimization improves timing on the net.
INFO: [Physopt 32-619] Estimated Timing Summary | WNS=-3.896 | TNS=-75.891 |
INFO: [Physopt 32-662] Processed net distance_cm[19]_i_78_n_0_repN_1.  Did not re-place instance distance_cm[19]_i_78_comp_1
INFO: [Physopt 32-702] Processed net distance_cm[19]_i_78_n_0_repN_1. Optimizations did not improve timing on the net.
INFO: [Physopt 32-702] Processed net distance_cm_reg[19]_i_88_n_5. Optimizations did not improve timing on the net.
INFO: [Physopt 32-662] Processed net distance_cm[19]_i_120_n_0.  Did not re-place instance distance_cm[19]_i_120
INFO: [Physopt 32-735] Processed net distance_cm[19]_i_120_n_0. Optimization improves timing on the net.
INFO: [Physopt 32-619] Estimated Timing Summary | WNS=-3.895 | TNS=-75.871 |
INFO: [Physopt 32-702] Processed net distance_cm[19]_i_141_n_0. Optimizations did not improve timing on the net.
INFO: [Physopt 32-662] Processed net distance_cm[19]_i_137_n_0.  Did not re-place instance distance_cm[19]_i_137
INFO: [Physopt 32-710] Processed net distance_cm[19]_i_141_n_0. Critical path length was reduced through logic transformation on cell distance_cm[19]_i_141_comp.
INFO: [Physopt 32-735] Processed net distance_cm[19]_i_137_n_0. Optimization improves timing on the net.
INFO: [Physopt 32-619] Estimated Timing Summary | WNS=-3.869 | TNS=-75.351 |
INFO: [Physopt 32-662] Processed net distance_cm[19]_i_120_n_0.  Did not re-place instance distance_cm[19]_i_120
INFO: [Physopt 32-702] Processed net distance_cm[19]_i_120_n_0. Optimizations did not improve timing on the net.
INFO: [Physopt 32-702] Processed net U_ULTRASONIC/distance_cm[19]_i_13_0[0]. Optimizations did not improve timing on the net.
INFO: [Physopt 32-702] Processed net U_ULTRASONIC/distance_cm_reg[15]_i_2_n_0. Optimizations did not improve timing on the net.
INFO: [Physopt 32-702] Processed net U_ULTRASONIC/distance_cm_reg[11]_i_2_n_0. Optimizations did not improve timing on the net.
INFO: [Physopt 32-662] Processed net U_ULTRASONIC/distance_cm[11]_i_7_n_0.  Did not re-place instance U_ULTRASONIC/distance_cm[11]_i_7
INFO: [Physopt 32-702] Processed net U_ULTRASONIC/distance_cm[11]_i_7_n_0. Optimizations did not improve timing on the net.
INFO: [Physopt 32-662] Processed net distance_cm[11]_i_16_n_0.  Did not re-place instance distance_cm[11]_i_16
INFO: [Physopt 32-710] Processed net U_ULTRASONIC/distance_cm[11]_i_7_n_0. Critical path length was reduced through logic transformation on cell U_ULTRASONIC/distance_cm[11]_i_7_comp.
INFO: [Physopt 32-735] Processed net distance_cm[11]_i_16_n_0. Optimization improves timing on the net.
INFO: [Physopt 32-619] Estimated Timing Summary | WNS=-3.847 | TNS=-74.911 |
INFO: [Physopt 32-702] Processed net distance_cm[19]_i_139_n_0. Optimizations did not improve timing on the net.
INFO: [Physopt 32-662] Processed net distance_cm[19]_i_135_n_0.  Did not re-place instance distance_cm[19]_i_135
INFO: [Physopt 32-710] Processed net distance_cm[19]_i_139_n_0. Critical path length was reduced through logic transformation on cell distance_cm[19]_i_139_comp.
INFO: [Physopt 32-735] Processed net distance_cm[19]_i_135_n_0. Optimization improves timing on the net.
INFO: [Physopt 32-619] Estimated Timing Summary | WNS=-3.839 | TNS=-74.779 |
INFO: [Physopt 32-662] Processed net distance_cm[19]_i_80_n_0.  Did not re-place instance distance_cm[19]_i_80
INFO: [Physopt 32-572] Net distance_cm[19]_i_80_n_0 was not replicated.
Resolution: phys_opt_design can be forced to replicate a net driver using the option -force_replication_on_nets <list of net objects>.
INFO: [Physopt 32-702] Processed net distance_cm[19]_i_80_n_0. Optimizations did not improve timing on the net.
INFO: [Physopt 32-662] Processed net distance_cm[19]_i_117_n_0.  Did not re-place instance distance_cm[19]_i_117
INFO: [Physopt 32-710] Processed net distance_cm[19]_i_80_n_0. Critical path length was reduced through logic transformation on cell distance_cm[19]_i_80_comp.
INFO: [Physopt 32-735] Processed net distance_cm[19]_i_117_n_0. Optimization improves timing on the net.
INFO: [Physopt 32-619] Estimated Timing Summary | WNS=-3.832 | TNS=-74.667 |
INFO: [Physopt 32-601] Processed net U_ULTRASONIC/echo_counter_reg_n_0_[4]_repN. Net driver U_ULTRASONIC/echo_counter_reg[4]_replica was replaced.
INFO: [Physopt 32-735] Processed net U_ULTRASONIC/echo_counter_reg_n_0_[4]_repN. Optimization improves timing on the net.
INFO: [Physopt 32-619] Estimated Timing Summary | WNS=-3.829 | TNS=-74.619 |
INFO: [Physopt 32-81] Processed net U_ULTRASONIC/echo_counter_reg_n_0_[21]. Replicated 2 times.
INFO: [Physopt 32-735] Processed net U_ULTRASONIC/echo_counter_reg_n_0_[21]. Optimization improves timing on the net.
INFO: [Physopt 32-619] Estimated Timing Summary | WNS=-3.819 | TNS=-74.459 |
INFO: [Physopt 32-81] Processed net U_ULTRASONIC/echo_counter_reg_n_0_[2]. Replicated 2 times.
INFO: [Physopt 32-735] Processed net U_ULTRASONIC/echo_counter_reg_n_0_[2]. Optimization improves timing on the net.
INFO: [Physopt 32-619] Estimated Timing Summary | WNS=-3.816 | TNS=-74.359 |
INFO: [Physopt 32-601] Processed net U_ULTRASONIC/echo_counter_reg_n_0_[3]_repN_1. Net driver U_ULTRASONIC/echo_counter_reg[3]_replica_1 was replaced.
INFO: [Physopt 32-735] Processed net U_ULTRASONIC/echo_counter_reg_n_0_[3]_repN_1. Optimization improves timing on the net.
INFO: [Physopt 32-619] Estimated Timing Summary | WNS=-3.815 | TNS=-74.343 |
INFO: [Physopt 32-662] Processed net distance_cm[19]_i_107_n_0_repN_1.  Did not re-place instance distance_cm[19]_i_107_comp_1
INFO: [Physopt 32-702] Processed net distance_cm[19]_i_107_n_0_repN_1. Optimizations did not improve timing on the net.
INFO: [Physopt 32-702] Processed net distance_cm_reg[19]_i_116_n_6. Optimizations did not improve timing on the net.
INFO: [Physopt 32-702] Processed net distance_cm_reg[19]_i_146_n_0. Optimizations did not improve timing on the net.
INFO: [Physopt 32-662] Processed net distance_cm[19]_i_179_n_0.  Did not re-place instance distance_cm[19]_i_179
INFO: [Physopt 32-702] Processed net distance_cm[19]_i_179_n_0. Optimizations did not improve timing on the net.
INFO: [Physopt 32-702] Processed net U_ULTRASONIC/distance_cm[7]_i_11_0[0]. Optimizations did not improve timing on the net.
INFO: [Physopt 32-702] Processed net U_ULTRASONIC/distance_cm_reg[3]_i_2_n_0. Optimizations did not improve timing on the net.
INFO: [Physopt 32-662] Processed net distance_cm[3]_i_7_n_0.  Did not re-place instance distance_cm[3]_i_7
INFO: [Physopt 32-572] Net distance_cm[3]_i_7_n_0 was not replicated.
Resolution: phys_opt_design can be forced to replicate a net driver using the option -force_replication_on_nets <list of net objects>.
INFO: [Physopt 32-702] Processed net distance_cm[3]_i_7_n_0. Optimizations did not improve timing on the net.
INFO: [Physopt 32-662] Processed net distance_cm[3]_i_27_n_0.  Did not re-place instance distance_cm[3]_i_27
INFO: [Physopt 32-710] Processed net distance_cm[3]_i_7_n_0. Critical path length was reduced through logic transformation on cell distance_cm[3]_i_7_comp.
INFO: [Physopt 32-735] Processed net distance_cm[3]_i_27_n_0. Optimization improves timing on the net.
INFO: [Physopt 32-619] Estimated Timing Summary | WNS=-3.814 | TNS=-74.327 |
INFO: [Physopt 32-662] Processed net distance_cm[19]_i_137_n_0_repN_1.  Did not re-place instance distance_cm[19]_i_137_comp_1
INFO: [Physopt 32-702] Processed net distance_cm[19]_i_137_n_0_repN_1. Optimizations did not improve timing on the net.
INFO: [Physopt 32-702] Processed net distance_cm_reg[19]_i_146_n_6. Optimizations did not improve timing on the net.
INFO: [Physopt 32-702] Processed net distance_cm_reg[19]_i_175_n_0. Optimizations did not improve timing on the net.
INFO: [Physopt 32-735] Processed net distance_cm[19]_i_201_n_0. Optimization improves timing on the net.
INFO: [Physopt 32-619] Estimated Timing Summary | WNS=-3.812 | TNS=-74.295 |
INFO: [Physopt 32-81] Processed net U_ULTRASONIC/echo_counter_reg_n_0_[0]. Replicated 2 times.
INFO: [Physopt 32-735] Processed net U_ULTRASONIC/echo_counter_reg_n_0_[0]. Optimization improves timing on the net.
INFO: [Physopt 32-619] Estimated Timing Summary | WNS=-3.806 | TNS=-74.199 |
INFO: [Physopt 32-81] Processed net U_ULTRASONIC/echo_counter_reg_n_0_[12]_repN. Replicated 1 times.
INFO: [Physopt 32-735] Processed net U_ULTRASONIC/echo_counter_reg_n_0_[12]_repN. Optimization improves timing on the net.
INFO: [Physopt 32-619] Estimated Timing Summary | WNS=-3.805 | TNS=-74.151 |
INFO: [Physopt 32-81] Processed net U_ULTRASONIC/echo_counter_reg_n_0_[16]. Replicated 1 times.
INFO: [Physopt 32-735] Processed net U_ULTRASONIC/echo_counter_reg_n_0_[16]. Optimization improves timing on the net.
INFO: [Physopt 32-619] Estimated Timing Summary | WNS=-3.800 | TNS=-74.071 |
INFO: [Physopt 32-702] Processed net U_ULTRASONIC/distance_cm_reg[3]_i_4_n_0. Optimizations did not improve timing on the net.
INFO: [Physopt 32-702] Processed net U_ULTRASONIC/distance_cm_reg[3]_i_14_n_0. Optimizations did not improve timing on the net.
INFO: [Physopt 32-702] Processed net U_ULTRASONIC/distance_cm_reg[3]_i_31_n_0. Optimizations did not improve timing on the net.
INFO: [Physopt 32-702] Processed net U_ULTRASONIC/distance_cm_reg[3]_i_72_n_0. Optimizations did not improve timing on the net.
INFO: [Physopt 32-702] Processed net distance_cm[3]_i_118_n_0. Optimizations did not improve timing on the net.
INFO: [Physopt 32-663] Processed net distance_cm[3]_i_114_n_0.  Re-placed instance distance_cm[3]_i_114
INFO: [Physopt 32-735] Processed net distance_cm[3]_i_114_n_0. Optimization improves timing on the net.
INFO: [Physopt 32-619] Estimated Timing Summary | WNS=-3.799 | TNS=-74.055 |
INFO: [Physopt 32-663] Processed net distance_cm[3]_i_76_n_0.  Re-placed instance distance_cm[3]_i_76
INFO: [Physopt 32-735] Processed net distance_cm[3]_i_76_n_0. Optimization improves timing on the net.
INFO: [Physopt 32-619] Estimated Timing Summary | WNS=-3.798 | TNS=-74.039 |
INFO: [Physopt 32-601] Processed net U_ULTRASONIC/echo_counter_reg_n_0_[6]_repN. Net driver U_ULTRASONIC/echo_counter_reg[6]_replica was replaced.
INFO: [Physopt 32-735] Processed net U_ULTRASONIC/echo_counter_reg_n_0_[6]_repN. Optimization improves timing on the net.
INFO: [Physopt 32-619] Estimated Timing Summary | WNS=-3.796 | TNS=-73.999 |
INFO: [Physopt 32-81] Processed net U_ULTRASONIC/echo_counter_reg_n_0_[11]. Replicated 2 times.
INFO: [Physopt 32-735] Processed net U_ULTRASONIC/echo_counter_reg_n_0_[11]. Optimization improves timing on the net.
INFO: [Physopt 32-619] Estimated Timing Summary | WNS=-3.785 | TNS=-73.671 |
INFO: [Physopt 32-601] Processed net U_ULTRASONIC/echo_counter_reg_n_0_[7]_repN. Net driver U_ULTRASONIC/echo_counter_reg[7]_replica was replaced.
INFO: [Physopt 32-735] Processed net U_ULTRASONIC/echo_counter_reg_n_0_[7]_repN. Optimization improves timing on the net.
INFO: [Physopt 32-619] Estimated Timing Summary | WNS=-3.781 | TNS=-73.591 |
INFO: [Physopt 32-572] Net U_ULTRASONIC/echo_counter_reg_n_0_[7]_repN was not replicated.
Resolution: phys_opt_design can be forced to replicate a net driver using the option -force_replication_on_nets <list of net objects>.
INFO: [Physopt 32-662] Processed net U_ULTRASONIC/echo_counter_reg_n_0_[7]_repN.  Did not re-place instance U_ULTRASONIC/echo_counter_reg[7]_replica
INFO: [Physopt 32-81] Processed net U_ULTRASONIC/echo_counter_reg_n_0_[7]_repN. Replicated 1 times.
INFO: [Physopt 32-735] Processed net U_ULTRASONIC/echo_counter_reg_n_0_[7]_repN. Optimization improves timing on the net.
INFO: [Physopt 32-619] Estimated Timing Summary | WNS=-3.771 | TNS=-73.419 |
INFO: [Physopt 32-662] Processed net distance_cm[3]_i_114_n_0.  Did not re-place instance distance_cm[3]_i_114
INFO: [Physopt 32-572] Net distance_cm[3]_i_114_n_0 was not replicated.
Resolution: phys_opt_design can be forced to replicate a net driver using the option -force_replication_on_nets <list of net objects>.
INFO: [Physopt 32-702] Processed net distance_cm[3]_i_114_n_0. Optimizations did not improve timing on the net.
INFO: [Physopt 32-663] Processed net distance_cm[3]_i_164_n_0.  Re-placed instance distance_cm[3]_i_164
INFO: [Physopt 32-735] Processed net distance_cm[3]_i_164_n_0. Optimization improves timing on the net.
INFO: [Physopt 32-619] Estimated Timing Summary | WNS=-3.769 | TNS=-73.387 |
INFO: [Physopt 32-663] Processed net U_ULTRASONIC/echo_counter_reg_n_0_[7]_repN_2.  Re-placed instance U_ULTRASONIC/echo_counter_reg[7]_replica_2
INFO: [Physopt 32-735] Processed net U_ULTRASONIC/echo_counter_reg_n_0_[7]_repN_2. Optimization improves timing on the net.
INFO: [Physopt 32-619] Estimated Timing Summary | WNS=-3.766 | TNS=-73.339 |
INFO: [Physopt 32-81] Processed net U_ULTRASONIC/echo_counter_reg_n_0_[23]. Replicated 2 times.
INFO: [Physopt 32-735] Processed net U_ULTRASONIC/echo_counter_reg_n_0_[23]. Optimization improves timing on the net.
INFO: [Physopt 32-619] Estimated Timing Summary | WNS=-3.765 | TNS=-73.323 |
INFO: [Physopt 32-662] Processed net U_ULTRASONIC/echo_counter_reg_n_0_[7]_repN_2.  Did not re-place instance U_ULTRASONIC/echo_counter_reg[7]_replica_2
INFO: [Physopt 32-572] Net U_ULTRASONIC/echo_counter_reg_n_0_[7]_repN_2 was not replicated.
Resolution: phys_opt_design can be forced to replicate a net driver using the option -force_replication_on_nets <list of net objects>.
INFO: [Physopt 32-702] Processed net U_ULTRASONIC/echo_counter_reg_n_0_[7]_repN_2. Optimizations did not improve timing on the net.
INFO: [Physopt 32-735] Processed net U_ULTRASONIC/distance_cm[11]_i_11_n_0. Optimization improves timing on the net.
INFO: [Physopt 32-619] Estimated Timing Summary | WNS=-3.761 | TNS=-73.259 |
INFO: [Physopt 32-662] Processed net distance_cm[3]_i_18_n_0.  Did not re-place instance distance_cm[3]_i_18
INFO: [Physopt 32-572] Net distance_cm[3]_i_18_n_0 was not replicated.
Resolution: phys_opt_design can be forced to replicate a net driver using the option -force_replication_on_nets <list of net objects>.
INFO: [Physopt 32-702] Processed net distance_cm[3]_i_18_n_0. Optimizations did not improve timing on the net.
INFO: [Physopt 32-662] Processed net distance_cm[3]_i_47_n_0.  Did not re-place instance distance_cm[3]_i_47
INFO: [Physopt 32-134] Processed net distance_cm[3]_i_47_n_0. Rewiring did not optimize the net.
INFO: [Physopt 32-572] Net distance_cm[3]_i_47_n_0 was not replicated.
Resolution: phys_opt_design can be forced to replicate a net driver using the option -force_replication_on_nets <list of net objects>.
INFO: [Physopt 32-702] Processed net distance_cm[3]_i_47_n_0. Optimizations did not improve timing on the net.
INFO: [Physopt 32-702] Processed net U_ULTRASONIC/echo_counter_reg[14]_1[1]. Optimizations did not improve timing on the net.
INFO: [Physopt 32-702] Processed net U_ULTRASONIC/distance_cm_reg[3]_i_81_n_0. Optimizations did not improve timing on the net.
INFO: [Physopt 32-702] Processed net U_ULTRASONIC/distance_cm_reg[3]_i_122_n_0. Optimizations did not improve timing on the net.
INFO: [Physopt 32-702] Processed net U_ULTRASONIC/distance_cm_reg[3]_i_163_n_0. Optimizations did not improve timing on the net.
INFO: [Physopt 32-735] Processed net U_ULTRASONIC/distance_cm[3]_i_206_n_0. Optimization improves timing on the net.
INFO: [Physopt 32-619] Estimated Timing Summary | WNS=-3.755 | TNS=-73.163 |
INFO: [Physopt 32-702] Processed net U_ULTRASONIC/echo_counter_reg[22]_0[0]. Optimizations did not improve timing on the net.
INFO: [Physopt 32-702] Processed net U_ULTRASONIC/distance_cm_reg[3]_i_45_n_0. Optimizations did not improve timing on the net.
INFO: [Physopt 32-702] Processed net U_ULTRASONIC/distance_cm_reg[3]_i_86_n_0. Optimizations did not improve timing on the net.
INFO: [Physopt 32-702] Processed net U_ULTRASONIC/distance_cm_reg[3]_i_127_n_0. Optimizations did not improve timing on the net.
INFO: [Physopt 32-702] Processed net U_ULTRASONIC/distance_cm_reg[3]_i_167_n_0. Optimizations did not improve timing on the net.
INFO: [Physopt 32-702] Processed net U_ULTRASONIC/distance_cm_reg[3]_i_200_n_0. Optimizations did not improve timing on the net.
INFO: [Physopt 32-702] Processed net U_ULTRASONIC/distance_cm[3]_i_236_n_0. Optimizations did not improve timing on the net.
INFO: [Physopt 32-702] Processed net U_ULTRASONIC/p_0_in[11]. Optimizations did not improve timing on the net.
INFO: [Physopt 32-702] Processed net clk_IBUF. Optimizations did not improve timing on the net.
INFO: [Physopt 32-702] Processed net clk. Optimizations did not improve timing on the net.
INFO: [Physopt 32-702] Processed net U_ULTRASONIC/distance_cm_reg_n_0_[11]. Optimizations did not improve timing on the net.
INFO: [Physopt 32-662] Processed net U_ULTRASONIC/echo_counter_reg_n_0_[1]_repN.  Did not re-place instance U_ULTRASONIC/echo_counter_reg[1]_replica
INFO: [Physopt 32-702] Processed net U_ULTRASONIC/echo_counter_reg_n_0_[1]_repN. Optimizations did not improve timing on the net.
INFO: [Physopt 32-702] Processed net U_ULTRASONIC/distance_cm_reg[19]_i_4_n_3. Optimizations did not improve timing on the net.
INFO: [Physopt 32-702] Processed net U_ULTRASONIC/distance_cm[19]_i_35_n_0. Optimizations did not improve timing on the net.
INFO: [Physopt 32-702] Processed net distance_cm_reg[19]_i_17_n_5. Optimizations did not improve timing on the net.
INFO: [Physopt 32-702] Processed net distance_cm[19]_i_111_n_0. Optimizations did not improve timing on the net.
INFO: [Physopt 32-662] Processed net distance_cm[19]_i_107_n_0_repN_1.  Did not re-place instance distance_cm[19]_i_107_comp_1
INFO: [Physopt 32-702] Processed net distance_cm[19]_i_107_n_0_repN_1. Optimizations did not improve timing on the net.
INFO: [Physopt 32-702] Processed net distance_cm_reg[19]_i_116_n_6. Optimizations did not improve timing on the net.
INFO: [Physopt 32-662] Processed net distance_cm[19]_i_179_n_0.  Did not re-place instance distance_cm[19]_i_179
INFO: [Physopt 32-702] Processed net distance_cm[19]_i_179_n_0. Optimizations did not improve timing on the net.
INFO: [Physopt 32-702] Processed net U_ULTRASONIC/distance_cm[7]_i_11_0[0]. Optimizations did not improve timing on the net.
INFO: [Physopt 32-662] Processed net distance_cm[3]_i_18_n_0.  Did not re-place instance distance_cm[3]_i_18
INFO: [Physopt 32-702] Processed net distance_cm[3]_i_18_n_0. Optimizations did not improve timing on the net.
INFO: [Physopt 32-662] Processed net distance_cm[3]_i_47_n_0.  Did not re-place instance distance_cm[3]_i_47
INFO: [Physopt 32-702] Processed net distance_cm[3]_i_47_n_0. Optimizations did not improve timing on the net.
INFO: [Physopt 32-702] Processed net U_ULTRASONIC/echo_counter_reg[22]_0[0]. Optimizations did not improve timing on the net.
INFO: [Physopt 32-702] Processed net U_ULTRASONIC/distance_cm[3]_i_236_n_0. Optimizations did not improve timing on the net.
INFO: [Physopt 32-702] Processed net U_ULTRASONIC/p_0_in[11]. Optimizations did not improve timing on the net.
INFO: [Physopt 32-702] Processed net clk_IBUF. Optimizations did not improve timing on the net.
INFO: [Physopt 32-702] Processed net clk. Optimizations did not improve timing on the net.
INFO: [Physopt 32-619] Estimated Timing Summary | WNS=-3.755 | TNS=-73.163 |
Phase 3 Critical Path Optimization | Checksum: 19a3045df

Time (s): cpu = 00:00:10 ; elapsed = 00:00:07 . Memory (MB): peak = 1770.070 ; gain = 0.000

Phase 4 Critical Path Optimization
INFO: [Physopt 32-619] Estimated Timing Summary | WNS=-3.755 | TNS=-73.163 |
INFO: [Physopt 32-702] Processed net U_ULTRASONIC/distance_cm_reg_n_0_[11]. Optimizations did not improve timing on the net.
INFO: [Physopt 32-572] Net U_ULTRASONIC/echo_counter_reg_n_0_[1]_repN was not replicated.
Resolution: phys_opt_design can be forced to replicate a net driver using the option -force_replication_on_nets <list of net objects>.
INFO: [Physopt 32-662] Processed net U_ULTRASONIC/echo_counter_reg_n_0_[1]_repN.  Did not re-place instance U_ULTRASONIC/echo_counter_reg[1]_replica
INFO: [Physopt 32-572] Net U_ULTRASONIC/echo_counter_reg_n_0_[1]_repN was not replicated.
Resolution: phys_opt_design can be forced to replicate a net driver using the option -force_replication_on_nets <list of net objects>.
INFO: [Physopt 32-702] Processed net U_ULTRASONIC/echo_counter_reg_n_0_[1]_repN. Optimizations did not improve timing on the net.
INFO: [Physopt 32-702] Processed net U_ULTRASONIC/distance_cm_reg[19]_i_4_n_3. Optimizations did not improve timing on the net.
INFO: [Physopt 32-702] Processed net U_ULTRASONIC/distance_cm_reg[19]_i_14_n_0. Optimizations did not improve timing on the net.
INFO: [Physopt 32-702] Processed net U_ULTRASONIC/distance_cm[19]_i_35_n_0. Optimizations did not improve timing on the net.
INFO: [Physopt 32-702] Processed net distance_cm_reg[19]_i_17_n_5. Optimizations did not improve timing on the net.
INFO: [Physopt 32-702] Processed net distance_cm_reg[19]_i_37_n_0. Optimizations did not improve timing on the net.
INFO: [Physopt 32-702] Processed net distance_cm_reg[19]_i_76_n_0. Optimizations did not improve timing on the net.
INFO: [Physopt 32-702] Processed net distance_cm[19]_i_111_n_0. Optimizations did not improve timing on the net.
INFO: [Physopt 32-662] Processed net distance_cm[19]_i_107_n_0_repN_1.  Did not re-place instance distance_cm[19]_i_107_comp_1
INFO: [Physopt 32-702] Processed net distance_cm[19]_i_107_n_0_repN_1. Optimizations did not improve timing on the net.
INFO: [Physopt 32-702] Processed net distance_cm_reg[19]_i_116_n_6. Optimizations did not improve timing on the net.
INFO: [Physopt 32-702] Processed net distance_cm_reg[19]_i_146_n_0. Optimizations did not improve timing on the net.
INFO: [Physopt 32-662] Processed net distance_cm[19]_i_179_n_0.  Did not re-place instance distance_cm[19]_i_179
INFO: [Physopt 32-702] Processed net distance_cm[19]_i_179_n_0. Optimizations did not improve timing on the net.
INFO: [Physopt 32-702] Processed net U_ULTRASONIC/distance_cm[7]_i_11_0[0]. Optimizations did not improve timing on the net.
INFO: [Physopt 32-702] Processed net U_ULTRASONIC/distance_cm_reg[3]_i_2_n_0. Optimizations did not improve timing on the net.
INFO: [Physopt 32-702] Processed net U_ULTRASONIC/distance_cm_reg[3]_i_4_n_0. Optimizations did not improve timing on the net.
INFO: [Physopt 32-662] Processed net distance_cm[3]_i_18_n_0.  Did not re-place instance distance_cm[3]_i_18
INFO: [Physopt 32-572] Net distance_cm[3]_i_18_n_0 was not replicated.
Resolution: phys_opt_design can be forced to replicate a net driver using the option -force_replication_on_nets <list of net objects>.
INFO: [Physopt 32-702] Processed net distance_cm[3]_i_18_n_0. Optimizations did not improve timing on the net.
INFO: [Physopt 32-662] Processed net distance_cm[3]_i_47_n_0.  Did not re-place instance distance_cm[3]_i_47
INFO: [Physopt 32-134] Processed net distance_cm[3]_i_47_n_0. Rewiring did not optimize the net.
INFO: [Physopt 32-572] Net distance_cm[3]_i_47_n_0 was not replicated.
Resolution: phys_opt_design can be forced to replicate a net driver using the option -force_replication_on_nets <list of net objects>.
INFO: [Physopt 32-702] Processed net distance_cm[3]_i_47_n_0. Optimizations did not improve timing on the net.
INFO: [Physopt 32-702] Processed net U_ULTRASONIC/echo_counter_reg[22]_0[0]. Optimizations did not improve timing on the net.
INFO: [Physopt 32-702] Processed net U_ULTRASONIC/distance_cm_reg[3]_i_45_n_0. Optimizations did not improve timing on the net.
INFO: [Physopt 32-702] Processed net U_ULTRASONIC/distance_cm_reg[3]_i_86_n_0. Optimizations did not improve timing on the net.
INFO: [Physopt 32-702] Processed net U_ULTRASONIC/distance_cm_reg[3]_i_127_n_0. Optimizations did not improve timing on the net.
INFO: [Physopt 32-702] Processed net U_ULTRASONIC/distance_cm_reg[3]_i_167_n_0. Optimizations did not improve timing on the net.
INFO: [Physopt 32-702] Processed net U_ULTRASONIC/distance_cm_reg[3]_i_200_n_0. Optimizations did not improve timing on the net.
INFO: [Physopt 32-702] Processed net U_ULTRASONIC/distance_cm[3]_i_236_n_0. Optimizations did not improve timing on the net.
INFO: [Physopt 32-702] Processed net U_ULTRASONIC/p_0_in[11]. Optimizations did not improve timing on the net.
INFO: [Physopt 32-702] Processed net clk_IBUF. Optimizations did not improve timing on the net.
INFO: [Physopt 32-702] Processed net clk. Optimizations did not improve timing on the net.
INFO: [Physopt 32-702] Processed net U_ULTRASONIC/distance_cm_reg_n_0_[11]. Optimizations did not improve timing on the net.
INFO: [Physopt 32-662] Processed net U_ULTRASONIC/echo_counter_reg_n_0_[1]_repN.  Did not re-place instance U_ULTRASONIC/echo_counter_reg[1]_replica
INFO: [Physopt 32-702] Processed net U_ULTRASONIC/echo_counter_reg_n_0_[1]_repN. Optimizations did not improve timing on the net.
INFO: [Physopt 32-702] Processed net U_ULTRASONIC/distance_cm_reg[19]_i_4_n_3. Optimizations did not improve timing on the net.
INFO: [Physopt 32-702] Processed net U_ULTRASONIC/distance_cm[19]_i_35_n_0. Optimizations did not improve timing on the net.
INFO: [Physopt 32-702] Processed net distance_cm_reg[19]_i_17_n_5. Optimizations did not improve timing on the net.
INFO: [Physopt 32-702] Processed net distance_cm[19]_i_111_n_0. Optimizations did not improve timing on the net.
INFO: [Physopt 32-662] Processed net distance_cm[19]_i_107_n_0_repN_1.  Did not re-place instance distance_cm[19]_i_107_comp_1
INFO: [Physopt 32-702] Processed net distance_cm[19]_i_107_n_0_repN_1. Optimizations did not improve timing on the net.
INFO: [Physopt 32-702] Processed net distance_cm_reg[19]_i_116_n_6. Optimizations did not improve timing on the net.
INFO: [Physopt 32-662] Processed net distance_cm[19]_i_179_n_0.  Did not re-place instance distance_cm[19]_i_179
INFO: [Physopt 32-702] Processed net distance_cm[19]_i_179_n_0. Optimizations did not improve timing on the net.
INFO: [Physopt 32-702] Processed net U_ULTRASONIC/distance_cm[7]_i_11_0[0]. Optimizations did not improve timing on the net.
INFO: [Physopt 32-662] Processed net distance_cm[3]_i_18_n_0.  Did not re-place instance distance_cm[3]_i_18
INFO: [Physopt 32-702] Processed net distance_cm[3]_i_18_n_0. Optimizations did not improve timing on the net.
INFO: [Physopt 32-662] Processed net distance_cm[3]_i_47_n_0.  Did not re-place instance distance_cm[3]_i_47
INFO: [Physopt 32-702] Processed net distance_cm[3]_i_47_n_0. Optimizations did not improve timing on the net.
INFO: [Physopt 32-702] Processed net U_ULTRASONIC/echo_counter_reg[22]_0[0]. Optimizations did not improve timing on the net.
INFO: [Physopt 32-702] Processed net U_ULTRASONIC/distance_cm[3]_i_236_n_0. Optimizations did not improve timing on the net.
INFO: [Physopt 32-702] Processed net U_ULTRASONIC/p_0_in[11]. Optimizations did not improve timing on the net.
INFO: [Physopt 32-702] Processed net clk_IBUF. Optimizations did not improve timing on the net.
INFO: [Physopt 32-702] Processed net clk. Optimizations did not improve timing on the net.
INFO: [Physopt 32-619] Estimated Timing Summary | WNS=-3.755 | TNS=-73.163 |
Phase 4 Critical Path Optimization | Checksum: 19a3045df

Time (s): cpu = 00:00:11 ; elapsed = 00:00:08 . Memory (MB): peak = 1770.070 ; gain = 0.000
Netlist sorting complete. Time (s): cpu = 00:00:00 ; elapsed = 00:00:00.005 . Memory (MB): peak = 1770.070 ; gain = 0.000
INFO: [Physopt 32-603] Post Physical Optimization Timing Summary | WNS=-3.755 | TNS=-73.163 |

Summary of Physical Synthesis Optimizations
============================================


-------------------------------------------------------------------------------------------------------------------------------------------------------------
|  Optimization   |  WNS Gain (ns)  |  TNS Gain (ns)  |  Added Cells  |  Removed Cells  |  Optimized Cells/Nets  |  Dont Touch  |  Iterations  |  Elapsed   |
-------------------------------------------------------------------------------------------------------------------------------------------------------------
|  DSP Register   |          0.000  |          0.000  |            0  |              0  |                     0  |           0  |           1  |  00:00:00  |
|  Critical Path  |          0.523  |         10.476  |           40  |              0  |                    52  |           0  |           2  |  00:00:07  |
|  Total          |          0.523  |         10.476  |           40  |              0  |                    52  |           0  |           3  |  00:00:07  |
-------------------------------------------------------------------------------------------------------------------------------------------------------------


Netlist sorting complete. Time (s): cpu = 00:00:00 ; elapsed = 00:00:00 . Memory (MB): peak = 1770.070 ; gain = 0.000
Ending Physical Synthesis Task | Checksum: 1b38a7629

Time (s): cpu = 00:00:11 ; elapsed = 00:00:08 . Memory (MB): peak = 1770.070 ; gain = 0.000
INFO: [Common 17-83] Releasing license: Implementation
416 Infos, 13 Warnings, 11 Critical Warnings and 0 Errors encountered.
phys_opt_design completed successfully
phys_opt_design: Time (s): cpu = 00:00:11 ; elapsed = 00:00:08 . Memory (MB): peak = 1770.070 ; gain = 0.000
INFO: [Timing 38-480] Writing timing data to binary archive.
Writing placer database...
Writing XDEF routing.
Writing XDEF routing logical nets.
Writing XDEF routing special nets.
Write XDEF Complete: Time (s): cpu = 00:00:00 ; elapsed = 00:00:00.097 . Memory (MB): peak = 1770.070 ; gain = 0.000
INFO: [Common 17-1381] The checkpoint 'C:/Users/parkj/250325_Uart_Sensor-1/project_3/project_3.runs/impl_1/top_stopwatch_physopt.dcp' has been generated.
Command: route_design
Attempting to get a license for feature 'Implementation' and/or device 'xc7a35t'
INFO: [Common 17-349] Got license for feature 'Implementation' and/or device 'xc7a35t'
INFO: [DRC 23-27] Running DRC with 2 threads
INFO: [Vivado_Tcl 4-198] DRC finished with 0 Errors
INFO: [Vivado_Tcl 4-199] Please refer to the DRC report (report_drc) for more information.
Running DRC as a precondition to command route_design
INFO: [DRC 23-27] Running DRC with 2 threads
INFO: [Vivado_Tcl 4-198] DRC finished with 0 Errors
INFO: [Vivado_Tcl 4-199] Please refer to the DRC report (report_drc) for more information.


Starting Routing Task
INFO: [Route 35-254] Multithreading enabled for route_design using a maximum of 2 CPUs
Checksum: PlaceDB: 6dd27bbd ConstDB: 0 ShapeSum: 9d0e15e6 RouteDB: 0

Phase 1 Build RT Design
Phase 1 Build RT Design | Checksum: 13879cb51

Time (s): cpu = 00:00:10 ; elapsed = 00:00:09 . Memory (MB): peak = 1867.980 ; gain = 84.016
Post Restoration Checksum: NetGraph: 8995eb64 NumContArr: aee3dfed Constraints: 0 Timing: 0

Phase 2 Router Initialization

Phase 2.1 Create Timer
Phase 2.1 Create Timer | Checksum: 13879cb51

Time (s): cpu = 00:00:10 ; elapsed = 00:00:09 . Memory (MB): peak = 1867.980 ; gain = 84.016

Phase 2.2 Fix Topology Constraints
Phase 2.2 Fix Topology Constraints | Checksum: 13879cb51

Time (s): cpu = 00:00:10 ; elapsed = 00:00:09 . Memory (MB): peak = 1873.965 ; gain = 90.000

Phase 2.3 Pre Route Cleanup
Phase 2.3 Pre Route Cleanup | Checksum: 13879cb51

Time (s): cpu = 00:00:10 ; elapsed = 00:00:09 . Memory (MB): peak = 1873.965 ; gain = 90.000
 Number of Nodes with overlaps = 0

Phase 2.4 Update Timing
Phase 2.4 Update Timing | Checksum: 1f7d0c41a

Time (s): cpu = 00:00:10 ; elapsed = 00:00:09 . Memory (MB): peak = 1881.914 ; gain = 97.949
INFO: [Route 35-416] Intermediate Timing Summary | WNS=-3.593 | TNS=-69.883| WHS=-0.144 | THS=-20.808|

Phase 2 Router Initialization | Checksum: 2a549815e

Time (s): cpu = 00:00:11 ; elapsed = 00:00:10 . Memory (MB): peak = 1881.914 ; gain = 97.949

Router Utilization Summary
  Global Vertical Routing Utilization    = 0.000239177 %
  Global Horizontal Routing Utilization  = 0 %
  Routable Net Status*
  *Does not include unroutable nets such as driverless and loadless.
  Run report_route_status for detailed report.
  Number of Failed Nets               = 1921
    (Failed Nets is the sum of unrouted and partially routed nets)
  Number of Unrouted Nets             = 1920
  Number of Partially Routed Nets     = 1
  Number of Node Overlaps             = 0


Phase 3 Initial Routing

Phase 3.1 Global Routing
Phase 3.1 Global Routing | Checksum: 2a549815e

Time (s): cpu = 00:00:11 ; elapsed = 00:00:10 . Memory (MB): peak = 1884.418 ; gain = 100.453
Phase 3 Initial Routing | Checksum: 1239e3b65

Time (s): cpu = 00:00:11 ; elapsed = 00:00:10 . Memory (MB): peak = 1884.418 ; gain = 100.453

Phase 4 Rip-up And Reroute

Phase 4.1 Global Iteration 0
 Number of Nodes with overlaps = 899
 Number of Nodes with overlaps = 514
 Number of Nodes with overlaps = 324
 Number of Nodes with overlaps = 208
 Number of Nodes with overlaps = 86
 Number of Nodes with overlaps = 37
 Number of Nodes with overlaps = 16
 Number of Nodes with overlaps = 4
 Number of Nodes with overlaps = 3
 Number of Nodes with overlaps = 1
 Number of Nodes with overlaps = 0
INFO: [Route 35-416] Intermediate Timing Summary | WNS=-5.898 | TNS=-114.490| WHS=N/A    | THS=N/A    |

Phase 4.1 Global Iteration 0 | Checksum: 1141b7a0f

Time (s): cpu = 00:00:17 ; elapsed = 00:00:14 . Memory (MB): peak = 1884.418 ; gain = 100.453

Phase 4.2 Global Iteration 1
 Number of Nodes with overlaps = 492
 Number of Nodes with overlaps = 248
 Number of Nodes with overlaps = 168
 Number of Nodes with overlaps = 85
 Number of Nodes with overlaps = 64
 Number of Nodes with overlaps = 22
 Number of Nodes with overlaps = 13
 Number of Nodes with overlaps = 4
 Number of Nodes with overlaps = 2
 Number of Nodes with overlaps = 1
 Number of Nodes with overlaps = 0
INFO: [Route 35-416] Intermediate Timing Summary | WNS=-5.540 | TNS=-107.357| WHS=N/A    | THS=N/A    |

Phase 4.2 Global Iteration 1 | Checksum: 1c5ac4a2c

Time (s): cpu = 00:00:21 ; elapsed = 00:00:17 . Memory (MB): peak = 1884.418 ; gain = 100.453

Phase 4.3 Global Iteration 2
 Number of Nodes with overlaps = 457
