#-----------------------------------------------------------
# Vivado v2020.2 (64-bit)
# SW Build 3064766 on Wed Nov 18 09:12:45 MST 2020
# IP Build 3064653 on Wed Nov 18 14:17:31 MST 2020
# Start of session at: Thu Mar 27 03:10:02 2025
# Process ID: 2520
# Current directory: C:/Users/parkj/Desktop/250325_Uart_Sensor/project_2
# Command line: vivado.exe -gui_launcher_event rodinguilauncherevent14440 C:\Users\parkj\Desktop\250325_Uart_Sensor\project_2\project_2.xpr
# Log file: C:/Users/parkj/Desktop/250325_Uart_Sensor/project_2/vivado.log
# Journal file: C:/Users/parkj/Desktop/250325_Uart_Sensor/project_2\vivado.jou
#-----------------------------------------------------------
start_gui
open_project C:/Users/parkj/Desktop/250325_Uart_Sensor/project_2/project_2.xpr
WARNING: [filemgmt 56-3] Board Part Repository Path: Could not find the directory 'C:/Users/AppData/Roaming/Xilinx/Vivado/2020.2/xhub/board_store/xilinx_board_store'.
WARNING: [filemgmt 56-3] Default IP Output Path : Could not find the directory 'C:/Users/parkj/Desktop/250325_Uart_Sensor/project_2/project_2.gen/sources_1'.
Scanning sources...
Finished scanning sources
INFO: [IP_Flow 19-234] Refreshing IP repositories
INFO: [IP_Flow 19-1704] No user IP repositories specified
INFO: [IP_Flow 19-2313] Loaded Vivado IP repository 'C:/migtell/Vivado/2020.2/data/ip'.
update_compile_order -fileset sources_1
reset_run synth_1
launch_runs impl_1 -to_step write_bitstream -jobs 8
[Thu Mar 27 03:16:01 2025] Launched synth_1...
Run output will be captured here: C:/Users/parkj/Desktop/250325_Uart_Sensor/project_2/project_2.runs/synth_1/runme.log
[Thu Mar 27 03:16:01 2025] Launched impl_1...
Run output will be captured here: C:/Users/parkj/Desktop/250325_Uart_Sensor/project_2/project_2.runs/impl_1/runme.log
reset_run impl_1 -prev_step 
